<table width="100%" border="1"><thead>
		    <tr>
			<td colspan="5" align="center">
			    <h2><b>Reporte de entrada del personal del turno: 2, del Jueves 20-04-2023</b></h2>
			</td>
		    </tr>
			</thead>
				</table>
			<br><br><table width="100%" border="1" style="font-size:12px">
		    <tr style="background-color:#c8190d;color:#ffffff;">
			<th colspan="5" align="center"><b>Consultoría Jurídica                    </b></th>
		    </tr>
                    <tr>
                        <th width="5%">#</th>
                        <th width="10%">Cedula</th>
                        <th width="30%">Nombre</th>
                        <th width="45%">Cargo</th>
                        <th width="10%">Hora</th>
                    </tr> 
        	<tbody><tr style="background-color:#dadae4;"><td>1</td><td>18078293</td><td>MENESES B, ELEANNY</td><td>ASISTENTE LEGAL I</td><td>06:59:08</td></tr><tr><td width="5%">2</td><td width="10%">14726472</td><td width="30%">ESCOBAR V, MARIA</td><td width="45%">ABOGADO ESPECIALISTA</td><td width="10%">06:45:44</td></tr><tr><td colspan="5"><b>Total por Consultoría Jurídica                    : 2</b></td></tr> </tbody>
		               		 </table><br><br><table width="100%" border="1" style="font-size:12px"><thead>
        		            <tr style="background-color:#c8190d;color:#ffffff;">
		                        <td colspan="5" align="center"><b>Gcia Relaciones Instit y Desarrollo Endo</b></td>
                		    </tr>
		                    <tr>                	        	
                                      <th width="5%">#</th>
                        		<th width="10%">Cedula</th>
	        	                <th width="30%">Nombre</th>
        		                <th width="45%">Cargo</th>
	                	        <th width="10%">Hora</th>
		                   </tr>
                		</thead>
		                <tbody><tr style="background-color:#dadae4;"><td width="5%">1</td><td width="10%">13336162</td><td width="30%">RODRIGUEZ G, MARIJEIDYS</td><td width="45%">COORDINADOR RELACIONES INSTITUCIONALES</td><td width="10%">07:03:52</td></tr><tr><td width="5%">2</td><td width="10%">12126914</td><td width="30%">BETANCOURT B, CARLOS</td><td width="45%">ANALISTA DE COMUNICACIONES I</td><td width="10%">07:03:35</td></tr><tr style="background-color:#dadae4;"><td width="5%">3</td><td width="10%">9948087</td><td width="30%">CORVO B, JOSE</td><td width="45%">COORDINADOR DE DESARROLLO ENDOGENO</td><td width="10%">06:56:30</td></tr><tr><td width="5%">4</td><td width="10%">7843034</td><td width="30%">ROJAS V, EDWIN</td><td width="45%">GERENTE DE RELACIONES INST Y DRLLO ENDOG</td><td width="10%">06:11:43</td></tr><tr><td colspan="5"><b>Total por Gcia Relaciones Instit y Desarrollo Endo: 4</b></td></tr> </tbody>
		               		 </table><br><br><table width="100%" border="1" style="font-size:12px"><thead>
        		            <tr style="background-color:#c8190d;color:#ffffff;">
		                        <td colspan="5" align="center"><b>Gcia Seg Patrimonial                    </b></td>
                		    </tr>
		                    <tr>                	        	
                                      <th width="5%">#</th>
                        		<th width="10%">Cedula</th>
	        	                <th width="30%">Nombre</th>
        		                <th width="45%">Cargo</th>
	                	        <th width="10%">Hora</th>
		                   </tr>
                		</thead>
		                <tbody><tr style="background-color:#dadae4;"><td width="5%">1</td><td width="10%">15372113</td><td width="30%">VILLENA M, CRISTINA</td><td width="45%">RECEPCIONISTA</td><td width="10%">06:56:42</td></tr><tr><td width="5%">2</td><td width="10%">11633309</td><td width="30%">MORENO T, WUILMER</td><td width="45%">ESPECIALISTA INVESTIGACION PATRIMONIAL</td><td width="10%">07:25:46</td></tr><tr style="background-color:#dadae4;"><td width="5%">3</td><td width="10%">26770960</td><td width="30%">LOGAN S, RIDER</td><td width="45%">INSPECTOR DE CONTROL DE MONITOREO I</td><td width="10%">05:51:43</td></tr><tr><td width="5%">4</td><td width="10%">18338856</td><td width="30%">FARIAS B, ADRIAN</td><td width="45%">INSPECTOR DE PROTECCION DE PLANTA I</td><td width="10%">05:51:39</td></tr><tr style="background-color:#dadae4;"><td width="5%">5</td><td width="10%">19803668</td><td width="30%">PINTO R, YOJAN</td><td width="45%">INSPECTOR DE PROTECCION DE PLANTA I</td><td width="10%">05:51:31</td></tr><tr><td width="5%">6</td><td width="10%">12645083</td><td width="30%">MORENO G, LUIS</td><td width="45%">INSPECTOR DE PROTECCION DE PLANTA I</td><td width="10%">05:51:26</td></tr><tr style="background-color:#dadae4;"><td width="5%">7</td><td width="10%">26623626</td><td width="30%">MATA B, LEONEL</td><td width="45%">INSPECTOR DE PROTECCION DE PLANTA I</td><td width="10%">05:51:20</td></tr><tr><td width="5%">8</td><td width="10%">14635701</td><td width="30%">PERALES M, OSWALDO</td><td width="45%">INSPECTOR DE PROTECCION DE PLANTA I</td><td width="10%">05:51:19</td></tr><tr style="background-color:#dadae4;"><td width="5%">9</td><td width="10%">13994332</td><td width="30%">SANCHEZ D, JOSE</td><td width="45%">INSPECTOR DE PROTECCION DE PLANTA I</td><td width="10%">05:46:18</td></tr><tr><td colspan="5"><b>Total por Gcia Seg Patrimonial                    : 9</b></td></tr> </tbody>
		               		 </table><br><br><table width="100%" border="1" style="font-size:12px"><thead>
        		            <tr style="background-color:#c8190d;color:#ffffff;">
		                        <td colspan="5" align="center"><b>Gerencia de Seguridad y Salud Laboral   </b></td>
                		    </tr>
		                    <tr>                	        	
                                      <th width="5%">#</th>
                        		<th width="10%">Cedula</th>
	        	                <th width="30%">Nombre</th>
        		                <th width="45%">Cargo</th>
	                	        <th width="10%">Hora</th>
		                   </tr>
                		</thead>
		                <tbody><tr style="background-color:#dadae4;"><td width="5%">1</td><td width="10%">15969267</td><td width="30%">CEDE?O M, MELISSA</td><td width="45%">COORDINADOR DE GESTION AMBIENTAL</td><td width="10%">07:06:38</td></tr><tr><td width="5%">2</td><td width="10%">13911488</td><td width="30%">MILLAN, ERNESTO</td><td width="45%">OPERADOR  DE CONTROL DE EMERGENCIA I</td><td width="10%">07:03:32</td></tr><tr style="background-color:#dadae4;"><td width="5%">3</td><td width="10%">16024589</td><td width="30%">FLORES P, ANDRES</td><td width="45%">TECNICO DE CONTROL DE EMERGENCIAS I</td><td width="10%">06:59:23</td></tr><tr><td width="5%">4</td><td width="10%">15520728</td><td width="30%">LEZAMA G, JUAN</td><td width="45%">ASISTENTE DE GESTION AMBIENTAL</td><td width="10%">06:58:20</td></tr><tr style="background-color:#dadae4;"><td width="5%">5</td><td width="10%">13335313</td><td width="30%">ROSAL D, REINALDO</td><td width="45%">JEFE DE HIGIENE SEGURIDAD Y SALUD (E)</td><td width="10%">07:33:54</td></tr><tr><td width="5%">6</td><td width="10%">16025275</td><td width="30%">FUENTES C, ROSA</td><td width="45%">COORDINADOR  DE GESTION</td><td width="10%">07:17:12</td></tr><tr style="background-color:#dadae4;"><td width="5%">7</td><td width="10%">15231576</td><td width="30%">MEZA R, MARIA</td><td width="45%">GERENTE DE  SEGURIDAD Y SALUD LABORAL</td><td width="10%">07:03:03</td></tr><tr><td width="5%">8</td><td width="10%">19041615</td><td width="30%">GRANADO C, EUCARIS</td><td width="45%">ENFERMERA I</td><td width="10%">06:50:48</td></tr><tr style="background-color:#dadae4;"><td width="5%">9</td><td width="10%">12214486</td><td width="30%">VELASQUEZ M, DANIRZA</td><td width="45%">ENFERMERA I</td><td width="10%">06:50:08</td></tr><tr><td colspan="5"><b>Total por Gerencia de Seguridad y Salud Laboral   : 9</b></td></tr> </tbody>
		               		 </table><br><br><table width="100%" border="1" style="font-size:12px"><thead>
        		            <tr style="background-color:#c8190d;color:#ffffff;">
		                        <td colspan="5" align="center"><b>Presidencia                             </b></td>
                		    </tr>
		                    <tr>                	        	
                                      <th width="5%">#</th>
                        		<th width="10%">Cedula</th>
	        	                <th width="30%">Nombre</th>
        		                <th width="45%">Cargo</th>
	                	        <th width="10%">Hora</th>
		                   </tr>
                		</thead>
		                <tbody><tr style="background-color:#dadae4;"><td width="5%">1</td><td width="10%">14986634</td><td width="30%">MONTA?O Y, MARY</td><td width="45%">SECRETARIA</td><td width="10%">07:02:25</td></tr><tr><td colspan="5"><b>Total por Presidencia                             : 1</b></td></tr> </tbody>
		               		 </table><br><br><table width="100%" border="1" style="font-size:12px"><thead>
        		            <tr style="background-color:#c8190d;color:#ffffff;">
		                        <td colspan="5" align="center"><b>Gcia. de Operaciones y Procesos         </b></td>
                		    </tr>
		                    <tr>                	        	
                                      <th width="5%">#</th>
                        		<th width="10%">Cedula</th>
	        	                <th width="30%">Nombre</th>
        		                <th width="45%">Cargo</th>
	                	        <th width="10%">Hora</th>
		                   </tr>
                		</thead>
		                <tbody><tr style="background-color:#dadae4;"><td width="5%">1</td><td width="10%">4028944</td><td width="30%">SANCHEZ R, WILFREDO</td><td width="45%">JEFE DE PLANTA.</td><td width="10%">07:07:23</td></tr><tr><td width="5%">2</td><td width="10%">15511356</td><td width="30%">RIVILLO C, MANUEL</td><td width="45%">OPERADOR DE MANEJO DE PRODUCTOS III</td><td width="10%">07:07:11</td></tr><tr style="background-color:#dadae4;"><td width="5%">3</td><td width="10%">12595921</td><td width="30%">GIL B, LUIS</td><td width="45%">OPERADOR DE BRIQUETEADORA I</td><td width="10%">07:03:29</td></tr><tr><td width="5%">4</td><td width="10%">16844273</td><td width="30%">SANDOVAL, JOSE</td><td width="45%">OPERADOR DE BRIQUETEADORA III</td><td width="10%">07:00:31</td></tr><tr style="background-color:#dadae4;"><td width="5%">5</td><td width="10%">12003269</td><td width="30%">MENDEZ, OMAR</td><td width="45%">OPERADOR DE SERVICIOS AUXILIARES II</td><td width="10%">07:00:22</td></tr><tr><td width="5%">6</td><td width="10%">13730437</td><td width="30%">ALIENDRES A, DONAD</td><td width="45%">OPERADOR DE SERVICIOS AUXILIARES III</td><td width="10%">06:59:48</td></tr><tr style="background-color:#dadae4;"><td width="5%">7</td><td width="10%">14505453</td><td width="30%">GIL S, JULIO</td><td width="45%">OPERADOR DE REDUCCION I</td><td width="10%">06:59:13</td></tr><tr><td width="5%">8</td><td width="10%">15429370</td><td width="30%">GARCIA V, GELSON</td><td width="45%">OPERADOR DE REFORMACION III</td><td width="10%">06:58:50</td></tr><tr style="background-color:#dadae4;"><td width="5%">9</td><td width="10%">13089192</td><td width="30%">ZABALA, CARLOS</td><td width="45%">OPERADOR SALA DE CONTROL I</td><td width="10%">06:57:59</td></tr><tr><td width="5%">10</td><td width="10%">8944548</td><td width="30%">MORENO A, YOEL</td><td width="45%">OPERADOR DE SERVICIOS AUXILIARES I</td><td width="10%">06:57:52</td></tr><tr style="background-color:#dadae4;"><td width="5%">11</td><td width="10%">10933722</td><td width="30%">QUINTANA P, JAME</td><td width="45%">ESPECIALISTA DE  SALA DE CONTROL</td><td width="10%">06:50:52</td></tr><tr><td width="5%">12</td><td width="10%">20885926</td><td width="30%">EURRESTA S, JHONATHAN</td><td width="45%">OPERADOR MANEJO DE MINERALES I</td><td width="10%">06:49:26</td></tr><tr style="background-color:#dadae4;"><td width="5%">13</td><td width="10%">19611921</td><td width="30%">ARREAZA F, RICARDO</td><td width="45%">INGENIERO DE PROCESOS</td><td width="10%">07:00:03</td></tr><tr><td width="5%">14</td><td width="10%">24040953</td><td width="30%">CARVAJAL M, MIGUEL</td><td width="45%">INGENIERO DE PROCESOS</td><td width="10%">06:59:17</td></tr><tr style="background-color:#dadae4;"><td width="5%">15</td><td width="10%">4028120</td><td width="30%">CEDE?O, JOSE</td><td width="45%">INGENIERO DE PROCESOS</td><td width="10%">06:51:17</td></tr><tr><td width="5%">16</td><td width="10%">18513429</td><td width="30%">GUTIERREZ B, FRANK</td><td width="45%">TECNICO DE MANEJO DE QUIMICOS I</td><td width="10%">06:50:12</td></tr><tr><td colspan="5"><b>Total por Gcia. de Operaciones y Procesos         : 16</b></td></tr> </tbody>
		               		 </table><br><br><table width="100%" border="1" style="font-size:12px"><thead>
        		            <tr style="background-color:#c8190d;color:#ffffff;">
		                        <td colspan="5" align="center"><b>Gerencia de Mantenimiento               </b></td>
                		    </tr>
		                    <tr>                	        	
                                      <th width="5%">#</th>
                        		<th width="10%">Cedula</th>
	        	                <th width="30%">Nombre</th>
        		                <th width="45%">Cargo</th>
	                	        <th width="10%">Hora</th>
		                   </tr>
                		</thead>
		                <tbody><tr style="background-color:#dadae4;"><td width="5%">1</td><td width="10%">13782025</td><td width="30%">MARTINEZ C, VICTOR</td><td width="45%">MECANICO I</td><td width="10%">07:32:55</td></tr><tr><td width="5%">2</td><td width="10%">8534626</td><td width="30%">RAMIREZ R, ROGER</td><td width="45%">MECANICO I</td><td width="10%">07:02:14</td></tr><tr style="background-color:#dadae4;"><td width="5%">3</td><td width="10%">14510357</td><td width="30%">RODRIGUEZ H, CLIVER</td><td width="45%">MECANICO I</td><td width="10%">06:58:43</td></tr><tr><td width="5%">4</td><td width="10%">20704942</td><td width="30%">HENRIQUEZ M, CARLOS</td><td width="45%">SUPERVISOR DE MANTENIMIENTO</td><td width="10%">06:58:33</td></tr><tr style="background-color:#dadae4;"><td width="5%">5</td><td width="10%">15099202</td><td width="30%">MIJARES E, JONATHAN</td><td width="45%">MECANICO SOLDADOR I</td><td width="10%">06:58:10</td></tr><tr><td width="5%">6</td><td width="10%">13981413</td><td width="30%">CLEMAT C, JONATHAN</td><td width="45%">MECANICO SOLDADOR I</td><td width="10%">06:57:39</td></tr><tr style="background-color:#dadae4;"><td width="5%">7</td><td width="10%">12556479</td><td width="30%">PACHECO, JUAN</td><td width="45%">MECANICO I</td><td width="10%">06:57:37</td></tr><tr><td width="5%">8</td><td width="10%">8471993</td><td width="30%">BRONT R, MIGUEL</td><td width="45%">MECANICO II</td><td width="10%">06:51:09</td></tr><tr style="background-color:#dadae4;"><td width="5%">9</td><td width="10%">11773703</td><td width="30%">JIMENEZ, DANIEL</td><td width="45%">MECANICO SOLDADOR I</td><td width="10%">06:50:16</td></tr><tr><td width="5%">10</td><td width="10%">8253971</td><td width="30%">ZAMORA C, EZEQUIEL</td><td width="45%">MECANICO SOLDADOR I</td><td width="10%">06:50:05</td></tr><tr style="background-color:#dadae4;"><td width="5%">11</td><td width="10%">13647129</td><td width="30%">SALAZAR H, LUIS</td><td width="45%">MECANICO I</td><td width="10%">06:49:51</td></tr><tr><td width="5%">12</td><td width="10%">16010755</td><td width="30%">LISBOA G, JEAN</td><td width="45%">MECANICO I</td><td width="10%">06:42:22</td></tr><tr style="background-color:#dadae4;"><td width="5%">13</td><td width="10%">11519796</td><td width="30%">SUBERO G, PEDRO</td><td width="45%">MECANICO I</td><td width="10%">06:42:10</td></tr><tr><td width="5%">14</td><td width="10%">12652268</td><td width="30%">TUNEZ P, ANTONIO</td><td width="45%">MECANICO II</td><td width="10%">06:42:00</td></tr><tr style="background-color:#dadae4;"><td width="5%">15</td><td width="10%">14505176</td><td width="30%">MEDINA P, CRUZ</td><td width="45%">MECANICO I</td><td width="10%">06:35:47</td></tr><tr><td width="5%">16</td><td width="10%">16617133</td><td width="30%">ROJAS R, YONIS</td><td width="45%">MECANICO SOLDADOR I</td><td width="10%">06:35:43</td></tr><tr style="background-color:#dadae4;"><td width="5%">17</td><td width="10%">25745690</td><td width="30%">VENTURINI J, OSVERLIS</td><td width="45%">INSPECTOR DE INSTRUMENTACION I</td><td width="10%">06:59:59</td></tr><tr><td width="5%">18</td><td width="10%">10952825</td><td width="30%">RODRIGUEZ G, JOSE</td><td width="45%">SUPERVISOR DE MANTENIMIENTO</td><td width="10%">06:59:51</td></tr><tr style="background-color:#dadae4;"><td width="5%">19</td><td width="10%">12132579</td><td width="30%">RIVAS H, RICHARD</td><td width="45%">ELECTRO/INSTRUMENTISTA I</td><td width="10%">06:58:30</td></tr><tr><td width="5%">20</td><td width="10%">18171134</td><td width="30%">MORALES S, ALVARO</td><td width="45%">ELECTRO/INSTRUMENTISTA I</td><td width="10%">06:57:31</td></tr><tr style="background-color:#dadae4;"><td width="5%">21</td><td width="10%">21248197</td><td width="30%">ARO B, DEMERSON</td><td width="45%">INSPECTOR DE INSTRUMENTACION I</td><td width="10%">06:51:02</td></tr><tr><td width="5%">22</td><td width="10%">8523935</td><td width="30%">BOLIVAR P, MOISES</td><td width="45%">INSTRUMENTISTA I</td><td width="10%">06:50:27</td></tr><tr style="background-color:#dadae4;"><td width="5%">23</td><td width="10%">11512323</td><td width="30%">AREVALO M, ADRIAN</td><td width="45%">INGENIERO DE CONTROL I</td><td width="10%">06:57:27</td></tr><tr><td width="5%">24</td><td width="10%">18514410</td><td width="30%">LUGO B, RONNY</td><td width="45%">INGENIERO ESPECIALISTA DE CONTROL I</td><td width="10%">06:42:19</td></tr><tr style="background-color:#dadae4;"><td width="5%">25</td><td width="10%">14120837</td><td width="30%">HENRIQUEZ H, ROGER</td><td width="45%">INSPECTOR DE REDUCCION Y REFORMACION I</td><td width="10%">07:32:52</td></tr><tr><td width="5%">26</td><td width="10%">15372685</td><td width="30%">HENRIQUEZ H, JUAN</td><td width="45%">INSPECTOR DE REDUCCION Y REFORMACION I</td><td width="10%">07:32:48</td></tr><tr style="background-color:#dadae4;"><td width="5%">27</td><td width="10%">13215240</td><td width="30%">BONALDE R, ROBERTO</td><td width="45%">INSPECTOR DE REDUCCION Y REFORMACION I</td><td width="10%">07:03:07</td></tr><tr><td width="5%">28</td><td width="10%">12652013</td><td width="30%">CARABALLO G, CESAR</td><td width="45%">INSPECTOR DE BRIQUETEADORA I</td><td width="10%">07:00:34</td></tr><tr style="background-color:#dadae4;"><td width="5%">29</td><td width="10%">12893599</td><td width="30%">HENRIQUEZ H, JORGE</td><td width="45%">COORDINADOR DE BRIQUETEADORA</td><td width="10%">07:33:02</td></tr><tr><td width="5%">30</td><td width="10%">13684804</td><td width="30%">RODRIGUEZ Z, JOSE</td><td width="45%">ESPECI DE IZAJE Y SISTEMAS HIDRÁULICOS</td><td width="10%">07:07:05</td></tr><tr style="background-color:#dadae4;"><td width="5%">31</td><td width="10%">11515592</td><td width="30%">BELLO Y, ANTONIO</td><td width="45%">ESPECI DE IZAJE Y SISTEMAS HIDRÁULICOS</td><td width="10%">07:07:03</td></tr><tr><td width="5%">32</td><td width="10%">12757436</td><td width="30%">BELLOSO B, CARLOS</td><td width="45%">ESPECIALISTA DE MAQUINAS BRIQUETEADORAS</td><td width="10%">07:06:57</td></tr><tr style="background-color:#dadae4;"><td width="5%">33</td><td width="10%">8592995</td><td width="30%">SOCORRO A, CARLOS</td><td width="45%">JEFE DE TALLER ZONAL</td><td width="10%">07:00:06</td></tr><tr><td width="5%">34</td><td width="10%">14366628</td><td width="30%">VIVAS A, JOSE</td><td width="45%">ADMINISTRADOR SAP</td><td width="10%">06:59:26</td></tr><tr style="background-color:#dadae4;"><td width="5%">35</td><td width="10%">14505808</td><td width="30%">MIJARES D, JHOY</td><td width="45%">JEFE DE ELECTRICIDAD  Y CONTROL</td><td width="10%">06:51:31</td></tr><tr><td width="5%">36</td><td width="10%">19301602</td><td width="30%">ZAPATA R, DAYANA</td><td width="45%">COORDINADOR DE INSTRUMENTACION</td><td width="10%">06:51:05</td></tr><tr style="background-color:#dadae4;"><td width="5%">37</td><td width="10%">14218381</td><td width="30%">BOLIVAR V, JONNIER</td><td width="45%">JEF REDUC REFOR SERV COMUNES EQ ROTATIVO</td><td width="10%">06:49:54</td></tr><tr><td width="5%">38</td><td width="10%">15548681</td><td width="30%">MORALES B, LUIS</td><td width="45%">COORD SERVICIOS COMUNES EQUIPOS ROTATIVO</td><td width="10%">06:49:48</td></tr><tr style="background-color:#dadae4;"><td width="5%">39</td><td width="10%">12645407</td><td width="30%">MINA S, DUVAR</td><td width="45%">JEFE DE EJECUCION DE MANTENIMIENTO</td><td width="10%">06:49:41</td></tr><tr><td width="5%">40</td><td width="10%">17040960</td><td width="30%">PURO R, MIGDALI</td><td width="45%">COORDINADOR ELECTRO MECANICO</td><td width="10%">06:49:39</td></tr><tr style="background-color:#dadae4;"><td width="5%">41</td><td width="10%">14986923</td><td width="30%">PADRINO R, ANGEL</td><td width="45%">JEFE BRIQUETEADORA Y MANEJO DE MATERIALS</td><td width="10%">06:48:19</td></tr><tr><td width="5%">42</td><td width="10%">8476651</td><td width="30%">BRONT R, WILFREDO</td><td width="45%">COORDINADOR DE TALLER FORANEO</td><td width="10%">06:46:39</td></tr><tr><td colspan="5"><b>Total por Gerencia de Mantenimiento               : 42</b></td></tr> </tbody>
		               		 </table><br><br><table width="100%" border="1" style="font-size:12px"><thead>
        		            <tr style="background-color:#c8190d;color:#ffffff;">
		                        <td colspan="5" align="center"><b>Gerencia General Industrial             </b></td>
                		    </tr>
		                    <tr>                	        	
                                      <th width="5%">#</th>
                        		<th width="10%">Cedula</th>
	        	                <th width="30%">Nombre</th>
        		                <th width="45%">Cargo</th>
	                	        <th width="10%">Hora</th>
		                   </tr>
                		</thead>
		                <tbody><tr style="background-color:#dadae4;"><td width="5%">1</td><td width="10%">3854408</td><td width="30%">BERMUDEZ, LUIS</td><td width="45%">GERENTE GENERAL INDUSTRIAL</td><td width="10%">07:07:28</td></tr><tr><td width="5%">2</td><td width="10%">4015483</td><td width="30%">AVILA C, AUDIEN</td><td width="45%">ESPECIALISTA DE  MANTENIMIENTO MECANICO</td><td width="10%">07:07:17</td></tr><tr style="background-color:#dadae4;"><td width="5%">3</td><td width="10%">11004961</td><td width="30%">GALLARDO G, SIMON</td><td width="45%">JEFE DEPTO DE SERVICIOS INDUSTRIALES</td><td width="10%">07:01:50</td></tr><tr><td width="5%">4</td><td width="10%">4188473</td><td width="30%">MENESES, ELEAZAR</td><td width="45%">ESPECIALISTA DE MATTO  ELECTROINSTRUMEN.</td><td width="10%">06:58:58</td></tr><tr style="background-color:#dadae4;"><td width="5%">5</td><td width="10%">20013612</td><td width="30%">RODRIGUEZ F, ELIMAR</td><td width="45%">COORDINADOR DE SERVICIOS GENERALES (E)</td><td width="10%">06:49:44</td></tr><tr><td width="5%">6</td><td width="10%">20887303</td><td width="30%">GRIMON B, EDWUAR</td><td width="45%">COORDINADOR DE LIMPIEZA INDUSTRIAL</td><td width="10%">06:42:13</td></tr><tr style="background-color:#dadae4;"><td width="5%">7</td><td width="10%">8518527</td><td width="30%">OSPINO R, ODOARDO</td><td width="45%">ASESOR INDUSTRIAL</td><td width="10%">06:11:18</td></tr><tr><td width="5%">8</td><td width="10%">14118870</td><td width="30%">FLORES, JERSON</td><td width="45%">SUPERVISOR DE LIMPIEZA INDUSTRIAL</td><td width="10%">07:07:14</td></tr><tr style="background-color:#dadae4;"><td width="5%">9</td><td width="10%">15185551</td><td width="30%">YEPEZ E, CARLOS</td><td width="45%">MECANICO DE ANDAMIOS I</td><td width="10%">07:03:39</td></tr><tr><td width="5%">10</td><td width="10%">15909590</td><td width="30%">RUIZ P, ALI</td><td width="45%">MEC DE VEHICULOS Y EQUIPOS MOVILES I</td><td width="10%">07:03:22</td></tr><tr style="background-color:#dadae4;"><td width="5%">11</td><td width="10%">12650708</td><td width="30%">FLORES G, JOSE</td><td width="45%">TECNICO REFRIG. Y AISLAMIENTO TERMICO I</td><td width="10%">07:03:19</td></tr><tr><td width="5%">12</td><td width="10%">12891866</td><td width="30%">SALAZAR B, CESAR</td><td width="45%">TECNICO DE LIMPIEZA INDUSTRIAL II</td><td width="10%">07:03:16</td></tr><tr style="background-color:#dadae4;"><td width="5%">13</td><td width="10%">15137076</td><td width="30%">TRINIDAD L, JUAN</td><td width="45%">MECANICO DE ANDAMIOS I</td><td width="10%">07:03:13</td></tr><tr><td width="5%">14</td><td width="10%">20704943</td><td width="30%">HENRIQUEZ  M, CARLOS</td><td width="45%">SUPERVISOR DE ANDAMIOS</td><td width="10%">07:03:10</td></tr><tr style="background-color:#dadae4;"><td width="5%">15</td><td width="10%">12359403</td><td width="30%">SOTILLO N, DIMAS</td><td width="45%">MECANICO DE ANDAMIOS I</td><td width="10%">07:02:56</td></tr><tr><td width="5%">16</td><td width="10%">15543518</td><td width="30%">ACU?A V, LENIN</td><td width="45%">SUPERVISOR DE SERVICIOS GENERALES</td><td width="10%">07:02:37</td></tr><tr style="background-color:#dadae4;"><td width="5%">17</td><td width="10%">15874049</td><td width="30%">AMUNDARAY, ARQUIMEDEZ</td><td width="45%">TECNICO DE LIMPIEZA INDUSTRIAL I</td><td width="10%">06:59:56</td></tr><tr><td width="5%">18</td><td width="10%">13646896</td><td width="30%">SAYED S, NEDER</td><td width="45%">ALMACENISTA DE HERRAMIENTAS I</td><td width="10%">06:58:55</td></tr><tr style="background-color:#dadae4;"><td width="5%">19</td><td width="10%">11730928</td><td width="30%">LOPEZ O, PEDRO</td><td width="45%">TECNICO DE LIMPIEZA INDUSTRIAL II</td><td width="10%">06:58:16</td></tr><tr><td width="5%">20</td><td width="10%">8375145</td><td width="30%">DIAZ, HUMBERTO</td><td width="45%">OBRERO SERVICIOS GENERALES I</td><td width="10%">06:58:03</td></tr><tr style="background-color:#dadae4;"><td width="5%">21</td><td width="10%">16174514</td><td width="30%">RONDON R, WILMEN</td><td width="45%">TECNICO DE LIMPIEZA INDUSTRIAL II</td><td width="10%">06:57:24</td></tr><tr><td width="5%">22</td><td width="10%">17632549</td><td width="30%">LEON M, ANIBAL</td><td width="45%">TECNICO DE LIMPIEZA INDUSTRIAL II</td><td width="10%">06:57:01</td></tr><tr style="background-color:#dadae4;"><td width="5%">23</td><td width="10%">12004850</td><td width="30%">JARAMILLO H, ESMELIS</td><td width="45%">SUPERVISOR DE LIMPIEZA INDUSTRIAL</td><td width="10%">06:56:45</td></tr><tr><td width="5%">24</td><td width="10%">16026874</td><td width="30%">LLOVERA M, JOSE</td><td width="45%">OBRERO SERVICIOS GENERALES I</td><td width="10%">06:56:25</td></tr><tr style="background-color:#dadae4;"><td width="5%">25</td><td width="10%">8964332</td><td width="30%">RODRIGUEZ R, ROSELIS</td><td width="45%">OBRERO DE LIMPIEZA I</td><td width="10%">06:56:16</td></tr><tr><td width="5%">26</td><td width="10%">10934864</td><td width="30%">SUAREZ A, ASDRUVAL</td><td width="45%">OBRERO SERVICIOS GENERALES I</td><td width="10%">06:56:10</td></tr><tr style="background-color:#dadae4;"><td width="5%">27</td><td width="10%">14403414</td><td width="30%">RAVAGO R, JEAN</td><td width="45%">TECNICO DE LIMPIEZA INDUSTRIAL II</td><td width="10%">06:51:38</td></tr><tr><td width="5%">28</td><td width="10%">9948280</td><td width="30%">MARTINEZ B, SANTIAGO</td><td width="45%">TECNICO DE LIMPIEZA INDUSTRIAL I</td><td width="10%">06:51:35</td></tr><tr style="background-color:#dadae4;"><td width="5%">29</td><td width="10%">10392027</td><td width="30%">DIAZ R, RAMON</td><td width="45%">MEC DE VEHICULOS Y EQUIPOS MOVILES I</td><td width="10%">06:50:22</td></tr><tr><td width="5%">30</td><td width="10%">8484985</td><td width="30%">GARCIA O, SAMUEL</td><td width="45%">TECNICO DE LIMPIEZA INDUSTRIAL I</td><td width="10%">06:42:16</td></tr><tr style="background-color:#dadae4;"><td width="5%">31</td><td width="10%">17430476</td><td width="30%">ROJAS M, MIGUEL</td><td width="45%">TECNICO REFRIG. Y AISLAMIENTO TERMICO I</td><td width="10%">06:42:05</td></tr><tr><td width="5%">32</td><td width="10%">20505107</td><td width="30%">RAMOS M, ANGLLY</td><td width="45%">OBRERO DE LIMPIEZA I</td><td width="10%">06:41:56</td></tr><tr><td colspan="5"><b>Total por Gerencia General Industrial             : 32</b></td></tr> </tbody>
		               		 </table><br><br><table width="100%" border="1" style="font-size:12px"><thead>
        		            <tr style="background-color:#c8190d;color:#ffffff;">
		                        <td colspan="5" align="center"><b>Gcia de Planif Gestion e ing Ind        </b></td>
                		    </tr>
		                    <tr>                	        	
                                      <th width="5%">#</th>
                        		<th width="10%">Cedula</th>
	        	                <th width="30%">Nombre</th>
        		                <th width="45%">Cargo</th>
	                	        <th width="10%">Hora</th>
		                   </tr>
                		</thead>
		                <tbody><tr style="background-color:#dadae4;"><td width="5%">1</td><td width="10%">11997893</td><td width="30%">SALAS R, GERARDO</td><td width="45%">ESPECIALISTA DE ESTIMACION DE COSTOS</td><td width="10%">07:00:45</td></tr><tr><td width="5%">2</td><td width="10%">13647019</td><td width="30%">FARIAS L, SUNIX</td><td width="45%">ANALISTA DE PRESUPUESTO I</td><td width="10%">06:58:24</td></tr><tr style="background-color:#dadae4;"><td width="5%">3</td><td width="10%">15354353</td><td width="30%">SOLIS R, SUELVIN</td><td width="45%">ANALISTA DE SISTEMAS DE GESTION I</td><td width="10%">06:57:17</td></tr><tr><td colspan="5"><b>Total por Gcia de Planif Gestion e ing Ind        : 3</b></td></tr> </tbody>
		               		 </table><br><br><table width="100%" border="1" style="font-size:12px"><thead>
        		            <tr style="background-color:#c8190d;color:#ffffff;">
		                        <td colspan="5" align="center"><b>Gerencia de Abastecimiento              </b></td>
                		    </tr>
		                    <tr>                	        	
                                      <th width="5%">#</th>
                        		<th width="10%">Cedula</th>
	        	                <th width="30%">Nombre</th>
        		                <th width="45%">Cargo</th>
	                	        <th width="10%">Hora</th>
		                   </tr>
                		</thead>
		                <tbody><tr style="background-color:#dadae4;"><td width="5%">1</td><td width="10%">18238460</td><td width="30%">MARQUEZ B, OTTO</td><td width="45%">ALMACENISTA I</td><td width="10%">07:02:21</td></tr><tr><td width="5%">2</td><td width="10%">5212833</td><td width="30%">CORONADO, JOSE</td><td width="45%">ALMACENISTA I</td><td width="10%">06:58:13</td></tr><tr style="background-color:#dadae4;"><td width="5%">3</td><td width="10%">21198445</td><td width="30%">RODRIGUEZ B, MAILETH</td><td width="45%">ALMACENISTA I</td><td width="10%">06:57:05</td></tr><tr><td width="5%">4</td><td width="10%">13089381</td><td width="30%">MARQUEZ P, FABIOLA</td><td width="45%">JEFE DE ALMACEN</td><td width="10%">07:06:45</td></tr><tr style="background-color:#dadae4;"><td width="5%">5</td><td width="10%">15521692</td><td width="30%">MARTINEZ, YSIDRO</td><td width="45%">ANALISTA DE INVENTARIO I</td><td width="10%">06:50:55</td></tr><tr><td width="5%">6</td><td width="10%">10551686</td><td width="30%">SIMOZA G, ROSYLENA</td><td width="45%">ANALISTA DE COMPRAS I</td><td width="10%">07:02:52</td></tr><tr style="background-color:#dadae4;"><td width="5%">7</td><td width="10%">10984922</td><td width="30%">BASTARDO E, MISAEL</td><td width="45%">ANALISTA DE COMPRAS I</td><td width="10%">06:49:46</td></tr><tr><td width="5%">8</td><td width="10%">14440147</td><td width="30%">MARIN R, ODELYS</td><td width="45%">ANALISTA DE COMPRAS I</td><td width="10%">06:49:36</td></tr><tr style="background-color:#dadae4;"><td width="5%">9</td><td width="10%">27186050</td><td width="30%">JIMENEZ S, IRVELYS</td><td width="45%">ASISTENTE ADMINISTRATIVO</td><td width="10%">06:57:47</td></tr><tr><td width="5%">10</td><td width="10%">8941868</td><td width="30%">SALAZAR M, ONEIDA</td><td width="45%">ESPECIALISTA ESTIMACION DE COSTOS</td><td width="10%">06:57:42</td></tr><tr><td colspan="5"><b>Total por Gerencia de Abastecimiento              : 10</b></td></tr> </tbody>
		               		 </table><br><br><table width="100%" border="1" style="font-size:12px"><thead>
        		            <tr style="background-color:#c8190d;color:#ffffff;">
		                        <td colspan="5" align="center"><b>Gerencia de Administración y Finanzas   </b></td>
                		    </tr>
		                    <tr>                	        	
                                      <th width="5%">#</th>
                        		<th width="10%">Cedula</th>
	        	                <th width="30%">Nombre</th>
        		                <th width="45%">Cargo</th>
	                	        <th width="10%">Hora</th>
		                   </tr>
                		</thead>
		                <tbody><tr style="background-color:#dadae4;"><td width="5%">1</td><td width="10%">15688013</td><td width="30%">DIAZ G, ELEADYS</td><td width="45%">ANALISTA DE IMPUESTOS I</td><td width="10%">07:25:50</td></tr><tr><td width="5%">2</td><td width="10%">16614770</td><td width="30%">VILLAMIZAR N, ALVARO</td><td width="45%">JEFE DE TESORERIA Y ADMINISTRACION (E)</td><td width="10%">07:06:42</td></tr><tr style="background-color:#dadae4;"><td width="5%">3</td><td width="10%">27728812</td><td width="30%">CARVAJAL M, GRECIA</td><td width="45%">ANALISTA DE TESORERIA I</td><td width="10%">06:56:34</td></tr><tr><td width="5%">4</td><td width="10%">19804483</td><td width="30%">AZOCAR P, MARY</td><td width="45%">ANALISTA DE CUENTAS POR PAGAR I</td><td width="10%">06:51:25</td></tr><tr style="background-color:#dadae4;"><td width="5%">5</td><td width="10%">13216486</td><td width="30%">TORRES B, GUSTAVO</td><td width="45%">ANALISTA DE CONTAB COSTO Y BALANCE I</td><td width="10%">07:07:22</td></tr><tr><td width="5%">6</td><td width="10%">24847208</td><td width="30%">GONZALEZ M, ANA</td><td width="45%">ANALISTA DE BIENES PATRIMONIALES I</td><td width="10%">07:06:54</td></tr><tr style="background-color:#dadae4;"><td width="5%">7</td><td width="10%">17040375</td><td width="30%">LAMEDA R, ELYNEL</td><td width="45%">ADMINISTRADOR DE CONTRATOS (E)</td><td width="10%">06:58:46</td></tr><tr><td colspan="5"><b>Total por Gerencia de Administración y Finanzas   : 7</b></td></tr> </tbody>
		               		 </table><br><br><table width="100%" border="1" style="font-size:12px"><thead>
        		            <tr style="background-color:#c8190d;color:#ffffff;">
		                        <td colspan="5" align="center"><b>Gerencia de Calidad y Logística         </b></td>
                		    </tr>
		                    <tr>                	        	
                                      <th width="5%">#</th>
                        		<th width="10%">Cedula</th>
	        	                <th width="30%">Nombre</th>
        		                <th width="45%">Cargo</th>
	                	        <th width="10%">Hora</th>
		                   </tr>
                		</thead>
		                <tbody><tr style="background-color:#dadae4;"><td width="5%">1</td><td width="10%">13622621</td><td width="30%">MARCANO U, FREDDY</td><td width="45%">ADMIN. DE MATERIA PRIMA Y PRODUCTOS</td><td width="10%">07:00:09</td></tr><tr><td width="5%">2</td><td width="10%">18900507</td><td width="30%">RODRIGUEZ B, NAILETH</td><td width="45%">ANALISTA DE ASEGURAMIENTO DE CALIDAD I</td><td width="10%">06:57:08</td></tr><tr style="background-color:#dadae4;"><td width="5%">3</td><td width="10%">6614080</td><td width="30%">PINTO, JESUS</td><td width="45%">COORDINADOR DE LOGISTICA OPERATIVA</td><td width="10%">06:50:58</td></tr><tr><td width="5%">4</td><td width="10%">8640065</td><td width="30%">BENITEZ C, ENRIQUE</td><td width="45%">COORD DE ASEGURAMIENTO DE CALIDAD</td><td width="10%">06:50:31</td></tr><tr style="background-color:#dadae4;"><td width="5%">5</td><td width="10%">10394417</td><td width="30%">MORENO G, FRANKLIN</td><td width="45%">COORDINADOR DE LABORATORIO</td><td width="10%">06:48:06</td></tr><tr><td width="5%">6</td><td width="10%">16164894</td><td width="30%">BARRIOS B, RONNY</td><td width="45%">TECNICO DE LABORATORIO FISICO I</td><td width="10%">06:58:27</td></tr><tr style="background-color:#dadae4;"><td width="5%">7</td><td width="10%">14120111</td><td width="30%">CARRASQUERO S, ELVIS</td><td width="45%">OPERADOR DE DESPACHO DE MATERIALES I</td><td width="10%">06:59:01</td></tr><tr><td width="5%">8</td><td width="10%">15276310</td><td width="30%">TOCUYO A, JOSE</td><td width="45%">OPERADOR DE BALANZA I</td><td width="10%">06:51:21</td></tr><tr style="background-color:#dadae4;"><td width="5%">9</td><td width="10%">15635220</td><td width="30%">BRIZUELA R, BERNARDO</td><td width="45%">OPERADOR DE PATIO I</td><td width="10%">06:50:46</td></tr><tr><td width="5%">10</td><td width="10%">13650256</td><td width="30%">TOVAR, ANIBAL</td><td width="45%">OPERADOR MANTENEDOR EQUIPO MOVIL I</td><td width="10%">06:49:56</td></tr><tr style="background-color:#dadae4;"><td width="5%">11</td><td width="10%">8925065</td><td width="30%">NUÑEZ, LUIS</td><td width="45%">OPERADOR MANTENEDOR EQUIPO MOVIL I</td><td width="10%">06:42:26</td></tr><tr><td colspan="5"><b>Total por Gerencia de Calidad y Logística         : 11</b></td></tr> </tbody>
		               		 </table><br><br><table width="100%" border="1" style="font-size:12px"><thead>
        		            <tr style="background-color:#c8190d;color:#ffffff;">
		                        <td colspan="5" align="center"><b>Gerencia de Talento Humano              </b></td>
                		    </tr>
		                    <tr>                	        	
                                      <th width="5%">#</th>
                        		<th width="10%">Cedula</th>
	        	                <th width="30%">Nombre</th>
        		                <th width="45%">Cargo</th>
	                	        <th width="10%">Hora</th>
		                   </tr>
                		</thead>
		                <tbody><tr style="background-color:#dadae4;"><td width="5%">1</td><td width="10%">13710728</td><td width="30%">LICET, YENNY</td><td width="45%">ESPECIALISTA DE CAPACITACION</td><td width="10%">07:16:51</td></tr><tr><td width="5%">2</td><td width="10%">17631003</td><td width="30%">FUENTES C, MARIA</td><td width="45%">ANALISTA DE ADMINISTRACION DE PERSONAL I</td><td width="10%">07:06:51</td></tr><tr style="background-color:#dadae4;"><td width="5%">3</td><td width="10%">18665365</td><td width="30%">ALEXANDER R, NELKRIS</td><td width="45%">JEFE DE ADMINISTRACION DE PERSONAL</td><td width="10%">06:59:05</td></tr><tr><td width="5%">4</td><td width="10%">12792200</td><td width="30%">RIVERA A, GELYSMAR</td><td width="45%">ANALISTA DE ADMINISTRACION DE PERSONAL I</td><td width="10%">06:57:11</td></tr><tr style="background-color:#dadae4;"><td width="5%">5</td><td width="10%">15908042</td><td width="30%">GONZALEZ M, BLAS</td><td width="45%">ANALISTA DE CONTROL DE TIEMPO I</td><td width="10%">07:12:32</td></tr><tr><td width="5%">6</td><td width="10%">15371413</td><td width="30%">QUINTERO G, JORGE</td><td width="45%">GERENTE DE TALENTO HUMANO (E)</td><td width="10%">07:07:25</td></tr><tr style="background-color:#dadae4;"><td width="5%">7</td><td width="10%">20286524</td><td width="30%">AGELVIS O, MARIELA</td><td width="45%">ANALISTA DE NOMINA I</td><td width="10%">07:06:32</td></tr><tr><td width="5%">8</td><td width="10%">16010794</td><td width="30%">MORILLO M, CARLENYS</td><td width="45%">ANALISTA DE NOMINA I</td><td width="10%">07:02:41</td></tr><tr style="background-color:#dadae4;"><td width="5%">9</td><td width="10%">25084934</td><td width="30%">GUZMAN A, YEILIMAR</td><td width="45%">ANALISTA DE GESTION  TALENTO HUMANO I</td><td width="10%">07:02:10</td></tr><tr><td width="5%">10</td><td width="10%">16894474</td><td width="30%">MARTINEZ G, MARIELVIS</td><td width="45%">COORDINADOR DE NOMINA (E)</td><td width="10%">06:59:20</td></tr><tr style="background-color:#dadae4;"><td width="5%">11</td><td width="10%">3852806</td><td width="30%">NOGALES, JESUS</td><td width="45%">JEFE DE PLANTA</td><td width="10%">06:58:36</td></tr><tr><td width="5%">12</td><td width="10%">14778372</td><td width="30%">RODRIGUEZ H, TAMARA</td><td width="45%">ANALISTA DE RELACIONES LABORALES II</td><td width="10%">07:07:33</td></tr><tr style="background-color:#dadae4;"><td width="5%">13</td><td width="10%">10995781</td><td width="30%">PEREZ P, LEIDIMARY</td><td width="45%">COORD SISTEMA AUTOADMINISTRADO DE SALUD</td><td width="10%">07:06:36</td></tr><tr><td width="5%">14</td><td width="10%">15542875</td><td width="30%">GONZALEZ T, ZULEYMA</td><td width="45%">ANALISTA DE RELACIONES LABORALES III</td><td width="10%">07:03:40</td></tr><tr style="background-color:#dadae4;"><td width="5%">15</td><td width="10%">12650564</td><td width="30%">MAY A, YENNY</td><td width="45%">JEFE DE RELACIONES LABORALES</td><td width="10%">07:02:30</td></tr><tr><td width="5%">16</td><td width="10%">20934391</td><td width="30%">ABREU M, ADRIANA</td><td width="45%">ANALISTA DE RELACIONES LABORALES I</td><td width="10%">06:59:11</td></tr><tr style="background-color:#dadae4;"><td width="5%">17</td><td width="10%">26332551</td><td width="30%">REQUENA L, ROSAURA</td><td width="45%">ANALISTA SIST AUTOADMINISTRADO SALUD I</td><td width="10%">06:57:33</td></tr><tr><td width="5%">18</td><td width="10%">16615259</td><td width="30%">RODRIGUEZ D, JOSE</td><td width="45%">ANALISTA DE RELACIONES LABORALES I</td><td width="10%">06:50:35</td></tr><tr><td colspan="5"><b>Total por Gerencia de Talento Humano              : 18</b></td></tr> </tbody>
		               		 </table><br><br><table width="100%" border="1" style="font-size:12px"><thead>
        		            <tr style="background-color:#c8190d;color:#ffffff;">
		                        <td colspan="5" align="center"><b>Gerencia General de Administración      </b></td>
                		    </tr>
		                    <tr>                	        	
                                      <th width="5%">#</th>
                        		<th width="10%">Cedula</th>
	        	                <th width="30%">Nombre</th>
        		                <th width="45%">Cargo</th>
	                	        <th width="10%">Hora</th>
		                   </tr>
                		</thead>
		                <tbody><tr style="background-color:#dadae4;"><td width="5%">1</td><td width="10%">10554426</td><td width="30%">LOPEZ P, CIPRIANO</td><td width="45%">GERENTE GENERAL DE ADMINISTRACION (E)</td><td width="10%">07:17:52</td></tr><tr><td width="5%">2</td><td width="10%">12893368</td><td width="30%">GONZALEZ M, YOEL</td><td width="45%">ANALISTA DE SOPORTE DE ESCRITORIO I</td><td width="10%">07:12:28</td></tr><tr style="background-color:#dadae4;"><td width="5%">3</td><td width="10%">17337690</td><td width="30%">BRITO G, MARIA</td><td width="45%">JEFE DE TECNOLOGIA DE INFORMACION</td><td width="10%">07:06:48</td></tr><tr><td width="5%">4</td><td width="10%">15354710</td><td width="30%">SUAREZ B, DOMINGO</td><td width="45%">COORD  INFRAESTRUCTURA Y TELECOMUNICAC</td><td width="10%">07:03:26</td></tr><tr style="background-color:#dadae4;"><td width="5%">5</td><td width="10%">16395343</td><td width="30%">LUNAR G, ROBERTO</td><td width="45%">COORDINADOR DESARROLLO DE APLICACIONES</td><td width="10%">06:49:32</td></tr><tr><td width="5%">6</td><td width="10%">22818491</td><td width="30%">GARCIA V, GENESIS</td><td width="45%">ANALISTA DE SOPORTE DE ESCRITORIO I</td><td width="10%">06:49:29</td></tr><tr><td colspan="5"><b>Total por Gerencia General de Administración      : 6</b></td></tr> </tbody>
		               		 </table><br><br><table width="100%" border="1" style="font-size:12px"><thead>
        		            <tr style="background-color:#c8190d;color:#ffffff;">
		                        <td colspan="5" align="center"><b>Gerencia Proyectos Ing. de Planta       </b></td>
                		    </tr>
		                    <tr>                	        	
                                      <th width="5%">#</th>
                        		<th width="10%">Cedula</th>
	        	                <th width="30%">Nombre</th>
        		                <th width="45%">Cargo</th>
	                	        <th width="10%">Hora</th>
		                   </tr>
                		</thead>
		                <tbody><tr style="background-color:#dadae4;"><td width="5%">1</td><td width="10%">16393179</td><td width="30%">PULIDO  G, DANIEL</td><td width="45%">GERENTE GRAL DE PLANIFICACION Y PROYECTO</td><td width="10%">07:16:55</td></tr><tr><td width="5%">2</td><td width="10%">13994521</td><td width="30%">RAMIREZ G, YOEN</td><td width="45%">COORDINADOR DE INGENIERIA DE PROYECTOS</td><td width="10%">07:00:17</td></tr><tr style="background-color:#dadae4;"><td width="5%">3</td><td width="10%">27256905</td><td width="30%">RABAGO G, LAURA</td><td width="45%">ASISTENTE DE INFORMACION TECNICA</td><td width="10%">06:59:44</td></tr><tr><td colspan="5"><b>Total por Gerencia Proyectos Ing. de Planta       : 3</b></td></tr> </tbody>
	                  </table><br><br> <table width="100%" border="1" style="font-size:12px">
                                    <tr>
                                        <td colspan="5" align="center"><b>Total de trabajadores que ingresaron  a la empresa: 173</b></td>
                                    </tr>
                          </table>