<table width="100%" border="1"><thead>
		    <tr>
			<td colspan="5" align="center">
			    <h2><b>Reporte de entrada del personal del turno: 3, del Miercoles 19-04-2023</b></h2>
			</td>
		    </tr>
			</thead>
				</table>
			<br><br><table width="100%" border="1" style="font-size:12px">
		    <tr style="background-color:#c8190d;color:#ffffff;">
			<th colspan="5" align="center"><b>Gcia Seg Patrimonial                    </b></th>
		    </tr>
                    <tr>
                        <th width="5%">#</th>
                        <th width="10%">Cedula</th>
                        <th width="30%">Nombre</th>
                        <th width="45%">Cargo</th>
                        <th width="10%">Hora</th>
                    </tr> 
        	<tbody><tr style="background-color:#dadae4;"><td>1</td><td>8941529</td><td>ESPINOZA G, FRANK</td><td>INSPECTOR DE PROTECCION DE PLANTA I</td><td>13:47:34</td></tr><tr><td width="5%">2</td><td width="10%">9285737</td><td width="30%">PINTO P, JOSE</td><td width="45%">SUPERVISOR DE PROTECCION DE PLANTA</td><td width="10%">13:47:26</td></tr><tr style="background-color:#dadae4;"><td width="5%">3</td><td width="10%">15618234</td><td width="30%">MEJIAS M, JORDANI</td><td width="45%">INSPECTOR DE PROTECCION DE PLANTA I</td><td width="10%">13:47:01</td></tr><tr><td width="5%">4</td><td width="10%">25548781</td><td width="30%">MORA R, ANGGEL</td><td width="45%">INSPECTOR DE PROTECCION DE PLANTA I</td><td width="10%">13:44:01</td></tr><tr style="background-color:#dadae4;"><td width="5%">5</td><td width="10%">14441748</td><td width="30%">RIOS, EDWARDS</td><td width="45%">SUPERVISOR DE PROTECCION DE PLANTA</td><td width="10%">13:43:52</td></tr><tr><td colspan="5"><b>Total por Gcia Seg Patrimonial                    : 5</b></td></tr> </tbody>
		               		 </table><br><br><table width="100%" border="1" style="font-size:12px"><thead>
        		            <tr style="background-color:#c8190d;color:#ffffff;">
		                        <td colspan="5" align="center"><b>Gerencia de Seguridad y Salud Laboral   </b></td>
                		    </tr>
		                    <tr>                	        	
                                      <th width="5%">#</th>
                        		<th width="10%">Cedula</th>
	        	                <th width="30%">Nombre</th>
        		                <th width="45%">Cargo</th>
	                	        <th width="10%">Hora</th>
		                   </tr>
                		</thead>
		                <tbody><tr style="background-color:#dadae4;"><td width="5%">1</td><td width="10%">17631900</td><td width="30%">SAN LUIS A, RODMERY</td><td width="45%">TECNICO DE CONTROL DE EMERGENCIAS I</td><td width="10%">15:27:17</td></tr><tr><td width="5%">2</td><td width="10%">16163530</td><td width="30%">ESTANGA M, CARLOS</td><td width="45%">OPERADOR  DE CONTROL DE EMERGENCIA I</td><td width="10%">14:55:43</td></tr><tr style="background-color:#dadae4;"><td width="5%">3</td><td width="10%">19041615</td><td width="30%">GRANADO C, EUCARIS</td><td width="45%">ENFERMERA I</td><td width="10%">14:55:29</td></tr><tr><td width="5%">4</td><td width="10%">17430117</td><td width="30%">MEDINA R, DHALEIZA</td><td width="45%">TECNICO DE HIGIENE Y SEGURIDAD I</td><td width="10%">14:53:09</td></tr><tr><td colspan="5"><b>Total por Gerencia de Seguridad y Salud Laboral   : 4</b></td></tr> </tbody>
		               		 </table><br><br><table width="100%" border="1" style="font-size:12px"><thead>
        		            <tr style="background-color:#c8190d;color:#ffffff;">
		                        <td colspan="5" align="center"><b>Gcia. de Operaciones y Procesos         </b></td>
                		    </tr>
		                    <tr>                	        	
                                      <th width="5%">#</th>
                        		<th width="10%">Cedula</th>
	        	                <th width="30%">Nombre</th>
        		                <th width="45%">Cargo</th>
	                	        <th width="10%">Hora</th>
		                   </tr>
                		</thead>
		                <tbody><tr style="background-color:#dadae4;"><td width="5%">1</td><td width="10%">19126141</td><td width="30%">RAMIREZ R, ROGER</td><td width="45%">OPERADOR SALA DE CONTROL I</td><td width="10%">15:26:57</td></tr><tr><td width="5%">2</td><td width="10%">14941142</td><td width="30%">ROA A, JHON</td><td width="45%">ESPECIALISTA DE  SALA DE CONTROL</td><td width="10%">14:55:33</td></tr><tr style="background-color:#dadae4;"><td width="5%">3</td><td width="10%">10049307</td><td width="30%">MEDINA G, CARLOS</td><td width="45%">OPERADOR DE REFORMACION II</td><td width="10%">14:55:02</td></tr><tr><td width="5%">4</td><td width="10%">14986728</td><td width="30%">PEREZ P, JEFFERSON</td><td width="45%">OPERADOR DE REDUCCION III</td><td width="10%">14:54:52</td></tr><tr style="background-color:#dadae4;"><td width="5%">5</td><td width="10%">14222926</td><td width="30%">LORETO S, JESUS</td><td width="45%">OPERADOR DE SERVICIOS AUXILIARES II</td><td width="10%">14:48:53</td></tr><tr><td width="5%">6</td><td width="10%">17039006</td><td width="30%">NORIEGA D, JONATHAN</td><td width="45%">OPERADOR DE MAQUILLADO II</td><td width="10%">14:47:34</td></tr><tr style="background-color:#dadae4;"><td width="5%">7</td><td width="10%">24963396</td><td width="30%">ESQUIVEL B, OMAR</td><td width="45%">ESPECIALISTA DE  SALA DE CONTROL</td><td width="10%">14:43:25</td></tr><tr><td width="5%">8</td><td width="10%">12559870</td><td width="30%">ORTEGA C, RONALD</td><td width="45%">OPERADOR DE BRIQUETEADORA I</td><td width="10%">14:43:21</td></tr><tr><td colspan="5"><b>Total por Gcia. de Operaciones y Procesos         : 8</b></td></tr> </tbody>
		               		 </table><br><br><table width="100%" border="1" style="font-size:12px"><thead>
        		            <tr style="background-color:#c8190d;color:#ffffff;">
		                        <td colspan="5" align="center"><b>Gerencia de Mantenimiento               </b></td>
                		    </tr>
		                    <tr>                	        	
                                      <th width="5%">#</th>
                        		<th width="10%">Cedula</th>
	        	                <th width="30%">Nombre</th>
        		                <th width="45%">Cargo</th>
	                	        <th width="10%">Hora</th>
		                   </tr>
                		</thead>
		                <tbody><tr style="background-color:#dadae4;"><td width="5%">1</td><td width="10%">12004862</td><td width="30%">NAVARRO G, RAUL</td><td width="45%">SUPERVISOR DE MANTENIMIENTO</td><td width="10%">15:27:22</td></tr><tr><td width="5%">2</td><td width="10%">20806992</td><td width="30%">ARTEAGA A, DOMINGO</td><td width="45%">MECANICO SOLDADOR I</td><td width="10%">15:26:51</td></tr><tr style="background-color:#dadae4;"><td width="5%">3</td><td width="10%">13443646</td><td width="30%">MACHIZ S, LEONER</td><td width="45%">MECANICO I</td><td width="10%">14:47:37</td></tr><tr><td width="5%">4</td><td width="10%">12652658</td><td width="30%">RONDON M, WILFREDO</td><td width="45%">MECANICO I</td><td width="10%">14:47:26</td></tr><tr style="background-color:#dadae4;"><td width="5%">5</td><td width="10%">12360812</td><td width="30%">BARCELO A, JULIO</td><td width="45%">MECANICO I</td><td width="10%">14:43:29</td></tr><tr><td width="5%">6</td><td width="10%">14063657</td><td width="30%">RIQUEZES V, CARLOS</td><td width="45%">SUPERVISOR DE MANTENIMIENTO</td><td width="10%">14:43:17</td></tr><tr style="background-color:#dadae4;"><td width="5%">7</td><td width="10%">16162998</td><td width="30%">BAENA A, RENE</td><td width="45%">ELECTRO/INSTRUMENTISTA III</td><td width="10%">14:54:57</td></tr><tr><td colspan="5"><b>Total por Gerencia de Mantenimiento               : 7</b></td></tr> </tbody>
		               		 </table><br><br><table width="100%" border="1" style="font-size:12px"><thead>
        		            <tr style="background-color:#c8190d;color:#ffffff;">
		                        <td colspan="5" align="center"><b>Gerencia General Industrial             </b></td>
                		    </tr>
		                    <tr>                	        	
                                      <th width="5%">#</th>
                        		<th width="10%">Cedula</th>
	        	                <th width="30%">Nombre</th>
        		                <th width="45%">Cargo</th>
	                	        <th width="10%">Hora</th>
		                   </tr>
                		</thead>
		                <tbody><tr style="background-color:#dadae4;"><td width="5%">1</td><td width="10%">25034688</td><td width="30%">FIGUEREDO G, ANTHONY</td><td width="45%">TECNICO DE LIMPIEZA INDUSTRIAL I</td><td width="10%">15:27:32</td></tr><tr><td width="5%">2</td><td width="10%">17210035</td><td width="30%">SIMOZA G, LEOPOLDO</td><td width="45%">TECNICO DE LIMPIEZA INDUSTRIAL I</td><td width="10%">15:27:29</td></tr><tr style="background-color:#dadae4;"><td width="5%">3</td><td width="10%">17216283</td><td width="30%">RODRIGUEZ C, LUIS</td><td width="45%">SUPERVISOR DE LIMPIEZA INDUSTRIAL</td><td width="10%">15:27:26</td></tr><tr><td width="5%">4</td><td width="10%">8424766</td><td width="30%">MARTINEZ R, SILBERIO</td><td width="45%">TECNICO DE LIMPIEZA INDUSTRIAL I</td><td width="10%">15:27:20</td></tr><tr style="background-color:#dadae4;"><td width="5%">5</td><td width="10%">4030232</td><td width="30%">RODRIGUEZ, ISMALDO</td><td width="45%">ALMACENISTA DE HERRAMIENTAS I</td><td width="10%">15:27:11</td></tr><tr><td width="5%">6</td><td width="10%">17431014</td><td width="30%">CISNEROS G, KARINET</td><td width="45%">OBRERO DE LIMPIEZA I</td><td width="10%">15:27:08</td></tr><tr style="background-color:#dadae4;"><td width="5%">7</td><td width="10%">14153508</td><td width="30%">FLORES S, FRANCY</td><td width="45%">SUPERVISOR DE SERVICIOS GENERALES</td><td width="10%">15:27:04</td></tr><tr><td width="5%">8</td><td width="10%">12519535</td><td width="30%">ROJAS T, TEODULFO</td><td width="45%">TECNICO DE LIMPIEZA INDUSTRIAL II</td><td width="10%">14:54:54</td></tr><tr style="background-color:#dadae4;"><td width="5%">9</td><td width="10%">8539547</td><td width="30%">DIAZ, PETRA</td><td width="45%">OBRERO DE LIMPIEZA I</td><td width="10%">14:53:12</td></tr><tr><td width="5%">10</td><td width="10%">18171752</td><td width="30%">GONZALEZ R, JOSNERY</td><td width="45%">OBRERO DE LIMPIEZA I</td><td width="10%">14:52:03</td></tr><tr style="background-color:#dadae4;"><td width="5%">11</td><td width="10%">14635616</td><td width="30%">ROMERO V, PEDRO</td><td width="45%">SUPERVISOR DE LIMPIEZA INDUSTRIAL</td><td width="10%">14:47:40</td></tr><tr><td width="5%">12</td><td width="10%">5983727</td><td width="30%">CEDEÑO, ANGEL</td><td width="45%">TECNICO DE LIMPIEZA INDUSTRIAL I</td><td width="10%">14:47:13</td></tr><tr><td colspan="5"><b>Total por Gerencia General Industrial             : 12</b></td></tr> </tbody>
		               		 </table><br><br><table width="100%" border="1" style="font-size:12px"><thead>
        		            <tr style="background-color:#c8190d;color:#ffffff;">
		                        <td colspan="5" align="center"><b>Gerencia de Abastecimiento              </b></td>
                		    </tr>
		                    <tr>                	        	
                                      <th width="5%">#</th>
                        		<th width="10%">Cedula</th>
	        	                <th width="30%">Nombre</th>
        		                <th width="45%">Cargo</th>
	                	        <th width="10%">Hora</th>
		                   </tr>
                		</thead>
		                <tbody><tr style="background-color:#dadae4;"><td width="5%">1</td><td width="10%">21198445</td><td width="30%">RODRIGUEZ B, MAILETH</td><td width="45%">ALMACENISTA I</td><td width="10%">14:53:14</td></tr><tr><td colspan="5"><b>Total por Gerencia de Abastecimiento              : 1</b></td></tr> </tbody>
		               		 </table><br><br><table width="100%" border="1" style="font-size:12px"><thead>
        		            <tr style="background-color:#c8190d;color:#ffffff;">
		                        <td colspan="5" align="center"><b>Gerencia de Calidad y Logística         </b></td>
                		    </tr>
		                    <tr>                	        	
                                      <th width="5%">#</th>
                        		<th width="10%">Cedula</th>
	        	                <th width="30%">Nombre</th>
        		                <th width="45%">Cargo</th>
	                	        <th width="10%">Hora</th>
		                   </tr>
                		</thead>
		                <tbody><tr style="background-color:#dadae4;"><td width="5%">1</td><td width="10%">13521502</td><td width="30%">MARQUEZ R, PABLO</td><td width="45%">TECNICO DE LABORATORIO QUIIMICO II</td><td width="10%">15:27:34</td></tr><tr><td width="5%">2</td><td width="10%">17432619</td><td width="30%">MAURERA V, FELIPE</td><td width="45%">TECNICO DE LABORATORIO FISICO III</td><td width="10%">15:27:14</td></tr><tr style="background-color:#dadae4;"><td width="5%">3</td><td width="10%">5902312</td><td width="30%">CARRION R, BASILIO</td><td width="45%">OPERADOR DE DESPACHO DE MATERIALES I</td><td width="10%">14:53:19</td></tr><tr><td width="5%">4</td><td width="10%">9950980</td><td width="30%">MORENO A, EDGAR</td><td width="45%">OPERADOR DE BALANZA I</td><td width="10%">14:47:20</td></tr><tr><td colspan="5"><b>Total por Gerencia de Calidad y Logística         : 4</b></td></tr> </tbody>
	                  </table><br><br> <table width="100%" border="1" style="font-size:12px">
                                    <tr>
                                        <td colspan="5" align="center"><b>Total de trabajadores que ingresaron  a la empresa: 41</b></td>
                                    </tr>
                          </table>