<table width="100%" border="1"><thead>
				    <tr>
					<td colspan="5" align="center">
					    <h2><b>Reporte de entrada del personal del turno: 2, del Jueves 11-07-2024, <br>que ingresaron entre las 05:15:00 y 08:00:00  </b></h2>
					</td>
				    </tr>
					</thead>
						</table>
					<br><br><table width="100%" border="1" style="font-size:12px">
				    <tr style="background-color:#c8190d;color:#ffffff;">
					<th colspan="5" align="center"><b>Consultoría Jurídica                    </b></th>
				    </tr>
		                    <tr>
		                        <th width="5%">#</th>
		                        <th width="10%">Cedula</th>
		                        <th width="30%">Nombre</th>
		                        <th width="45%">Cargo</th>
		                        <th width="10%">Hora</th>
		                    </tr> 
		        	<tbody><tr style="background-color:#dadae4;"><td>1</td><td>18078293</td><td>MENESES B, ELEANNY</td><td>CONSULTOR JURIDICO (E)</td><td>07:04:22</td></tr><tr><td colspan="5"><b>Total por Consultoría Jurídica                    : 1</b></td></tr> </tbody>
				               		 </table><br><br><table width="100%" border="1" style="font-size:12px"><thead>
		        		            <tr style="background-color:#c8190d;color:#ffffff;">
				                        <td colspan="5" align="center"><b>Gcia Relaciones Instit y Desarrollo Endo</b></td>
		                		    </tr>
				                    <tr>                	        	
		                                <th width="5%">#</th>
		                        		<th width="10%">Cedula</th>
			        	                <th width="30%">Nombre</th>
		        		                <th width="45%">Cargo</th>
			                	        <th width="10%">Hora</th>
				                   </tr>
		                		</thead>
				                <tbody><tr style="background-color:#dadae4;"><td width="5%">1</td><td width="10%">13336162</td><td width="30%">RODRIGUEZ G, MARIJEIDYS</td><td width="45%">COORDINADOR RELACIONES INSTITUCIONALES</td><td width="10%">07:05:27</td></tr><tr><td width="5%">2</td><td width="10%">9948087</td><td width="30%">CORVO B, JOSE</td><td width="45%">COORDINADOR DE DESARROLLO ENDOGENO</td><td width="10%">06:50:29</td></tr><tr style="background-color:#dadae4;"><td width="5%">3</td><td width="10%">7843034</td><td width="30%">ROJAS V, EDWIN</td><td width="45%">GERENTE DE RELACIONES INST Y DRLLO ENDOG</td><td width="10%">06:06:55</td></tr><tr><td colspan="5"><b>Total por Gcia Relaciones Instit y Desarrollo Endo: 3</b></td></tr> </tbody>
				               		 </table><br><br><table width="100%" border="1" style="font-size:12px"><thead>
		        		            <tr style="background-color:#c8190d;color:#ffffff;">
				                        <td colspan="5" align="center"><b>Gcia Seg Patrimonial                    </b></td>
		                		    </tr>
				                    <tr>                	        	
		                                <th width="5%">#</th>
		                        		<th width="10%">Cedula</th>
			        	                <th width="30%">Nombre</th>
		        		                <th width="45%">Cargo</th>
			                	        <th width="10%">Hora</th>
				                   </tr>
		                		</thead>
				                <tbody><tr style="background-color:#dadae4;"><td width="5%">1</td><td width="10%">11168531</td><td width="30%">CONTRERAS G, VICTOR</td><td width="45%">INSPECTOR DE PROTECCION DE PLANTA I</td><td width="10%">07:52:06</td></tr><tr><td width="5%">2</td><td width="10%">12465536</td><td width="30%">SALAZAR L, ALEXIS</td><td width="45%">JF DE PROTEC PLANTA Y CTRL DE ACCESO (E)</td><td width="10%">07:22:17</td></tr><tr style="background-color:#dadae4;"><td width="5%">3</td><td width="10%">11515506</td><td width="30%">MARIN G, WILMER</td><td width="45%">ESPECIALISTA INVESTIGACION PATRIMONIAL</td><td width="10%">07:20:01</td></tr><tr><td width="5%">4</td><td width="10%">12645083</td><td width="30%">MORENO G, LUIS</td><td width="45%">INSPECTOR DE PROTECCION DE PLANTA I</td><td width="10%">05:58:34</td></tr><tr style="background-color:#dadae4;"><td width="5%">5</td><td width="10%">9910133</td><td width="30%">BAENA A, FELIX</td><td width="45%">INSPECTOR DE PROTECCION DE PLANTA I</td><td width="10%">05:58:30</td></tr><tr><td width="5%">6</td><td width="10%">19803668</td><td width="30%">PINTO R, YOJAN</td><td width="45%">INSPECTOR DE PROTECCION DE PLANTA I</td><td width="10%">05:58:27</td></tr><tr style="background-color:#dadae4;"><td width="5%">7</td><td width="10%">14635701</td><td width="30%">PERALES M, OSWALDO</td><td width="45%">INSPECTOR DE PROTECCION DE PLANTA I</td><td width="10%">05:58:23</td></tr><tr><td width="5%">8</td><td width="10%">14441748</td><td width="30%">RIOS, EDWARDS</td><td width="45%">SUPERVISOR DE PROTECCION DE PLANTA</td><td width="10%">05:42:32</td></tr><tr><td colspan="5"><b>Total por Gcia Seg Patrimonial                    : 8</b></td></tr> </tbody>
				               		 </table><br><br><table width="100%" border="1" style="font-size:12px"><thead>
		        		            <tr style="background-color:#c8190d;color:#ffffff;">
				                        <td colspan="5" align="center"><b>Gerencia de Seguridad y Salud Laboral   </b></td>
		                		    </tr>
				                    <tr>                	        	
		                                <th width="5%">#</th>
		                        		<th width="10%">Cedula</th>
			        	                <th width="30%">Nombre</th>
		        		                <th width="45%">Cargo</th>
			                	        <th width="10%">Hora</th>
				                   </tr>
		                		</thead>
				                <tbody><tr style="background-color:#dadae4;"><td width="5%">1</td><td width="10%">15969267</td><td width="30%">CEDE?O M, MELISSA</td><td width="45%">COORDINADOR DE GESTION AMBIENTAL</td><td width="10%">07:32:39</td></tr><tr><td width="5%">2</td><td width="10%">13911488</td><td width="30%">MILLAN, ERNESTO</td><td width="45%">OPERADOR  DE CONTROL DE EMERGENCIA I</td><td width="10%">07:06:03</td></tr><tr style="background-color:#dadae4;"><td width="5%">3</td><td width="10%">16024589</td><td width="30%">FLORES P, ANDRES</td><td width="45%">TECNICO DE CONTROL DE EMERGENCIAS I</td><td width="10%">06:58:45</td></tr><tr><td width="5%">4</td><td width="10%">16025275</td><td width="30%">FUENTES C, ROSA</td><td width="45%">COORDINADOR  DE GESTION</td><td width="10%">07:39:38</td></tr><tr style="background-color:#dadae4;"><td width="5%">5</td><td width="10%">17211066</td><td width="30%">TOVAR L, KATHERINE</td><td width="45%">MEDICO OCUPACIONAL</td><td width="10%">07:06:45</td></tr><tr><td width="5%">6</td><td width="10%">19041615</td><td width="30%">GRANADO C, EUCARIS</td><td width="45%">ENFERMERA I</td><td width="10%">07:00:52</td></tr><tr style="background-color:#dadae4;"><td width="5%">7</td><td width="10%">12214486</td><td width="30%">VELASQUEZ M, DANIRZA</td><td width="45%">ENFERMERA I</td><td width="10%">06:52:47</td></tr><tr><td width="5%">8</td><td width="10%">15277751</td><td width="30%">CALZADILLA, CARMEN</td><td width="45%">TECNICO DE HIGIENE Y SEGURIDAD I</td><td width="10%">06:44:44</td></tr><tr><td colspan="5"><b>Total por Gerencia de Seguridad y Salud Laboral   : 8</b></td></tr> </tbody>
				               		 </table><br><br><table width="100%" border="1" style="font-size:12px"><thead>
		        		            <tr style="background-color:#c8190d;color:#ffffff;">
				                        <td colspan="5" align="center"><b>Presidencia                             </b></td>
		                		    </tr>
				                    <tr>                	        	
		                                <th width="5%">#</th>
		                        		<th width="10%">Cedula</th>
			        	                <th width="30%">Nombre</th>
		        		                <th width="45%">Cargo</th>
			                	        <th width="10%">Hora</th>
				                   </tr>
		                		</thead>
				                <tbody><tr style="background-color:#dadae4;"><td width="5%">1</td><td width="10%">14986634</td><td width="30%">MONTA?O Y, MARY</td><td width="45%">SECRETARIA</td><td width="10%">07:07:04</td></tr><tr><td colspan="5"><b>Total por Presidencia                             : 1</b></td></tr> </tbody>
				               		 </table><br><br><table width="100%" border="1" style="font-size:12px"><thead>
		        		            <tr style="background-color:#c8190d;color:#ffffff;">
				                        <td colspan="5" align="center"><b>Gcia. de Operaciones y Procesos         </b></td>
		                		    </tr>
				                    <tr>                	        	
		                                <th width="5%">#</th>
		                        		<th width="10%">Cedula</th>
			        	                <th width="30%">Nombre</th>
		        		                <th width="45%">Cargo</th>
			                	        <th width="10%">Hora</th>
				                   </tr>
		                		</thead>
				                <tbody><tr style="background-color:#dadae4;"><td width="5%">1</td><td width="10%">16222499</td><td width="30%">BASANTA B, FREDDUAR</td><td width="45%">OPERADOR DE REDUCCION II</td><td width="10%">07:52:02</td></tr><tr><td width="5%">2</td><td width="10%">20885926</td><td width="30%">EURRESTA S, JHONATHAN</td><td width="45%">OPERADOR MANEJO DE MINERALES I</td><td width="10%">07:23:06</td></tr><tr style="background-color:#dadae4;"><td width="5%">3</td><td width="10%">16844273</td><td width="30%">SANDOVAL, JOSE</td><td width="45%">OPERADOR DE BRIQUETEADORA III</td><td width="10%">07:06:24</td></tr><tr><td width="5%">4</td><td width="10%">12595921</td><td width="30%">GIL B, LUIS</td><td width="45%">OPERADOR DE BRIQUETEADORA I</td><td width="10%">07:06:17</td></tr><tr style="background-color:#dadae4;"><td width="5%">5</td><td width="10%">17047228</td><td width="30%">RODRIGUEZ S, ELEAZAR</td><td width="45%">OPERADOR DE REFORMACION III</td><td width="10%">07:01:24</td></tr><tr><td width="5%">6</td><td width="10%">8944548</td><td width="30%">MORENO A, YOEL</td><td width="45%">OPERADOR DE SERVICIOS AUXILIARES I</td><td width="10%">06:58:14</td></tr><tr style="background-color:#dadae4;"><td width="5%">7</td><td width="10%">13089192</td><td width="30%">ZABALA, CARLOS</td><td width="45%">OPERADOR SALA DE CONTROL I</td><td width="10%">06:58:02</td></tr><tr><td width="5%">8</td><td width="10%">4028944</td><td width="30%">SANCHEZ R, WILFREDO</td><td width="45%">JEFE DE PLANTA.</td><td width="10%">06:53:49</td></tr><tr style="background-color:#dadae4;"><td width="5%">9</td><td width="10%">10933722</td><td width="30%">QUINTANA P, JAME</td><td width="45%">ESPECIALISTA DE  SALA DE CONTROL</td><td width="10%">06:53:22</td></tr><tr><td colspan="5"><b>Total por Gcia. de Operaciones y Procesos         : 9</b></td></tr> </tbody>
				               		 </table><br><br><table width="100%" border="1" style="font-size:12px"><thead>
		        		            <tr style="background-color:#c8190d;color:#ffffff;">
				                        <td colspan="5" align="center"><b>Gerencia de Mantenimiento               </b></td>
		                		    </tr>
				                    <tr>                	        	
		                                <th width="5%">#</th>
		                        		<th width="10%">Cedula</th>
			        	                <th width="30%">Nombre</th>
		        		                <th width="45%">Cargo</th>
			                	        <th width="10%">Hora</th>
				                   </tr>
		                		</thead>
				                <tbody><tr style="background-color:#dadae4;"><td width="5%">1</td><td width="10%">13443150</td><td width="30%">SALAZAR M, ISMAEL</td><td width="45%">MAQUINISTA I</td><td width="10%">07:06:33</td></tr><tr><td width="5%">2</td><td width="10%">13981413</td><td width="30%">CLEMAT C, JONATHAN</td><td width="45%">MECANICO SOLDADOR I</td><td width="10%">07:05:58</td></tr><tr style="background-color:#dadae4;"><td width="5%">3</td><td width="10%">15543320</td><td width="30%">JARAMILLO M, GUSTAVO</td><td width="45%">MAQUINISTA I</td><td width="10%">07:04:25</td></tr><tr><td width="5%">4</td><td width="10%">8471993</td><td width="30%">BRONT R, MIGUEL</td><td width="45%">MECANICO II</td><td width="10%">07:00:48</td></tr><tr style="background-color:#dadae4;"><td width="5%">5</td><td width="10%">14510357</td><td width="30%">RODRIGUEZ H, CLIVER</td><td width="45%">MECANICO I</td><td width="10%">07:00:33</td></tr><tr><td width="5%">6</td><td width="10%">8669560</td><td width="30%">VERA, EDGAR</td><td width="45%">MECANICO I</td><td width="10%">06:58:34</td></tr><tr style="background-color:#dadae4;"><td width="5%">7</td><td width="10%">8916540</td><td width="30%">VIAMONTE, PEDRO</td><td width="45%">MECANICO I</td><td width="10%">06:58:27</td></tr><tr><td width="5%">8</td><td width="10%">15542109</td><td width="30%">BARRETO, ANGEL</td><td width="45%">SUPERVISOR DE MANTENIMIENTO</td><td width="10%">06:56:55</td></tr><tr style="background-color:#dadae4;"><td width="5%">9</td><td width="10%">11773703</td><td width="30%">JIMENEZ, DANIEL</td><td width="45%">MECANICO SOLDADOR I</td><td width="10%">06:53:31</td></tr><tr><td width="5%">10</td><td width="10%">13647129</td><td width="30%">SALAZAR H, LUIS</td><td width="45%">MECANICO I</td><td width="10%">06:53:16</td></tr><tr style="background-color:#dadae4;"><td width="5%">11</td><td width="10%">8253971</td><td width="30%">ZAMORA C, EZEQUIEL</td><td width="45%">MECANICO SOLDADOR I</td><td width="10%">06:53:05</td></tr><tr><td width="5%">12</td><td width="10%">14505176</td><td width="30%">MEDINA P, CRUZ</td><td width="45%">MECANICO I</td><td width="10%">06:50:49</td></tr><tr style="background-color:#dadae4;"><td width="5%">13</td><td width="10%">16617133</td><td width="30%">ROJAS R, YONIS</td><td width="45%">MECANICO SOLDADOR I</td><td width="10%">06:50:46</td></tr><tr><td width="5%">14</td><td width="10%">9903982</td><td width="30%">COLMENARES H, ELVIS</td><td width="45%">SUPERVISOR DE MANTENIMIENTO</td><td width="10%">06:44:39</td></tr><tr style="background-color:#dadae4;"><td width="5%">15</td><td width="10%">16010755</td><td width="30%">LISBOA G, JEAN</td><td width="45%">MECANICO I</td><td width="10%">06:44:03</td></tr><tr><td width="5%">16</td><td width="10%">11519796</td><td width="30%">SUBERO G, PEDRO</td><td width="45%">MECANICO I</td><td width="10%">06:43:51</td></tr><tr style="background-color:#dadae4;"><td width="5%">17</td><td width="10%">13336476</td><td width="30%">MORENO S, MANUEL</td><td width="45%">SUPERVISOR DE MANTENIMIENTO</td><td width="10%">07:14:41</td></tr><tr><td width="5%">18</td><td width="10%">25745690</td><td width="30%">VENTURINI J, OSVERLIS</td><td width="45%">INSPECTOR DE INSTRUMENTACION I</td><td width="10%">07:04:58</td></tr><tr style="background-color:#dadae4;"><td width="5%">19</td><td width="10%">21248197</td><td width="30%">ARO B, DEMERSON</td><td width="45%">INSPECTOR DE INSTRUMENTACION I</td><td width="10%">07:01:28</td></tr><tr><td width="5%">20</td><td width="10%">20804241</td><td width="30%">MARTINEZ G, EDDYTSON</td><td width="45%">ELECTRO/MECANICO I</td><td width="10%">07:01:03</td></tr><tr style="background-color:#dadae4;"><td width="5%">21</td><td width="10%">8523935</td><td width="30%">BOLIVAR P, MOISES</td><td width="45%">INSTRUMENTISTA I</td><td width="10%">07:00:24</td></tr><tr><td width="5%">22</td><td width="10%">12132579</td><td width="30%">RIVAS H, RICHARD</td><td width="45%">ELECTRO/INSTRUMENTISTA I</td><td width="10%">06:58:37</td></tr><tr style="background-color:#dadae4;"><td width="5%">23</td><td width="10%">18171134</td><td width="30%">MORALES S, ALVARO</td><td width="45%">ELECTRO/INSTRUMENTISTA I</td><td width="10%">06:50:42</td></tr><tr><td width="5%">24</td><td width="10%">19093673</td><td width="30%">ARTEAGA A, JOSE</td><td width="45%">INGENIERO ESPECIALISTA DE CONTROL I</td><td width="10%">07:05:24</td></tr><tr style="background-color:#dadae4;"><td width="5%">25</td><td width="10%">13156625</td><td width="30%">RUIZ B, LUIS</td><td width="45%">INSPECTOR DE ELECTRO MECANICO I</td><td width="10%">07:05:21</td></tr><tr><td width="5%">26</td><td width="10%">13982521</td><td width="30%">PE?A O, NORBERTO</td><td width="45%">INGENIERO ESPECIALISTA DE CONTROL I</td><td width="10%">06:51:09</td></tr><tr style="background-color:#dadae4;"><td width="5%">27</td><td width="10%">14120837</td><td width="30%">HENRIQUEZ H, ROGER</td><td width="45%">INSPECTOR DE REDUCCION Y REFORMACION I</td><td width="10%">07:33:13</td></tr><tr><td width="5%">28</td><td width="10%">15372685</td><td width="30%">HENRIQUEZ H, JUAN</td><td width="45%">INSPEC DE MNJO MATERIALES I</td><td width="10%">07:19:27</td></tr><tr style="background-color:#dadae4;"><td width="5%">29</td><td width="10%">12652013</td><td width="30%">CARABALLO G, CESAR</td><td width="45%">INSPECTOR DE BRIQUETEADORA I</td><td width="10%">07:06:28</td></tr><tr><td width="5%">30</td><td width="10%">14509326</td><td width="30%">AREVALO M, YUDISAY</td><td width="45%">GERENTE DE MANTENIMIENTO</td><td width="10%">07:50:30</td></tr><tr style="background-color:#dadae4;"><td width="5%">31</td><td width="10%">12893599</td><td width="30%">HENRIQUEZ H, JORGE</td><td width="45%">COORDINADOR DE BRIQUETEADORA</td><td width="10%">07:33:22</td></tr><tr><td width="5%">32</td><td width="10%">12359189</td><td width="30%">BETHELMY B, JOSE</td><td width="45%">COORD DE  EJE DE ELECTRO INSTRUMENTACION</td><td width="10%">07:29:40</td></tr><tr style="background-color:#dadae4;"><td width="5%">33</td><td width="10%">14403756</td><td width="30%">SALAZAR O, NELSON</td><td width="45%">COORD DE REDUCCION Y REFORMACION</td><td width="10%">07:23:08</td></tr><tr><td width="5%">34</td><td width="10%">14987467</td><td width="30%">VALDEZ B, DANIEL</td><td width="45%">JEFE DE ELECTRO INSTRUMENTACION</td><td width="10%">07:23:02</td></tr><tr style="background-color:#dadae4;"><td width="5%">35</td><td width="10%">13911621</td><td width="30%">MANZANO R, EDWIN</td><td width="45%">COORDINADOR DE INSTRUMENTACION</td><td width="10%">07:20:45</td></tr><tr><td width="5%">36</td><td width="10%">15852874</td><td width="30%">RUIZ D, RONARD</td><td width="45%">COORD. PROGRAMACION Y CONTROL DE GESTION</td><td width="10%">07:06:12</td></tr><tr style="background-color:#dadae4;"><td width="5%">37</td><td width="10%">17040960</td><td width="30%">PURO R, MIGDALI</td><td width="45%">COORDINADOR ELECTRO MECANICO</td><td width="10%">07:04:42</td></tr><tr><td width="5%">38</td><td width="10%">20934429</td><td width="30%">FUENTES C, LUIS</td><td width="45%">COORDINADOR DE MANEJO DE MATERIALES</td><td width="10%">07:01:45</td></tr><tr style="background-color:#dadae4;"><td width="5%">39</td><td width="10%">8592995</td><td width="30%">SOCORRO A, CARLOS</td><td width="45%">JEFE DE TALLER ZONAL</td><td width="10%">07:00:41</td></tr><tr><td width="5%">40</td><td width="10%">14986923</td><td width="30%">PADRINO R, ANGEL</td><td width="45%">JEFE BRIQUETEADORA Y MANEJO DE MATERIALS</td><td width="10%">06:56:45</td></tr><tr style="background-color:#dadae4;"><td width="5%">41</td><td width="10%">11515592</td><td width="30%">BELLO Y, ANTONIO</td><td width="45%">ESPECI DE IZAJE Y SISTEMAS HIDRÁULICOS</td><td width="10%">06:56:16</td></tr><tr><td width="5%">42</td><td width="10%">13684804</td><td width="30%">RODRIGUEZ Z, JOSE</td><td width="45%">ESPECI DE IZAJE Y SISTEMAS HIDRÁULICOS</td><td width="10%">06:55:58</td></tr><tr style="background-color:#dadae4;"><td width="5%">43</td><td width="10%">12757436</td><td width="30%">BELLOSO B, CARLOS</td><td width="45%">ESPECIALISTA DE MAQUINAS BRIQUETEADORAS</td><td width="10%">06:55:55</td></tr><tr><td width="5%">44</td><td width="10%">12645407</td><td width="30%">MINA S, DUVAR</td><td width="45%">JEFE DE EJECUCION DE MANTENIMIENTO</td><td width="10%">06:53:13</td></tr><tr><td colspan="5"><b>Total por Gerencia de Mantenimiento               : 44</b></td></tr> </tbody>
				               		 </table><br><br><table width="100%" border="1" style="font-size:12px"><thead>
		        		            <tr style="background-color:#c8190d;color:#ffffff;">
				                        <td colspan="5" align="center"><b>Gerencia General Industrial             </b></td>
		                		    </tr>
				                    <tr>                	        	
		                                <th width="5%">#</th>
		                        		<th width="10%">Cedula</th>
			        	                <th width="30%">Nombre</th>
		        		                <th width="45%">Cargo</th>
			                	        <th width="10%">Hora</th>
				                   </tr>
		                		</thead>
				                <tbody><tr style="background-color:#dadae4;"><td width="5%">1</td><td width="10%">9947572</td><td width="30%">HERNANDEZ, ORLANDO</td><td width="45%">COORD MANTTO DE VEH Y EQPO MOVILES (E)</td><td width="10%">07:50:43</td></tr><tr><td width="5%">2</td><td width="10%">11004961</td><td width="30%">GALLARDO G, SIMON</td><td width="45%">JEFE DEPTO DE SERVICIOS INDUSTRIALES</td><td width="10%">07:31:43</td></tr><tr style="background-color:#dadae4;"><td width="5%">3</td><td width="10%">4188473</td><td width="30%">MENESES, ELEAZAR</td><td width="45%">ESPECIALISTA DE MATTO  ELECTROINSTRUMEN.</td><td width="10%">07:04:19</td></tr><tr><td width="5%">4</td><td width="10%">8382018</td><td width="30%">SALAZAR I, NELSON</td><td width="45%">ESPECIALISTA DE MONTAJE Y DESMONTAJE</td><td width="10%">07:02:55</td></tr><tr style="background-color:#dadae4;"><td width="5%">5</td><td width="10%">17797971</td><td width="30%">TORREALBA M, DIANA</td><td width="45%">COORDINADOR DE SERVICIOS INDUSTRIALES</td><td width="10%">07:01:49</td></tr><tr><td width="5%">6</td><td width="10%">4015483</td><td width="30%">AVILA C, AUDIEN</td><td width="45%">ESPECIALISTA DE  MANTENIMIENTO MECANICO</td><td width="10%">06:56:40</td></tr><tr style="background-color:#dadae4;"><td width="5%">7</td><td width="10%">3854408</td><td width="30%">BERMUDEZ, LUIS</td><td width="45%">GERENTE GENERAL INDUSTRIAL</td><td width="10%">06:56:22</td></tr><tr><td width="5%">8</td><td width="10%">20013612</td><td width="30%">RODRIGUEZ F, ELIMAR</td><td width="45%">COORDINADOR DE SERVICIOS GENERALES (E)</td><td width="10%">06:53:24</td></tr><tr style="background-color:#dadae4;"><td width="5%">9</td><td width="10%">20887303</td><td width="30%">GRIMON B, EDWUAR</td><td width="45%">COORDINADOR DE LIMPIEZA INDUSTRIAL</td><td width="10%">06:43:54</td></tr><tr><td width="5%">10</td><td width="10%">12359403</td><td width="30%">SOTILLO N, DIMAS</td><td width="45%">MECANICO DE ANDAMIOS I</td><td width="10%">07:07:26</td></tr><tr style="background-color:#dadae4;"><td width="5%">11</td><td width="10%">17216283</td><td width="30%">RODRIGUEZ C, LUIS</td><td width="45%">SUPERVISOR DE LIMPIEZA INDUSTRIAL</td><td width="10%">07:07:19</td></tr><tr><td width="5%">12</td><td width="10%">15137076</td><td width="30%">TRINIDAD L, JUAN</td><td width="45%">MECANICO DE ANDAMIOS I</td><td width="10%">07:07:00</td></tr><tr style="background-color:#dadae4;"><td width="5%">13</td><td width="10%">12650708</td><td width="30%">FLORES G, JOSE</td><td width="45%">TECNICO REFRIG. Y AISLAMIENTO TERMICO I</td><td width="10%">07:06:56</td></tr><tr><td width="5%">14</td><td width="10%">15909590</td><td width="30%">RUIZ P, ALI</td><td width="45%">MEC DE VEHICULOS Y EQUIPOS MOVILES I</td><td width="10%">07:06:52</td></tr><tr style="background-color:#dadae4;"><td width="5%">15</td><td width="10%">15543518</td><td width="30%">ACU?A V, LENIN</td><td width="45%">SUPERVISOR DE SERVICIOS GENERALES</td><td width="10%">07:06:20</td></tr><tr><td width="5%">16</td><td width="10%">9946736</td><td width="30%">GARCIA S, YASMIN</td><td width="45%">OBRERO DE LIMPIEZA I</td><td width="10%">07:06:14</td></tr><tr style="background-color:#dadae4;"><td width="5%">17</td><td width="10%">5338724</td><td width="30%">VIAMONTE, EDGAR</td><td width="45%">ALMACENISTA DE HERRAMIENTAS III</td><td width="10%">07:00:01</td></tr><tr><td width="5%">18</td><td width="10%">5983727</td><td width="30%">CEDEÑO, ANGEL</td><td width="45%">TECNICO DE LIMPIEZA INDUSTRIAL I</td><td width="10%">06:58:11</td></tr><tr style="background-color:#dadae4;"><td width="5%">19</td><td width="10%">13646896</td><td width="30%">SAYED S, NEDER</td><td width="45%">ALMACENISTA DE HERRAMIENTAS I</td><td width="10%">06:58:07</td></tr><tr><td width="5%">20</td><td width="10%">8375145</td><td width="30%">DIAZ, HUMBERTO</td><td width="45%">OBRERO SERVICIOS GENERALES I</td><td width="10%">06:57:52</td></tr><tr style="background-color:#dadae4;"><td width="5%">21</td><td width="10%">8532894</td><td width="30%">RODRIGUEZ G, CARMEN</td><td width="45%">OBRERO DE LIMPIEZA I</td><td width="10%">06:57:44</td></tr><tr><td width="5%">22</td><td width="10%">15185551</td><td width="30%">YEPEZ E, CARLOS</td><td width="45%">MECANICO DE ANDAMIOS I</td><td width="10%">06:57:17</td></tr><tr style="background-color:#dadae4;"><td width="5%">23</td><td width="10%">25978904</td><td width="30%">ZAPATA L, ROGELIO</td><td width="45%">TECNICO DE LIMPIEZA INDUSTRIAL I</td><td width="10%">06:56:52</td></tr><tr><td width="5%">24</td><td width="10%">17695953</td><td width="30%">SANCHEZ A, JOSE</td><td width="45%">TECNICO REFRIG. Y AISLAMIENTO TERMICO I</td><td width="10%">06:56:49</td></tr><tr style="background-color:#dadae4;"><td width="5%">25</td><td width="10%">10392027</td><td width="30%">DIAZ R, RAMON</td><td width="45%">MEC DE VEHICULOS Y EQUIPOS MOVILES I</td><td width="10%">06:53:46</td></tr><tr><td width="5%">26</td><td width="10%">12519535</td><td width="30%">ROJAS T, TEODULFO</td><td width="45%">TECNICO DE LIMPIEZA INDUSTRIAL II</td><td width="10%">06:53:27</td></tr><tr style="background-color:#dadae4;"><td width="5%">27</td><td width="10%">10934864</td><td width="30%">SUAREZ A, ASDRUVAL</td><td width="45%">OBRERO SERVICIOS GENERALES I</td><td width="10%">06:50:39</td></tr><tr><td width="5%">28</td><td width="10%">16026874</td><td width="30%">LLOVERA M, JOSE</td><td width="45%">OBRERO SERVICIOS GENERALES I</td><td width="10%">06:50:34</td></tr><tr style="background-color:#dadae4;"><td width="5%">29</td><td width="10%">8964332</td><td width="30%">RODRIGUEZ R, ROSELIS</td><td width="45%">OBRERO DE LIMPIEZA I</td><td width="10%">06:50:24</td></tr><tr><td width="5%">30</td><td width="10%">14837723</td><td width="30%">NAVARRO S, YRAIDA</td><td width="45%">OBRERO DE LIMPIEZA I</td><td width="10%">06:50:10</td></tr><tr style="background-color:#dadae4;"><td width="5%">31</td><td width="10%">25034688</td><td width="30%">FIGUEREDO G, ANTHONY</td><td width="45%">TECNICO DE LIMPIEZA INDUSTRIAL I</td><td width="10%">06:44:00</td></tr><tr><td width="5%">32</td><td width="10%">17430476</td><td width="30%">ROJAS M, MIGUEL</td><td width="45%">TECNICO REFRIG. Y AISLAMIENTO TERMICO I</td><td width="10%">06:43:58</td></tr><tr style="background-color:#dadae4;"><td width="5%">33</td><td width="10%">18171752</td><td width="30%">GONZALEZ R, JOSNERY</td><td width="45%">OBRERO DE LIMPIEZA I</td><td width="10%">06:43:41</td></tr><tr><td colspan="5"><b>Total por Gerencia General Industrial             : 33</b></td></tr> </tbody>
				               		 </table><br><br><table width="100%" border="1" style="font-size:12px"><thead>
		        		            <tr style="background-color:#c8190d;color:#ffffff;">
				                        <td colspan="5" align="center"><b>Gcia de Planif Gestion e ing Ind        </b></td>
		                		    </tr>
				                    <tr>                	        	
		                                <th width="5%">#</th>
		                        		<th width="10%">Cedula</th>
			        	                <th width="30%">Nombre</th>
		        		                <th width="45%">Cargo</th>
			                	        <th width="10%">Hora</th>
				                   </tr>
		                		</thead>
				                <tbody><tr style="background-color:#dadae4;"><td width="5%">1</td><td width="10%">10518581</td><td width="30%">LEON A, XIOMAR</td><td width="45%">ESPECIALISTA DE SISTEMA DE GESTION</td><td width="10%">07:32:36</td></tr><tr><td width="5%">2</td><td width="10%">13647019</td><td width="30%">FARIAS L, SUNIX</td><td width="45%">ANALISTA DE PRESUPUESTO I</td><td width="10%">06:57:55</td></tr><tr><td colspan="5"><b>Total por Gcia de Planif Gestion e ing Ind        : 2</b></td></tr> </tbody>
				               		 </table><br><br><table width="100%" border="1" style="font-size:12px"><thead>
		        		            <tr style="background-color:#c8190d;color:#ffffff;">
				                        <td colspan="5" align="center"><b>Gerencia de Abastecimiento              </b></td>
		                		    </tr>
				                    <tr>                	        	
		                                <th width="5%">#</th>
		                        		<th width="10%">Cedula</th>
			        	                <th width="30%">Nombre</th>
		        		                <th width="45%">Cargo</th>
			                	        <th width="10%">Hora</th>
				                   </tr>
		                		</thead>
				                <tbody><tr style="background-color:#dadae4;"><td width="5%">1</td><td width="10%">5212833</td><td width="30%">CORONADO, JOSE</td><td width="45%">ALMACENISTA I</td><td width="10%">06:58:20</td></tr><tr><td width="5%">2</td><td width="10%">15521692</td><td width="30%">MARTINEZ, YSIDRO</td><td width="45%">ANALISTA DE INVENTARIO I</td><td width="10%">07:01:07</td></tr><tr style="background-color:#dadae4;"><td width="5%">3</td><td width="10%">24378928</td><td width="30%">BARAJAS R, FRANCIS</td><td width="45%">ANALISTA DE INVENTARIO I</td><td width="10%">07:00:59</td></tr><tr><td width="5%">4</td><td width="10%">14440147</td><td width="30%">MARIN R, ODELYS</td><td width="45%">JEFE DE COMPRAS (E)</td><td width="10%">06:53:10</td></tr><tr style="background-color:#dadae4;"><td width="5%">5</td><td width="10%">8941868</td><td width="30%">SALAZAR M, ONEIDA</td><td width="45%">ESPECIALISTA ESTIMACION DE COSTOS</td><td width="10%">06:57:48</td></tr><tr><td colspan="5"><b>Total por Gerencia de Abastecimiento              : 5</b></td></tr> </tbody>
				               		 </table><br><br><table width="100%" border="1" style="font-size:12px"><thead>
		        		            <tr style="background-color:#c8190d;color:#ffffff;">
				                        <td colspan="5" align="center"><b>Gerencia de Administración y Finanzas   </b></td>
		                		    </tr>
				                    <tr>                	        	
		                                <th width="5%">#</th>
		                        		<th width="10%">Cedula</th>
			        	                <th width="30%">Nombre</th>
		        		                <th width="45%">Cargo</th>
			                	        <th width="10%">Hora</th>
				                   </tr>
		                		</thead>
				                <tbody><tr style="background-color:#dadae4;"><td width="5%">1</td><td width="10%">16614770</td><td width="30%">VILLAMIZAR N, ALVARO</td><td width="45%">JEFE DE TESORERIA Y ADMINISTRACION (E)</td><td width="10%">06:56:26</td></tr><tr><td width="5%">2</td><td width="10%">15276781</td><td width="30%">EUREA A, JUAN</td><td width="45%">JEFE DE CONTABILIDAD Y COSTO</td><td width="10%">07:54:23</td></tr><tr style="background-color:#dadae4;"><td width="5%">3</td><td width="10%">17040375</td><td width="30%">LAMEDA R, ELYNEL</td><td width="45%">ANALISTA DE BIENES PATRIMONIALES I</td><td width="10%">07:04:38</td></tr><tr><td width="5%">4</td><td width="10%">24847208</td><td width="30%">GONZALEZ M, ANA</td><td width="45%">ANALISTA DE BIENES PATRIMONIALES I</td><td width="10%">06:56:05</td></tr><tr style="background-color:#dadae4;"><td width="5%">5</td><td width="10%">11731981</td><td width="30%">AFANADOR M, ANDRES</td><td width="45%">COORDINADOR DE BIENES PATRIMONIALES (E)</td><td width="10%">06:07:05</td></tr><tr><td colspan="5"><b>Total por Gerencia de Administración y Finanzas   : 5</b></td></tr> </tbody>
				               		 </table><br><br><table width="100%" border="1" style="font-size:12px"><thead>
		        		            <tr style="background-color:#c8190d;color:#ffffff;">
				                        <td colspan="5" align="center"><b>Gerencia de Calidad y Logística         </b></td>
		                		    </tr>
				                    <tr>                	        	
		                                <th width="5%">#</th>
		                        		<th width="10%">Cedula</th>
			        	                <th width="30%">Nombre</th>
		        		                <th width="45%">Cargo</th>
			                	        <th width="10%">Hora</th>
				                   </tr>
		                		</thead>
				                <tbody><tr style="background-color:#dadae4;"><td width="5%">1</td><td width="10%">13622621</td><td width="30%">MARCANO U, FREDDY</td><td width="45%">ADMIN. DE MATERIA PRIMA Y PRODUCTOS</td><td width="10%">07:04:29</td></tr><tr><td width="5%">2</td><td width="10%">8640065</td><td width="30%">BENITEZ C, ENRIQUE</td><td width="45%">COORD DE ASEGURAMIENTO DE CALIDAD</td><td width="10%">07:00:29</td></tr><tr style="background-color:#dadae4;"><td width="5%">3</td><td width="10%">18900507</td><td width="30%">RODRIGUEZ B, NAILETH</td><td width="45%">ANALISTA DE ASEGURAMIENTO DE CALIDAD I</td><td width="10%">06:50:02</td></tr><tr><td width="5%">4</td><td width="10%">13521502</td><td width="30%">MARQUEZ R, PABLO</td><td width="45%">TECNICO DE LABORATORIO QUIIMICO II</td><td width="10%">07:06:48</td></tr><tr style="background-color:#dadae4;"><td width="5%">5</td><td width="10%">16164894</td><td width="30%">BARRIOS B, RONNY</td><td width="45%">TECNICO DE LABORATORIO FISICO I</td><td width="10%">06:58:30</td></tr><tr><td width="5%">6</td><td width="10%">21198048</td><td width="30%">RODRIGUEZ R, EMANUEL</td><td width="45%">TECNICO DE LABORATORIO FISICO I</td><td width="10%">06:51:00</td></tr><tr style="background-color:#dadae4;"><td width="5%">7</td><td width="10%">15635220</td><td width="30%">BRIZUELA R, BERNARDO</td><td width="45%">OPERADOR DE PATIO I</td><td width="10%">07:07:22</td></tr><tr><td width="5%">8</td><td width="10%">14120111</td><td width="30%">CARRASQUERO S, ELVIS</td><td width="45%">OPERADOR DE DESPACHO DE MATERIALES I</td><td width="10%">07:05:16</td></tr><tr style="background-color:#dadae4;"><td width="5%">9</td><td width="10%">15276310</td><td width="30%">TOCUYO A, JOSE</td><td width="45%">OPERADOR DE BALANZA I</td><td width="10%">07:00:37</td></tr><tr><td width="5%">10</td><td width="10%">13650256</td><td width="30%">TOVAR, ANIBAL</td><td width="45%">OPERADOR MANTENEDOR EQUIPO MOVIL I</td><td width="10%">06:53:39</td></tr><tr style="background-color:#dadae4;"><td width="5%">11</td><td width="10%">11443445</td><td width="30%">BELLO, ELOY</td><td width="45%">OPERADOR MANTENEDOR EQUIPO MOVIL I</td><td width="10%">06:52:42</td></tr><tr><td width="5%">12</td><td width="10%">15371272</td><td width="30%">AGUILERA F, DOMINGO</td><td width="45%">OPERADOR MANTENEDOR EQUIPO MOVIL I</td><td width="10%">06:50:53</td></tr><tr><td colspan="5"><b>Total por Gerencia de Calidad y Logística         : 12</b></td></tr> </tbody>
				               		 </table><br><br><table width="100%" border="1" style="font-size:12px"><thead>
		        		            <tr style="background-color:#c8190d;color:#ffffff;">
				                        <td colspan="5" align="center"><b>Gerencia de Talento Humano              </b></td>
		                		    </tr>
				                    <tr>                	        	
		                                <th width="5%">#</th>
		                        		<th width="10%">Cedula</th>
			        	                <th width="30%">Nombre</th>
		        		                <th width="45%">Cargo</th>
			                	        <th width="10%">Hora</th>
				                   </tr>
		                		</thead>
				                <tbody><tr style="background-color:#dadae4;"><td width="5%">1</td><td width="10%">17631003</td><td width="30%">FUENTES C, MARIA</td><td width="45%">ANALISTA DE ADMINISTRACION DE PERSONAL I</td><td width="10%">06:56:19</td></tr><tr><td width="5%">2</td><td width="10%">25084934</td><td width="30%">GUZMAN A, YEILIMAR</td><td width="45%">ANALISTA DE GESTION  TALENTO HUMANO I</td><td width="10%">07:06:41</td></tr><tr style="background-color:#dadae4;"><td width="5%">3</td><td width="10%">16894474</td><td width="30%">MARTINEZ G, MARIELVIS</td><td width="45%">COORDINADOR DE NOMINA (E)</td><td width="10%">06:53:00</td></tr><tr><td width="5%">4</td><td width="10%">14778372</td><td width="30%">RODRIGUEZ H, TAMARA</td><td width="45%">ANALISTA DE RELACIONES LABORALES II</td><td width="10%">07:40:12</td></tr><tr style="background-color:#dadae4;"><td width="5%">5</td><td width="10%">20934391</td><td width="30%">ABREU M, ADRIANA</td><td width="45%">ANALISTA DE RELACIONES LABORALES I</td><td width="10%">07:05:01</td></tr><tr><td width="5%">6</td><td width="10%">15542875</td><td width="30%">GONZALEZ T, ZULEYMA</td><td width="45%">ANALISTA DE RELACIONES LABORALES III</td><td width="10%">07:04:48</td></tr><tr style="background-color:#dadae4;"><td width="5%">7</td><td width="10%">10995781</td><td width="30%">PEREZ P, LEIDIMARY</td><td width="45%">COORD SISTEMA AUTOADMINISTRADO DE SALUD</td><td width="10%">06:56:11</td></tr><tr><td width="5%">8</td><td width="10%">12650564</td><td width="30%">MAY A, YENNY</td><td width="45%">JEFE DE RELACIONES LABORALES</td><td width="10%">06:43:46</td></tr><tr><td colspan="5"><b>Total por Gerencia de Talento Humano              : 8</b></td></tr> </tbody>
				               		 </table><br><br><table width="100%" border="1" style="font-size:12px"><thead>
		        		            <tr style="background-color:#c8190d;color:#ffffff;">
				                        <td colspan="5" align="center"><b>Gerencia General de Administración      </b></td>
		                		    </tr>
				                    <tr>                	        	
		                                <th width="5%">#</th>
		                        		<th width="10%">Cedula</th>
			        	                <th width="30%">Nombre</th>
		        		                <th width="45%">Cargo</th>
			                	        <th width="10%">Hora</th>
				                   </tr>
		                		</thead>
				                <tbody><tr style="background-color:#dadae4;"><td width="5%">1</td><td width="10%">10554426</td><td width="30%">LOPEZ P, CIPRIANO</td><td width="45%">GERENTE GENERAL DE ADMINISTRACION (E)</td><td width="10%">07:01:20</td></tr><tr><td width="5%">2</td><td width="10%">12564688</td><td width="30%">ZERPA B, MERVIN</td><td width="45%">ESPECIALISTA DE APLICACIONES</td><td width="10%">07:05:05</td></tr><tr style="background-color:#dadae4;"><td width="5%">3</td><td width="10%">17337690</td><td width="30%">BRITO G, MARIA</td><td width="45%">JEFE DE TECNOLOGIA DE INFORMACION</td><td width="10%">06:56:31</td></tr><tr><td width="5%">4</td><td width="10%">16395343</td><td width="30%">LUNAR G, ROBERTO</td><td width="45%">COORDINADOR DESARROLLO DE APLICACIONES</td><td width="10%">06:53:20</td></tr><tr><td colspan="5"><b>Total por Gerencia General de Administración      : 4</b></td></tr> </tbody>
				               		 </table><br><br><table width="100%" border="1" style="font-size:12px"><thead>
		        		            <tr style="background-color:#c8190d;color:#ffffff;">
				                        <td colspan="5" align="center"><b>Gerencia Proyectos Ing. de Planta       </b></td>
		                		    </tr>
				                    <tr>                	        	
		                                <th width="5%">#</th>
		                        		<th width="10%">Cedula</th>
			        	                <th width="30%">Nombre</th>
		        		                <th width="45%">Cargo</th>
			                	        <th width="10%">Hora</th>
				                   </tr>
		                		</thead>
				                <tbody><tr style="background-color:#dadae4;"><td width="5%">1</td><td width="10%">16393179</td><td width="30%">PULIDO  G, DANIEL</td><td width="45%">GERENTE GRAL DE PLANIFICACION Y PROYECTO</td><td width="10%">07:58:57</td></tr><tr><td width="5%">2</td><td width="10%">13994521</td><td width="30%">RAMIREZ G, YOEN</td><td width="45%">COORDINADOR DE INGENIERIA DE PROYECTOS</td><td width="10%">07:05:12</td></tr><tr style="background-color:#dadae4;"><td width="5%">3</td><td width="10%">14611068</td><td width="30%">JIMENEZ A, MARISMER</td><td width="45%">ANALISTA DE INFORMACION TECNICA I</td><td width="10%">07:04:52</td></tr><tr><td width="5%">4</td><td width="10%">27256905</td><td width="30%">RABAGO G, LAURA</td><td width="45%">ASISTENTE DE INFORMACION TECNICA</td><td width="10%">07:01:10</td></tr><tr><td colspan="5"><b>Total por Gerencia Proyectos Ing. de Planta       : 4</b></td></tr> </tbody></table><br><br><table width="100%" border="1" style="font-size:12px"><tr style="background-color:#c8190d;color:#ffffff;"><th colspan="6" align="center">
			    Reporte de entrada del personal Por Control de Acceso 11-07-2024</th></tr><tr>
                <th width="5%">#</th>
                <th width="10%">Cedula</th>
                <th width="22%">Nombre</th>
                <th width="30%">Cargo</th>
                <th width="23%">Departamento</th>
                <th width="10%">Hora</th>
            </tr>
            <tbody><tr style="background-color:#dadae4;"><td>1</td><td>18170065</td><td>CALZADILLA D NORVIS CAROL</td><td>INSTRUMENTISTA I</td><td>Gerencia de Mantenimiento</td><td>07:05:36</td></tr><tr><td>2</td><td>15002377</td><td>DIAZ G HERMI JACCIN</td><td>OPERADOR DE BRIQUETEADORA II</td><td>Gerencia de Operaciones</td><td>06:59:09</td></tr><tr style="background-color:#dadae4;"><td>3</td><td>24963396</td><td>ESQUIVEL B OMAR FABIAN</td><td>ESPECIALISTA DE  SALA DE CONTROL</td><td>Gerencia de Operaciones</td><td>07:04:52</td></tr><tr><td>4</td><td>19094650</td><td>CROSBY R MICHAEL KENNETH</td><td>OPERADOR DE MAQUILLADO I</td><td>Gerencia de Operaciones</td><td>07:06:03</td></tr><tr style="background-color:#dadae4;"><td>5</td><td>15429370</td><td>GARCIA V GELSON GABRIEL</td><td>OPERADOR DE REFORMACION III</td><td>Gerencia de Operaciones</td><td>07:19:10</td></tr><tr><td>6</td><td>16615259</td><td>RODRIGUEZ D JOSE GREGORIO</td><td>ANALISTA DE RELACIONES LABORALES I</td><td>Gerencia de Talento Humano</td><td>06:54:53</td></tr><tr style="background-color:#dadae4;"><td>7</td><td>15520728</td><td>LEZAMA G JUAN JOSE</td><td>ASISTENTE DE GESTION AMBIENTAL</td><td>Gerencia de Talento Humano</td><td>06:58:18</td></tr><tr><td>8</td><td>13710728</td><td>LICET  YENNY COROMOTO</td><td>ESPECIALISTA DE CAPACITACION</td><td>Gerencia de Talento Humano</td><td>07:05:04</td></tr><tr style="background-color:#dadae4;"><td>9</td><td>19611921</td><td>ARREAZA F RICARDO ANDRES</td><td>JEFE DE INGENIERIA DE PROCESOS</td><td>Ingenieria de Procesos</td><td>07:04:40</td></tr><tr><td>10</td><td>26623626</td><td>MATA B LEONEL ANDRES</td><td>INSPECTOR DE PROTECCION DE PLANTA I</td><td>PRESIDENCIA</td><td>06:05:29</td></tr><tr style="background-color:#dadae4;"><td>11</td><td>16389085</td><td>JIMENEZ A JHOLMAN JESUS</td><td>SUPERVISOR REFRIG. Y AISLAMIENTO TERMICO</td><td>Servicios Generales</td><td>07:04:29</td></tr></tbody><tr><th align="left" colspan="6">Trabajadores que ingresaron a la empresa por Control de Acceso: 11</th></tr></table><br><br><table width="100%" border="1" style="font-size:12px">
                                    <tr>
                                        <td colspan="5" align="center"><b>Total de trabajadores que ingresaron  a la empresa: 158</b></td>
                                    </tr>
                          </table>