<table width="100%" border="1"><thead>
		    <tr>
			<td colspan="5" align="center">
			    <h2><b>Reporte de entrada del personal del turno: 3, del Domingo 04-02-2024</b></h2>
			</td>
		    </tr>
			</thead>
				</table>
			<br><br><table width="100%" border="1" style="font-size:12px">
		    <tr style="background-color:#c8190d;color:#ffffff;">
			<th colspan="5" align="center"><b>Gcia Seg Patrimonial                    </b></th>
		    </tr>
                    <tr>
                        <th width="5%">#</th>
                        <th width="10%">Cedula</th>
                        <th width="30%">Nombre</th>
                        <th width="45%">Cargo</th>
                        <th width="10%">Hora</th>
                    </tr> 
        	<tbody><tr style="background-color:#dadae4;"><td>1</td><td>13994332</td><td>SANCHEZ D, JOSE</td><td>INSPECTOR DE PROTECCION DE PLANTA I</td><td>13:49:09</td></tr><tr><td width="5%">2</td><td width="10%">8941529</td><td width="30%">ESPINOZA G, FRANK</td><td width="45%">INSPECTOR DE PROTECCION DE PLANTA I</td><td width="10%">13:36:41</td></tr><tr style="background-color:#dadae4;"><td width="5%">3</td><td width="10%">9285737</td><td width="30%">PINTO P, JOSE</td><td width="45%">SUPERVISOR DE PROTECCION DE PLANTA</td><td width="10%">13:36:35</td></tr><tr><td colspan="5"><b>Total por Gcia Seg Patrimonial                    : 3</b></td></tr> </tbody>
		               		 </table><br><br><table width="100%" border="1" style="font-size:12px"><thead>
        		            <tr style="background-color:#c8190d;color:#ffffff;">
		                        <td colspan="5" align="center"><b>Gerencia de Seguridad y Salud Laboral   </b></td>
                		    </tr>
		                    <tr>                	        	
                                <th width="5%">#</th>
                        		<th width="10%">Cedula</th>
	        	                <th width="30%">Nombre</th>
        		                <th width="45%">Cargo</th>
	                	        <th width="10%">Hora</th>
		                   </tr>
                		</thead>
		                <tbody><tr style="background-color:#dadae4;"><td width="5%">1</td><td width="10%">12214486</td><td width="30%">VELASQUEZ M, DANIRZA</td><td width="45%">ENFERMERA I</td><td width="10%">15:01:01</td></tr><tr><td colspan="5"><b>Total por Gerencia de Seguridad y Salud Laboral   : 1</b></td></tr> </tbody>
		               		 </table><br><br><table width="100%" border="1" style="font-size:12px"><thead>
        		            <tr style="background-color:#c8190d;color:#ffffff;">
		                        <td colspan="5" align="center"><b>Gcia. de Operaciones y Procesos         </b></td>
                		    </tr>
		                    <tr>                	        	
                                <th width="5%">#</th>
                        		<th width="10%">Cedula</th>
	        	                <th width="30%">Nombre</th>
        		                <th width="45%">Cargo</th>
	                	        <th width="10%">Hora</th>
		                   </tr>
                		</thead>
		                <tbody><tr style="background-color:#dadae4;"><td width="5%">1</td><td width="10%">14941142</td><td width="30%">ROA A, JHON</td><td width="45%">ESPECIALISTA DE  SALA DE CONTROL</td><td width="10%">15:34:25</td></tr><tr><td width="5%">2</td><td width="10%">10049307</td><td width="30%">MEDINA G, CARLOS</td><td width="45%">OPERADOR DE REFORMACION II</td><td width="10%">15:01:14</td></tr><tr style="background-color:#dadae4;"><td width="5%">3</td><td width="10%">14986728</td><td width="30%">PEREZ P, JEFFERSON</td><td width="45%">OPERADOR DE REDUCCION III</td><td width="10%">15:01:05</td></tr><tr><td width="5%">4</td><td width="10%">14222926</td><td width="30%">LORETO S, JESUS</td><td width="45%">OPERADOR DE SERVICIOS AUXILIARES II</td><td width="10%">15:00:25</td></tr><tr style="background-color:#dadae4;"><td width="5%">5</td><td width="10%">12559870</td><td width="30%">ORTEGA C, RONALD</td><td width="45%">OPERADOR DE BRIQUETEADORA I</td><td width="10%">14:57:30</td></tr><tr><td width="5%">6</td><td width="10%">16944971</td><td width="30%">AVILA V, RONNY</td><td width="45%">JEFE DE PLANTA.</td><td width="10%">14:57:26</td></tr><tr style="background-color:#dadae4;"><td width="5%">7</td><td width="10%">24963396</td><td width="30%">ESQUIVEL B, OMAR</td><td width="45%">ESPECIALISTA DE  SALA DE CONTROL</td><td width="10%">14:57:22</td></tr><tr><td width="5%">8</td><td width="10%">19126141</td><td width="30%">RAMIREZ R, ROGER</td><td width="45%">OPERADOR SALA DE CONTROL I</td><td width="10%">14:46:37</td></tr><tr><td colspan="5"><b>Total por Gcia. de Operaciones y Procesos         : 8</b></td></tr> </tbody>
		               		 </table><br><br><table width="100%" border="1" style="font-size:12px"><thead>
        		            <tr style="background-color:#c8190d;color:#ffffff;">
		                        <td colspan="5" align="center"><b>Gerencia de Mantenimiento               </b></td>
                		    </tr>
		                    <tr>                	        	
                                <th width="5%">#</th>
                        		<th width="10%">Cedula</th>
	        	                <th width="30%">Nombre</th>
        		                <th width="45%">Cargo</th>
	                	        <th width="10%">Hora</th>
		                   </tr>
                		</thead>
		                <tbody><tr style="background-color:#dadae4;"><td width="5%">1</td><td width="10%">8270237</td><td width="30%">MENDEZ, DARWIN</td><td width="45%">MECANICO I</td><td width="10%">15:01:11</td></tr><tr><td width="5%">2</td><td width="10%">12191259</td><td width="30%">HERNANDEZ, LEONARDO</td><td width="45%">MECANICO SOLDADOR I</td><td width="10%">15:00:37</td></tr><tr style="background-color:#dadae4;"><td width="5%">3</td><td width="10%">13443646</td><td width="30%">MACHIZ S, LEONER</td><td width="45%">MECANICO I</td><td width="10%">15:00:32</td></tr><tr><td width="5%">4</td><td width="10%">12360812</td><td width="30%">BARCELO A, JULIO</td><td width="45%">MECANICO I</td><td width="10%">14:57:34</td></tr><tr style="background-color:#dadae4;"><td width="5%">5</td><td width="10%">12004862</td><td width="30%">NAVARRO G, RAUL</td><td width="45%">SUPERVISOR DE MANTENIMIENTO</td><td width="10%">14:46:46</td></tr><tr><td width="5%">6</td><td width="10%">16162998</td><td width="30%">BAENA A, RENE</td><td width="45%">ELECTRO/INSTRUMENTISTA III</td><td width="10%">15:01:08</td></tr><tr style="background-color:#dadae4;"><td width="5%">7</td><td width="10%">18339906</td><td width="30%">MENDOZA M, FRANCISCO</td><td width="45%">ELECTRO/INSTRUMENTISTA I</td><td width="10%">14:46:40</td></tr><tr><td colspan="5"><b>Total por Gerencia de Mantenimiento               : 7</b></td></tr> </tbody>
		               		 </table><br><br><table width="100%" border="1" style="font-size:12px"><thead>
        		            <tr style="background-color:#c8190d;color:#ffffff;">
		                        <td colspan="5" align="center"><b>Gerencia General Industrial             </b></td>
                		    </tr>
		                    <tr>                	        	
                                <th width="5%">#</th>
                        		<th width="10%">Cedula</th>
	        	                <th width="30%">Nombre</th>
        		                <th width="45%">Cargo</th>
	                	        <th width="10%">Hora</th>
		                   </tr>
                		</thead>
		                <tbody><tr style="background-color:#dadae4;"><td width="5%">1</td><td width="10%">4030232</td><td width="30%">RODRIGUEZ, ISMALDO</td><td width="45%">ALMACENISTA DE HERRAMIENTAS I</td><td width="10%">14:46:42</td></tr><tr><td colspan="5"><b>Total por Gerencia General Industrial             : 1</b></td></tr> </tbody>
		               		 </table><br><br><table width="100%" border="1" style="font-size:12px"><thead>
        		            <tr style="background-color:#c8190d;color:#ffffff;">
		                        <td colspan="5" align="center"><b>Gerencia de Abastecimiento              </b></td>
                		    </tr>
		                    <tr>                	        	
                                <th width="5%">#</th>
                        		<th width="10%">Cedula</th>
	        	                <th width="30%">Nombre</th>
        		                <th width="45%">Cargo</th>
	                	        <th width="10%">Hora</th>
		                   </tr>
                		</thead>
		                <tbody><tr style="background-color:#dadae4;"><td width="5%">1</td><td width="10%">21198445</td><td width="30%">RODRIGUEZ B, MAILETH</td><td width="45%">ALMACENISTA I</td><td width="10%">14:57:37</td></tr><tr><td colspan="5"><b>Total por Gerencia de Abastecimiento              : 1</b></td></tr> </tbody>
		               		 </table><br><br><table width="100%" border="1" style="font-size:12px"><thead>
        		            <tr style="background-color:#c8190d;color:#ffffff;">
		                        <td colspan="5" align="center"><b>Gerencia de Calidad y Logística         </b></td>
                		    </tr>
		                    <tr>                	        	
                                <th width="5%">#</th>
                        		<th width="10%">Cedula</th>
	        	                <th width="30%">Nombre</th>
        		                <th width="45%">Cargo</th>
	                	        <th width="10%">Hora</th>
		                   </tr>
                		</thead>
		                <tbody><tr style="background-color:#dadae4;"><td width="5%">1</td><td width="10%">9949859</td><td width="30%">DIAZ A, LUIS</td><td width="45%">TECNICO DE LABORATORIO FISICO I</td><td width="10%">14:49:05</td></tr><tr><td width="5%">2</td><td width="10%">13521502</td><td width="30%">MARQUEZ R, PABLO</td><td width="45%">TECNICO DE LABORATORIO QUIIMICO II</td><td width="10%">14:46:49</td></tr><tr><td colspan="5"><b>Total por Gerencia de Calidad y Logística         : 2</b></td></tr> </tbody></table><br><br><table width="100%" border="1" style="font-size:12px"><tr style="background-color:#c8190d;color:#ffffff;"><th colspan="6" align="center">
			    Reporte de entrada del personal Por Control de Acceso 04-02-2024</th></tr><tr>
                <th width="5%">#</th>
                <th width="10%">Cedula</th>
                <th width="22%">Nombre</th>
                <th width="30%">Cargo</th>
                <th width="23%">Departamento</th>
                <th width="10%">Hora</th>
            </tr>
            <tbody></tbody><tr><th align="left" colspan="6">Trabajadores que ingresaron a la empresa por Control de Acceso: 0</th></tr></table><br><br><table width="100%" border="1" style="font-size:12px">
                                    <tr>
                                        <td colspan="5" align="center"><b>Total de trabajadores que ingresaron  a la empresa: 23</b></td>
                                    </tr>
                          </table>