<table width="100%" border="1"><thead>
		    <tr>
			<td colspan="5" align="center">
			    <h2><b>Reporte de entrada del personal del turno: 4, del Lunes 05-02-2024</b></h2>
			</td>
		    </tr>
			</thead>
				</table>
			<br><br><table width="100%" border="1" style="font-size:12px">
		    <tr style="background-color:#c8190d;color:#ffffff;">
			<th colspan="5" align="center"><b>Gcia Relaciones Instit y Desarrollo Endo</b></th>
		    </tr>
                    <tr>
                        <th width="5%">#</th>
                        <th width="10%">Cedula</th>
                        <th width="30%">Nombre</th>
                        <th width="45%">Cargo</th>
                        <th width="10%">Hora</th>
                    </tr> 
        	<tbody><tr style="background-color:#dadae4;"><td>1</td><td>16844974</td><td>VILLAMIZAR N, ASTRID</td><td>JF RELACIONES INST COMUNIC Y DRLLO ENDOG</td><td>07:43:32</td></tr><tr><td width="5%">2</td><td width="10%">9948087</td><td width="30%">CORVO B, JOSE</td><td width="45%">COORDINADOR DE DESARROLLO ENDOGENO</td><td width="10%">06:49:08</td></tr><tr style="background-color:#dadae4;"><td width="5%">3</td><td width="10%">7843034</td><td width="30%">ROJAS V, EDWIN</td><td width="45%">GERENTE DE RELACIONES INST Y DRLLO ENDOG</td><td width="10%">05:54:19</td></tr><tr><td colspan="5"><b>Total por Gcia Relaciones Instit y Desarrollo Endo: 3</b></td></tr> </tbody>
		               		 </table><br><br><table width="100%" border="1" style="font-size:12px"><thead>
        		            <tr style="background-color:#c8190d;color:#ffffff;">
		                        <td colspan="5" align="center"><b>Gcia Seg Patrimonial                    </b></td>
                		    </tr>
		                    <tr>                	        	
                                <th width="5%">#</th>
                        		<th width="10%">Cedula</th>
	        	                <th width="30%">Nombre</th>
        		                <th width="45%">Cargo</th>
	                	        <th width="10%">Hora</th>
		                   </tr>
                		</thead>
		                <tbody><tr style="background-color:#dadae4;"><td width="5%">1</td><td width="10%">19157615</td><td width="30%">GONZALEZ T, RHENI</td><td width="45%">INSPECTOR DE PROTECCION DE PLANTA I</td><td width="10%">07:55:43</td></tr><tr><td width="5%">2</td><td width="10%">11168531</td><td width="30%">CONTRERAS G, VICTOR</td><td width="45%">INSPECTOR DE PROTECCION DE PLANTA I</td><td width="10%">07:17:13</td></tr><tr style="background-color:#dadae4;"><td width="5%">3</td><td width="10%">18248607</td><td width="30%">VALOR R, CESAR</td><td width="45%">INSPECTOR DE CONTROL DE MONITOREO I</td><td width="10%">06:58:40</td></tr><tr><td width="5%">4</td><td width="10%">23500190</td><td width="30%">RODRIGUEZ T, DEYNIS</td><td width="45%">INSPECTOR DE PROTECCION DE PLANTA I</td><td width="10%">06:58:29</td></tr><tr style="background-color:#dadae4;"><td width="5%">5</td><td width="10%">11379206</td><td width="30%">GOITIA J, ELVYS</td><td width="45%">INSPECTOR DE PROTECCION DE PLANTA I</td><td width="10%">06:02:15</td></tr><tr><td width="5%">6</td><td width="10%">18169974</td><td width="30%">JARAMILLO J, DANIEL</td><td width="45%">INSPECTOR DE PROTECCION DE PLANTA I</td><td width="10%">05:58:20</td></tr><tr style="background-color:#dadae4;"><td width="5%">7</td><td width="10%">12645083</td><td width="30%">MORENO G, LUIS</td><td width="45%">INSPECTOR DE PROTECCION DE PLANTA I</td><td width="10%">05:58:13</td></tr><tr><td width="5%">8</td><td width="10%">15372113</td><td width="30%">VILLENA M, CRISTINA</td><td width="45%">ANALISTA DE CONTROL DE ACCESO I</td><td width="10%">05:58:04</td></tr><tr style="background-color:#dadae4;"><td width="5%">9</td><td width="10%">18338856</td><td width="30%">FARIAS B, ADRIAN</td><td width="45%">INSPECTOR DE PROTECCION DE PLANTA I</td><td width="10%">05:57:56</td></tr><tr><td colspan="5"><b>Total por Gcia Seg Patrimonial                    : 9</b></td></tr> </tbody>
		               		 </table><br><br><table width="100%" border="1" style="font-size:12px"><thead>
        		            <tr style="background-color:#c8190d;color:#ffffff;">
		                        <td colspan="5" align="center"><b>Gerencia de Seguridad y Salud Laboral   </b></td>
                		    </tr>
		                    <tr>                	        	
                                <th width="5%">#</th>
                        		<th width="10%">Cedula</th>
	        	                <th width="30%">Nombre</th>
        		                <th width="45%">Cargo</th>
	                	        <th width="10%">Hora</th>
		                   </tr>
                		</thead>
		                <tbody><tr style="background-color:#dadae4;"><td width="5%">1</td><td width="10%">10782206</td><td width="30%">GONZALEZ G, TOMAS</td><td width="45%">OPERADOR  DE CONTROL DE EMERGENCIA I</td><td width="10%">06:58:31</td></tr><tr><td width="5%">2</td><td width="10%">15520728</td><td width="30%">LEZAMA G, JUAN</td><td width="45%">ASISTENTE DE GESTION AMBIENTAL</td><td width="10%">06:58:22</td></tr><tr style="background-color:#dadae4;"><td width="5%">3</td><td width="10%">17211066</td><td width="30%">TOVAR L, KATHERINE</td><td width="45%">MEDICO OCUPACIONAL</td><td width="10%">07:11:08</td></tr><tr><td width="5%">4</td><td width="10%">12214486</td><td width="30%">VELASQUEZ M, DANIRZA</td><td width="45%">ENFERMERA I</td><td width="10%">07:05:07</td></tr><tr style="background-color:#dadae4;"><td width="5%">5</td><td width="10%">13090390</td><td width="30%">MORENO V, CARLOS</td><td width="45%">TECNICO DE HIGIENE Y SEGURIDAD I</td><td width="10%">06:58:11</td></tr><tr><td width="5%">6</td><td width="10%">15231576</td><td width="30%">MEZA R, MARIA</td><td width="45%">GERENTE DE  SEGURIDAD Y SALUD LABORAL</td><td width="10%">06:51:23</td></tr><tr style="background-color:#dadae4;"><td width="5%">7</td><td width="10%">18248190</td><td width="30%">ALGUACA B, MARILIN</td><td width="45%">ENFERMERA I</td><td width="10%">06:51:08</td></tr><tr><td colspan="5"><b>Total por Gerencia de Seguridad y Salud Laboral   : 7</b></td></tr> </tbody>
		               		 </table><br><br><table width="100%" border="1" style="font-size:12px"><thead>
        		            <tr style="background-color:#c8190d;color:#ffffff;">
		                        <td colspan="5" align="center"><b>Presidencia                             </b></td>
                		    </tr>
		                    <tr>                	        	
                                <th width="5%">#</th>
                        		<th width="10%">Cedula</th>
	        	                <th width="30%">Nombre</th>
        		                <th width="45%">Cargo</th>
	                	        <th width="10%">Hora</th>
		                   </tr>
                		</thead>
		                <tbody><tr style="background-color:#dadae4;"><td width="5%">1</td><td width="10%">14441778</td><td width="30%">FIGUERA Z, HECTOR</td><td width="45%">VICEPRESIDENTE (E)</td><td width="10%">07:24:25</td></tr><tr><td width="5%">2</td><td width="10%">16516198</td><td width="30%">PINO J, MARLUZ</td><td width="45%">ESPECIALISTA DE COMERCIALIZACION</td><td width="10%">07:18:27</td></tr><tr style="background-color:#dadae4;"><td width="5%">3</td><td width="10%">14986634</td><td width="30%">MONTA?O Y, MARY</td><td width="45%">SECRETARIA</td><td width="10%">06:51:17</td></tr><tr><td colspan="5"><b>Total por Presidencia                             : 3</b></td></tr> </tbody>
		               		 </table><br><br><table width="100%" border="1" style="font-size:12px"><thead>
        		            <tr style="background-color:#c8190d;color:#ffffff;">
		                        <td colspan="5" align="center"><b>Gcia. de Operaciones y Procesos         </b></td>
                		    </tr>
		                    <tr>                	        	
                                <th width="5%">#</th>
                        		<th width="10%">Cedula</th>
	        	                <th width="30%">Nombre</th>
        		                <th width="45%">Cargo</th>
	                	        <th width="10%">Hora</th>
		                   </tr>
                		</thead>
		                <tbody><tr style="background-color:#dadae4;"><td width="5%">1</td><td width="10%">21251349</td><td width="30%">ALVAREZ L, ENRIQUE</td><td width="45%">ESPECIALISTA DE  SALA DE CONTROL</td><td width="10%">07:22:02</td></tr><tr><td width="5%">2</td><td width="10%">14986242</td><td width="30%">GIL, GEANNY</td><td width="45%">OPERADOR MANEJO DE MINERALES I</td><td width="10%">07:16:09</td></tr><tr style="background-color:#dadae4;"><td width="5%">3</td><td width="10%">15002377</td><td width="30%">DIAZ G, HERMI</td><td width="45%">OPERADOR DE BRIQUETEADORA II</td><td width="10%">07:12:20</td></tr><tr><td width="5%">4</td><td width="10%">4028944</td><td width="30%">SANCHEZ R, WILFREDO</td><td width="45%">JEFE DE PLANTA.</td><td width="10%">06:59:05</td></tr><tr style="background-color:#dadae4;"><td width="5%">5</td><td width="10%">12644988</td><td width="30%">CABRERA R, LUIS</td><td width="45%">OPERADOR DE REFORMACION I</td><td width="10%">06:58:55</td></tr><tr><td width="5%">6</td><td width="10%">22587763</td><td width="30%">DIAS G, MILITZA</td><td width="45%">OPERADOR SALA DE CONTROL I</td><td width="10%">06:58:00</td></tr><tr style="background-color:#dadae4;"><td width="5%">7</td><td width="10%">14580688</td><td width="30%">BELLO B, JOSE</td><td width="45%">OPERADOR DE REDUCCION II</td><td width="10%">06:57:02</td></tr><tr><td width="5%">8</td><td width="10%">12003269</td><td width="30%">MENDEZ, OMAR</td><td width="45%">OPERADOR DE SERVICIOS AUXILIARES II</td><td width="10%">06:56:45</td></tr><tr style="background-color:#dadae4;"><td width="5%">9</td><td width="10%">15279538</td><td width="30%">PEREZ M, DAVID</td><td width="45%">JEFE DE PLANTA.</td><td width="10%">06:56:40</td></tr><tr><td width="5%">10</td><td width="10%">14505453</td><td width="30%">GIL S, JULIO</td><td width="45%">OPERADOR DE REDUCCION I</td><td width="10%">06:56:13</td></tr><tr style="background-color:#dadae4;"><td width="5%">11</td><td width="10%">5339584</td><td width="30%">MARICHALES M, FREDDY</td><td width="45%">ESPECIALISTA DE  SALA DE CONTROL</td><td width="10%">06:56:06</td></tr><tr><td width="5%">12</td><td width="10%">8940079</td><td width="30%">FIGUERA, ALI</td><td width="45%">OPERADOR DE BRIQUETEADORA I</td><td width="10%">06:51:56</td></tr><tr style="background-color:#dadae4;"><td width="5%">13</td><td width="10%">17632745</td><td width="30%">ORTIZ G, WUILVER</td><td width="45%">OPERADOR DE MAQUILLADO I</td><td width="10%">06:51:14</td></tr><tr><td width="5%">14</td><td width="10%">24040953</td><td width="30%">CARVAJAL M, MIGUEL</td><td width="45%">INGENIERO DE PROCESOS</td><td width="10%">06:56:52</td></tr><tr style="background-color:#dadae4;"><td width="5%">15</td><td width="10%">19611921</td><td width="30%">ARREAZA F, RICARDO</td><td width="45%">INGENIERO DE PROCESOS</td><td width="10%">06:56:17</td></tr><tr><td colspan="5"><b>Total por Gcia. de Operaciones y Procesos         : 15</b></td></tr> </tbody>
		               		 </table><br><br><table width="100%" border="1" style="font-size:12px"><thead>
        		            <tr style="background-color:#c8190d;color:#ffffff;">
		                        <td colspan="5" align="center"><b>Gerencia de Mantenimiento               </b></td>
                		    </tr>
		                    <tr>                	        	
                                <th width="5%">#</th>
                        		<th width="10%">Cedula</th>
	        	                <th width="30%">Nombre</th>
        		                <th width="45%">Cargo</th>
	                	        <th width="10%">Hora</th>
		                   </tr>
                		</thead>
		                <tbody><tr style="background-color:#dadae4;"><td width="5%">1</td><td width="10%">15136257</td><td width="30%">JIMENEZ V, CARLOS</td><td width="45%">SUPERVISOR DE MANTENIMIENTO</td><td width="10%">07:18:26</td></tr><tr><td width="5%">2</td><td width="10%">16388735</td><td width="30%">GONZALEZ A, ROQUE</td><td width="45%">MECANICO I</td><td width="10%">07:05:48</td></tr><tr style="background-color:#dadae4;"><td width="5%">3</td><td width="10%">11168952</td><td width="30%">RUIZ, JULIO</td><td width="45%">MECANICO I</td><td width="10%">07:05:45</td></tr><tr><td width="5%">4</td><td width="10%">8253971</td><td width="30%">ZAMORA C, EZEQUIEL</td><td width="45%">MECANICO SOLDADOR I</td><td width="10%">07:05:41</td></tr><tr style="background-color:#dadae4;"><td width="5%">5</td><td width="10%">8471993</td><td width="30%">BRONT R, MIGUEL</td><td width="45%">MECANICO II</td><td width="10%">06:58:47</td></tr><tr><td width="5%">6</td><td width="10%">8669560</td><td width="30%">VERA, EDGAR</td><td width="45%">MECANICO I</td><td width="10%">06:57:27</td></tr><tr style="background-color:#dadae4;"><td width="5%">7</td><td width="10%">15543320</td><td width="30%">JARAMILLO M, GUSTAVO</td><td width="45%">MAQUINISTA I</td><td width="10%">06:55:26</td></tr><tr><td width="5%">8</td><td width="10%">27728885</td><td width="30%">RONDON I, GUSTAVO</td><td width="45%">MECANICO I</td><td width="10%">06:53:35</td></tr><tr style="background-color:#dadae4;"><td width="5%">9</td><td width="10%">4938681</td><td width="30%">MENDOZA, JOSE</td><td width="45%">MECANICO III</td><td width="10%">06:53:33</td></tr><tr><td width="5%">10</td><td width="10%">11519796</td><td width="30%">SUBERO G, PEDRO</td><td width="45%">MECANICO I</td><td width="10%">06:53:27</td></tr><tr style="background-color:#dadae4;"><td width="5%">11</td><td width="10%">24412054</td><td width="30%">ROJAS M, CHRISTIAN</td><td width="45%">MECANICO I</td><td width="10%">06:53:23</td></tr><tr><td width="5%">12</td><td width="10%">14223987</td><td width="30%">PARRA G, JEANCARLOS</td><td width="45%">MECANICO I</td><td width="10%">06:49:20</td></tr><tr style="background-color:#dadae4;"><td width="5%">13</td><td width="10%">8529285</td><td width="30%">MENDOZA G, FRANCISCO</td><td width="45%">INSTRUMENTISTA III</td><td width="10%">07:46:29</td></tr><tr><td width="5%">14</td><td width="10%">8523935</td><td width="30%">BOLIVAR P, MOISES</td><td width="45%">INSTRUMENTISTA I</td><td width="10%">06:59:12</td></tr><tr style="background-color:#dadae4;"><td width="5%">15</td><td width="10%">21248197</td><td width="30%">ARO B, DEMERSON</td><td width="45%">INSPECTOR DE INSTRUMENTACION I</td><td width="10%">06:59:02</td></tr><tr><td width="5%">16</td><td width="10%">10952825</td><td width="30%">RODRIGUEZ G, JOSE</td><td width="45%">SUPERVISOR DE MANTENIMIENTO</td><td width="10%">06:57:09</td></tr><tr style="background-color:#dadae4;"><td width="5%">17</td><td width="10%">25745690</td><td width="30%">VENTURINI J, OSVERLIS</td><td width="45%">INSPECTOR DE INSTRUMENTACION I</td><td width="10%">06:56:23</td></tr><tr><td width="5%">18</td><td width="10%">19420392</td><td width="30%">FEBRES D, MOISES</td><td width="45%">INSTRUMENTISTA I</td><td width="10%">06:50:17</td></tr><tr style="background-color:#dadae4;"><td width="5%">19</td><td width="10%">13982521</td><td width="30%">PE?A O, NORBERTO</td><td width="45%">INGENIERO ESPECIALISTA DE CONTROL I</td><td width="10%">07:01:46</td></tr><tr><td width="5%">20</td><td width="10%">11512323</td><td width="30%">AREVALO M, ADRIAN</td><td width="45%">INGENIERO DE CONTROL I</td><td width="10%">06:49:34</td></tr><tr style="background-color:#dadae4;"><td width="5%">21</td><td width="10%">15372685</td><td width="30%">HENRIQUEZ H, JUAN</td><td width="45%">INSPECTOR DE REDUCCION Y REFORMACION I</td><td width="10%">07:37:39</td></tr><tr><td width="5%">22</td><td width="10%">14120837</td><td width="30%">HENRIQUEZ H, ROGER</td><td width="45%">INSPECTOR DE REDUCCION Y REFORMACION I</td><td width="10%">07:37:34</td></tr><tr style="background-color:#dadae4;"><td width="5%">23</td><td width="10%">9947572</td><td width="30%">HERNANDEZ, ORLANDO</td><td width="45%">INSPEC SERVIC COMUNES EQ ROTATIVO I</td><td width="10%">06:54:22</td></tr><tr><td width="5%">24</td><td width="10%">13215240</td><td width="30%">BONALDE R, ROBERTO</td><td width="45%">INSPECTOR DE REDUCCION Y REFORMACION I</td><td width="10%">06:51:12</td></tr><tr style="background-color:#dadae4;"><td width="5%">25</td><td width="10%">12652013</td><td width="30%">CARABALLO G, CESAR</td><td width="45%">INSPECTOR DE BRIQUETEADORA I</td><td width="10%">06:51:38</td></tr><tr><td width="5%">26</td><td width="10%">14218381</td><td width="30%">BOLIVAR V, JONNIER</td><td width="45%">JEF REDUC REFOR SERV COMUNES EQ ROTATIVO</td><td width="10%">08:28:21</td></tr><tr style="background-color:#dadae4;"><td width="5%">27</td><td width="10%">14505808</td><td width="30%">MIJARES D, JHOY</td><td width="45%">JEFE DE ELECTRICIDAD  Y CONTROL</td><td width="10%">08:11:27</td></tr><tr><td width="5%">28</td><td width="10%">15852874</td><td width="30%">RUIZ D, RONARD</td><td width="45%">COORDINADOR DE MANTENIMIENTO MECANICO</td><td width="10%">08:06:57</td></tr><tr style="background-color:#dadae4;"><td width="5%">29</td><td width="10%">12893599</td><td width="30%">HENRIQUEZ H, JORGE</td><td width="45%">COORDINADOR DE BRIQUETEADORA</td><td width="10%">07:37:52</td></tr><tr><td width="5%">30</td><td width="10%">11515592</td><td width="30%">BELLO Y, ANTONIO</td><td width="45%">ESPECI DE IZAJE Y SISTEMAS HIDRÁULICOS</td><td width="10%">07:32:54</td></tr><tr style="background-color:#dadae4;"><td width="5%">31</td><td width="10%">14986923</td><td width="30%">PADRINO R, ANGEL</td><td width="45%">JEFE BRIQUETEADORA Y MANEJO DE MATERIALS</td><td width="10%">07:21:30</td></tr><tr><td width="5%">32</td><td width="10%">20934429</td><td width="30%">FUENTES C, LUIS</td><td width="45%">COORDINADOR DE MANEJO DE MATERIALES</td><td width="10%">07:21:24</td></tr><tr style="background-color:#dadae4;"><td width="5%">33</td><td width="10%">15548681</td><td width="30%">MORALES B, LUIS</td><td width="45%">COORD SERVICIOS COMUNES EQUIPOS ROTATIVO</td><td width="10%">07:05:32</td></tr><tr><td width="5%">34</td><td width="10%">12645407</td><td width="30%">MINA S, DUVAR</td><td width="45%">JEFE DE EJECUCION DE MANTENIMIENTO</td><td width="10%">07:05:03</td></tr><tr style="background-color:#dadae4;"><td width="5%">35</td><td width="10%">19301602</td><td width="30%">ZAPATA R, DAYANA</td><td width="45%">COORDINADOR DE METROLOGIA</td><td width="10%">06:59:25</td></tr><tr><td width="5%">36</td><td width="10%">8592995</td><td width="30%">SOCORRO A, CARLOS</td><td width="45%">JEFE DE TALLER ZONAL</td><td width="10%">06:58:35</td></tr><tr style="background-color:#dadae4;"><td width="5%">37</td><td width="10%">17040960</td><td width="30%">PURO R, MIGDALI</td><td width="45%">COORDINADOR ELECTRO MECANICO</td><td width="10%">06:55:55</td></tr><tr><td width="5%">38</td><td width="10%">8476651</td><td width="30%">BRONT R, WILFREDO</td><td width="45%">COORDINADOR DE TALLER FORANEO</td><td width="10%">06:54:37</td></tr><tr style="background-color:#dadae4;"><td width="5%">39</td><td width="10%">14509326</td><td width="30%">AREVALO M, YUDISAY</td><td width="45%">GERENTE DE MANTENIMIENTO</td><td width="10%">06:54:11</td></tr><tr><td width="5%">40</td><td width="10%">12757436</td><td width="30%">BELLOSO B, CARLOS</td><td width="45%">ESPECIALISTA DE MAQUINAS BRIQUETEADORAS</td><td width="10%">06:49:38</td></tr><tr style="background-color:#dadae4;"><td width="5%">41</td><td width="10%">13684804</td><td width="30%">RODRIGUEZ Z, JOSE</td><td width="45%">ESPECI DE IZAJE Y SISTEMAS HIDRÁULICOS</td><td width="10%">06:49:31</td></tr><tr><td colspan="5"><b>Total por Gerencia de Mantenimiento               : 41</b></td></tr> </tbody>
		               		 </table><br><br><table width="100%" border="1" style="font-size:12px"><thead>
        		            <tr style="background-color:#c8190d;color:#ffffff;">
		                        <td colspan="5" align="center"><b>Gerencia General Industrial             </b></td>
                		    </tr>
		                    <tr>                	        	
                                <th width="5%">#</th>
                        		<th width="10%">Cedula</th>
	        	                <th width="30%">Nombre</th>
        		                <th width="45%">Cargo</th>
	                	        <th width="10%">Hora</th>
		                   </tr>
                		</thead>
		                <tbody><tr style="background-color:#dadae4;"><td width="5%">1</td><td width="10%">11004961</td><td width="30%">GALLARDO G, SIMON</td><td width="45%">JEFE DEPTO DE SERVICIOS INDUSTRIALES</td><td width="10%">08:11:23</td></tr><tr><td width="5%">2</td><td width="10%">17797971</td><td width="30%">TORREALBA M, DIANA</td><td width="45%">COORDINADOR DE SERVICIOS INDUSTRIALES</td><td width="10%">07:21:34</td></tr><tr style="background-color:#dadae4;"><td width="5%">3</td><td width="10%">8382018</td><td width="30%">SALAZAR I, NELSON</td><td width="45%">ESPECIALISTA DE MONTAJE Y DESMONTAJE</td><td width="10%">07:16:51</td></tr><tr><td width="5%">4</td><td width="10%">20013612</td><td width="30%">RODRIGUEZ F, ELIMAR</td><td width="45%">COORDINADOR DE SERVICIOS GENERALES (E)</td><td width="10%">07:05:38</td></tr><tr style="background-color:#dadae4;"><td width="5%">5</td><td width="10%">9942948</td><td width="30%">VENTURINI M, LUIS</td><td width="45%">ESPECIALISTA DE  MANTENIMIENTO MECANICO</td><td width="10%">06:56:35</td></tr><tr><td width="5%">6</td><td width="10%">4188473</td><td width="30%">MENESES, ELEAZAR</td><td width="45%">ESPECIALISTA DE MATTO  ELECTROINSTRUMEN.</td><td width="10%">06:55:42</td></tr><tr style="background-color:#dadae4;"><td width="5%">7</td><td width="10%">20887303</td><td width="30%">GRIMON B, EDWUAR</td><td width="45%">COORDINADOR DE LIMPIEZA INDUSTRIAL</td><td width="10%">06:53:20</td></tr><tr><td width="5%">8</td><td width="10%">3854408</td><td width="30%">BERMUDEZ, LUIS</td><td width="45%">GERENTE GENERAL INDUSTRIAL</td><td width="10%">06:49:56</td></tr><tr style="background-color:#dadae4;"><td width="5%">9</td><td width="10%">4015483</td><td width="30%">AVILA C, AUDIEN</td><td width="45%">ESPECIALISTA DE  MANTENIMIENTO MECANICO</td><td width="10%">06:49:48</td></tr><tr><td width="5%">10</td><td width="10%">27296429</td><td width="30%">CARABALLO C, CARLOS</td><td width="45%">AYUD MEC MANTTO  VEHICULOS Y EQUIP MOVIL</td><td width="10%">07:55:47</td></tr><tr style="background-color:#dadae4;"><td width="5%">11</td><td width="10%">16395281</td><td width="30%">HENRIQUEZ H, JOSE</td><td width="45%">TECNICO DE LIMPIEZA INDUSTRIAL I</td><td width="10%">07:37:29</td></tr><tr><td width="5%">12</td><td width="10%">13091991</td><td width="30%">ABREU R, RENNY</td><td width="45%">MEC DE VEHICULOS Y EQUIPOS MOVILES I</td><td width="10%">07:34:28</td></tr><tr style="background-color:#dadae4;"><td width="5%">13</td><td width="10%">5338724</td><td width="30%">VIAMONTE, EDGAR</td><td width="45%">ALMACENISTA DE HERRAMIENTAS III</td><td width="10%">07:12:30</td></tr><tr><td width="5%">14</td><td width="10%">10392027</td><td width="30%">DIAZ R, RAMON</td><td width="45%">MEC DE VEHICULOS Y EQUIPOS MOVILES I</td><td width="10%">07:05:57</td></tr><tr style="background-color:#dadae4;"><td width="5%">15</td><td width="10%">12519535</td><td width="30%">ROJAS T, TEODULFO</td><td width="45%">TECNICO DE LIMPIEZA INDUSTRIAL II</td><td width="10%">07:05:35</td></tr><tr><td width="5%">16</td><td width="10%">9948280</td><td width="30%">MARTINEZ B, SANTIAGO</td><td width="45%">TECNICO DE LIMPIEZA INDUSTRIAL I</td><td width="10%">06:58:51</td></tr><tr style="background-color:#dadae4;"><td width="5%">17</td><td width="10%">9946736</td><td width="30%">GARCIA S, YASMIN</td><td width="45%">OBRERO DE LIMPIEZA I</td><td width="10%">06:58:38</td></tr><tr><td width="5%">18</td><td width="10%">14635616</td><td width="30%">ROMERO V, PEDRO</td><td width="45%">SUPERVISOR DE LIMPIEZA INDUSTRIAL</td><td width="10%">06:58:25</td></tr><tr style="background-color:#dadae4;"><td width="5%">19</td><td width="10%">5983727</td><td width="30%">CEDEÑO, ANGEL</td><td width="45%">TECNICO DE LIMPIEZA INDUSTRIAL I</td><td width="10%">06:58:07</td></tr><tr><td width="5%">20</td><td width="10%">8532894</td><td width="30%">RODRIGUEZ G, CARMEN</td><td width="45%">OBRERO DE LIMPIEZA I</td><td width="10%">06:57:51</td></tr><tr style="background-color:#dadae4;"><td width="5%">21</td><td width="10%">8424766</td><td width="30%">MARTINEZ R, SILBERIO</td><td width="45%">TECNICO DE LIMPIEZA INDUSTRIAL I</td><td width="10%">06:57:33</td></tr><tr><td width="5%">22</td><td width="10%">15874049</td><td width="30%">AMUNDARAY, ARQUIMEDEZ</td><td width="45%">TECNICO DE LIMPIEZA INDUSTRIAL I</td><td width="10%">06:55:36</td></tr><tr style="background-color:#dadae4;"><td width="5%">23</td><td width="10%">14120684</td><td width="30%">MARIN M, MIGUEL</td><td width="45%">ALMACENISTA DE HERRAMIENTAS I</td><td width="10%">06:55:21</td></tr><tr><td width="5%">24</td><td width="10%">8484985</td><td width="30%">GARCIA O, SAMUEL</td><td width="45%">TECNICO DE LIMPIEZA INDUSTRIAL I</td><td width="10%">06:53:54</td></tr><tr style="background-color:#dadae4;"><td width="5%">25</td><td width="10%">12891866</td><td width="30%">SALAZAR B, CESAR</td><td width="45%">TECNICO DE LIMPIEZA INDUSTRIAL II</td><td width="10%">06:53:46</td></tr><tr><td width="5%">26</td><td width="10%">17430476</td><td width="30%">ROJAS M, MIGUEL</td><td width="45%">TECNICO REFRIG. Y AISLAMIENTO TERMICO I</td><td width="10%">06:53:29</td></tr><tr style="background-color:#dadae4;"><td width="5%">27</td><td width="10%">17211511</td><td width="30%">PEINADO B, JOSE</td><td width="45%">TECNICO DE LIMPIEZA INDUSTRIAL I</td><td width="10%">06:53:14</td></tr><tr><td width="5%">28</td><td width="10%">20505107</td><td width="30%">RAMOS M, ANGLLY</td><td width="45%">OBRERO DE LIMPIEZA I</td><td width="10%">06:53:11</td></tr><tr style="background-color:#dadae4;"><td width="5%">29</td><td width="10%">17216283</td><td width="30%">RODRIGUEZ C, LUIS</td><td width="45%">SUPERVISOR DE LIMPIEZA INDUSTRIAL</td><td width="10%">06:51:52</td></tr><tr><td width="5%">30</td><td width="10%">15185551</td><td width="30%">YEPEZ E, CARLOS</td><td width="45%">MECANICO DE ANDAMIOS I</td><td width="10%">06:51:49</td></tr><tr style="background-color:#dadae4;"><td width="5%">31</td><td width="10%">12359403</td><td width="30%">SOTILLO N, DIMAS</td><td width="45%">MECANICO DE ANDAMIOS I</td><td width="10%">06:51:42</td></tr><tr><td width="5%">32</td><td width="10%">12650708</td><td width="30%">FLORES G, JOSE</td><td width="45%">TECNICO REFRIG. Y AISLAMIENTO TERMICO I</td><td width="10%">06:51:29</td></tr><tr style="background-color:#dadae4;"><td width="5%">33</td><td width="10%">25978904</td><td width="30%">ZAPATA L, ROGELIO</td><td width="45%">TECNICO DE LIMPIEZA INDUSTRIAL I</td><td width="10%">06:50:21</td></tr><tr><td width="5%">34</td><td width="10%">14118870</td><td width="30%">FLORES, JERSON</td><td width="45%">SUPERVISOR DE LIMPIEZA INDUSTRIAL</td><td width="10%">06:50:06</td></tr><tr style="background-color:#dadae4;"><td width="5%">35</td><td width="10%">26382425</td><td width="30%">MARCANO L, LUIS</td><td width="45%">TECNICO DE LIMPIEZA INDUSTRIAL I</td><td width="10%">06:49:27</td></tr><tr><td width="5%">36</td><td width="10%">16026874</td><td width="30%">LLOVERA M, JOSE</td><td width="45%">OBRERO SERVICIOS GENERALES I</td><td width="10%">06:49:24</td></tr><tr style="background-color:#dadae4;"><td width="5%">37</td><td width="10%">14837723</td><td width="30%">NAVARRO S, YRAIDA</td><td width="45%">OBRERO DE LIMPIEZA I</td><td width="10%">06:49:17</td></tr><tr><td width="5%">38</td><td width="10%">10934864</td><td width="30%">SUAREZ A, ASDRUVAL</td><td width="45%">OBRERO SERVICIOS GENERALES I</td><td width="10%">06:48:51</td></tr><tr style="background-color:#dadae4;"><td width="5%">39</td><td width="10%">8964332</td><td width="30%">RODRIGUEZ R, ROSELIS</td><td width="45%">OBRERO DE LIMPIEZA I</td><td width="10%">06:48:46</td></tr><tr><td colspan="5"><b>Total por Gerencia General Industrial             : 39</b></td></tr> </tbody>
		               		 </table><br><br><table width="100%" border="1" style="font-size:12px"><thead>
        		            <tr style="background-color:#c8190d;color:#ffffff;">
		                        <td colspan="5" align="center"><b>Gcia de Planif Gestion e ing Ind        </b></td>
                		    </tr>
		                    <tr>                	        	
                                <th width="5%">#</th>
                        		<th width="10%">Cedula</th>
	        	                <th width="30%">Nombre</th>
        		                <th width="45%">Cargo</th>
	                	        <th width="10%">Hora</th>
		                   </tr>
                		</thead>
		                <tbody><tr style="background-color:#dadae4;"><td width="5%">1</td><td width="10%">15354353</td><td width="30%">SOLIS R, SUELVIN</td><td width="45%">ANALISTA DE SISTEMAS DE GESTION I</td><td width="10%">08:02:16</td></tr><tr><td width="5%">2</td><td width="10%">13647019</td><td width="30%">FARIAS L, SUNIX</td><td width="45%">ANALISTA DE PRESUPUESTO I</td><td width="10%">06:58:18</td></tr><tr><td colspan="5"><b>Total por Gcia de Planif Gestion e ing Ind        : 2</b></td></tr> </tbody>
		               		 </table><br><br><table width="100%" border="1" style="font-size:12px"><thead>
        		            <tr style="background-color:#c8190d;color:#ffffff;">
		                        <td colspan="5" align="center"><b>Gerencia de Abastecimiento              </b></td>
                		    </tr>
		                    <tr>                	        	
                                <th width="5%">#</th>
                        		<th width="10%">Cedula</th>
	        	                <th width="30%">Nombre</th>
        		                <th width="45%">Cargo</th>
	                	        <th width="10%">Hora</th>
		                   </tr>
                		</thead>
		                <tbody><tr style="background-color:#dadae4;"><td width="5%">1</td><td width="10%">18238460</td><td width="30%">MARQUEZ B, OTTO</td><td width="45%">ALMACENISTA I</td><td width="10%">07:17:06</td></tr><tr><td width="5%">2</td><td width="10%">16629033</td><td width="30%">RABAGO H, YORKELLIS</td><td width="45%">ALMACENISTA III</td><td width="10%">06:53:17</td></tr><tr style="background-color:#dadae4;"><td width="5%">3</td><td width="10%">24378928</td><td width="30%">BARAJAS R, FRANCIS</td><td width="45%">ANALISTA DE INVENTARIO I</td><td width="10%">07:16:49</td></tr><tr><td width="5%">4</td><td width="10%">15521692</td><td width="30%">MARTINEZ, YSIDRO</td><td width="45%">ANALISTA DE INVENTARIO I</td><td width="10%">06:59:36</td></tr><tr style="background-color:#dadae4;"><td width="5%">5</td><td width="10%">13089381</td><td width="30%">MARQUEZ P, FABIOLA</td><td width="45%">JEFE DE ALMACEN</td><td width="10%">06:49:53</td></tr><tr><td width="5%">6</td><td width="10%">20222624</td><td width="30%">GARCIA M, CRUZ</td><td width="45%">ANALISTA DE INVENTARIO I</td><td width="10%">06:49:03</td></tr><tr style="background-color:#dadae4;"><td width="5%">7</td><td width="10%">14440147</td><td width="30%">MARIN R, ODELYS</td><td width="45%">JEFE DE COMPRAS (E)</td><td width="10%">07:05:00</td></tr><tr><td width="5%">8</td><td width="10%">10551686</td><td width="30%">SIMOZA G, ROSYLENA</td><td width="45%">ANALISTA DE COMPRAS I</td><td width="10%">06:51:32</td></tr><tr style="background-color:#dadae4;"><td width="5%">9</td><td width="10%">10984922</td><td width="30%">BASTARDO E, MISAEL</td><td width="45%">ANALISTA DE COMPRAS I</td><td width="10%">06:47:54</td></tr><tr><td width="5%">10</td><td width="10%">8941868</td><td width="30%">SALAZAR M, ONEIDA</td><td width="45%">ESPECIALISTA ESTIMACION DE COSTOS</td><td width="10%">06:57:38</td></tr><tr><td colspan="5"><b>Total por Gerencia de Abastecimiento              : 10</b></td></tr> </tbody>
		               		 </table><br><br><table width="100%" border="1" style="font-size:12px"><thead>
        		            <tr style="background-color:#c8190d;color:#ffffff;">
		                        <td colspan="5" align="center"><b>Gerencia de Administración y Finanzas   </b></td>
                		    </tr>
		                    <tr>                	        	
                                <th width="5%">#</th>
                        		<th width="10%">Cedula</th>
	        	                <th width="30%">Nombre</th>
        		                <th width="45%">Cargo</th>
	                	        <th width="10%">Hora</th>
		                   </tr>
                		</thead>
		                <tbody><tr style="background-color:#dadae4;"><td width="5%">1</td><td width="10%">19804483</td><td width="30%">AZOCAR P, MARY</td><td width="45%">ANALISTA DE CUENTAS POR PAGAR I</td><td width="10%">06:58:42</td></tr><tr><td width="5%">2</td><td width="10%">27728812</td><td width="30%">CARVAJAL M, GRECIA</td><td width="45%">ANALISTA DE TESORERIA I</td><td width="10%">06:48:55</td></tr><tr style="background-color:#dadae4;"><td width="5%">3</td><td width="10%">15276781</td><td width="30%">EUREA A, JUAN</td><td width="45%">JEFE DE CONTABILIDAD Y COSTO</td><td width="10%">08:03:56</td></tr><tr><td width="5%">4</td><td width="10%">13216486</td><td width="30%">TORRES B, GUSTAVO</td><td width="45%">ANALISTA DE CONTAB COSTO Y BALANCE I</td><td width="10%">06:50:03</td></tr><tr style="background-color:#dadae4;"><td width="5%">5</td><td width="10%">17040375</td><td width="30%">LAMEDA R, ELYNEL</td><td width="45%">ADMINISTRADOR DE CONTRATOS (E)</td><td width="10%">06:55:32</td></tr><tr><td colspan="5"><b>Total por Gerencia de Administración y Finanzas   : 5</b></td></tr> </tbody>
		               		 </table><br><br><table width="100%" border="1" style="font-size:12px"><thead>
        		            <tr style="background-color:#c8190d;color:#ffffff;">
		                        <td colspan="5" align="center"><b>Gerencia de Calidad y Logística         </b></td>
                		    </tr>
		                    <tr>                	        	
                                <th width="5%">#</th>
                        		<th width="10%">Cedula</th>
	        	                <th width="30%">Nombre</th>
        		                <th width="45%">Cargo</th>
	                	        <th width="10%">Hora</th>
		                   </tr>
                		</thead>
		                <tbody><tr style="background-color:#dadae4;"><td width="5%">1</td><td width="10%">10389476</td><td width="30%">RODRIGUEZ G, LIDUSKA</td><td width="45%">COORDINADOR DE LOGISTICA</td><td width="10%">08:32:53</td></tr><tr><td width="5%">2</td><td width="10%">10394417</td><td width="30%">MORENO G, FRANKLIN</td><td width="45%">COORDINADOR DE LABORATORIO</td><td width="10%">07:08:01</td></tr><tr style="background-color:#dadae4;"><td width="5%">3</td><td width="10%">8640065</td><td width="30%">BENITEZ C, ENRIQUE</td><td width="45%">COORD DE ASEGURAMIENTO DE CALIDAD</td><td width="10%">06:59:32</td></tr><tr><td width="5%">4</td><td width="10%">6614080</td><td width="30%">PINTO, JESUS</td><td width="45%">COORDINADOR DE LOGISTICA OPERATIVA</td><td width="10%">06:58:59</td></tr><tr style="background-color:#dadae4;"><td width="5%">5</td><td width="10%">13622621</td><td width="30%">MARCANO U, FREDDY</td><td width="45%">ADMIN. DE MATERIA PRIMA Y PRODUCTOS</td><td width="10%">06:57:04</td></tr><tr><td width="5%">6</td><td width="10%">6923185</td><td width="30%">MALAVE, FRANCISCO</td><td width="45%">SUPERVISOR DE LABORATORIO</td><td width="10%">06:58:03</td></tr><tr style="background-color:#dadae4;"><td width="5%">7</td><td width="10%">13995296</td><td width="30%">SARABIA V, EDGAR</td><td width="45%">TECNICO DE LABORATORIO FISICO I</td><td width="10%">06:56:57</td></tr><tr><td width="5%">8</td><td width="10%">13335969</td><td width="30%">GUTIERREZ Z, NELSON</td><td width="45%">TECNICO DE LABORATORIO QUIIMICO I</td><td width="10%">06:53:43</td></tr><tr style="background-color:#dadae4;"><td width="5%">9</td><td width="10%">13650256</td><td width="30%">TOVAR, ANIBAL</td><td width="45%">OPERADOR MANTENEDOR EQUIPO MOVIL I</td><td width="10%">07:05:53</td></tr><tr><td width="5%">10</td><td width="10%">15635220</td><td width="30%">BRIZUELA R, BERNARDO</td><td width="45%">OPERADOR DE PATIO I</td><td width="10%">07:01:28</td></tr><tr style="background-color:#dadae4;"><td width="5%">11</td><td width="10%">15033921</td><td width="30%">FIGUERAS R, CESAR</td><td width="45%">OPERADOR DE DESPACHO DE MATERIALES I</td><td width="10%">06:59:44</td></tr><tr><td width="5%">12</td><td width="10%">13981154</td><td width="30%">GIL, NOEL</td><td width="45%">OPERADOR DE PATIO III</td><td width="10%">06:57:47</td></tr><tr><td colspan="5"><b>Total por Gerencia de Calidad y Logística         : 12</b></td></tr> </tbody>
		               		 </table><br><br><table width="100%" border="1" style="font-size:12px"><thead>
        		            <tr style="background-color:#c8190d;color:#ffffff;">
		                        <td colspan="5" align="center"><b>Gerencia de Talento Humano              </b></td>
                		    </tr>
		                    <tr>                	        	
                                <th width="5%">#</th>
                        		<th width="10%">Cedula</th>
	        	                <th width="30%">Nombre</th>
        		                <th width="45%">Cargo</th>
	                	        <th width="10%">Hora</th>
		                   </tr>
                		</thead>
		                <tbody><tr style="background-color:#dadae4;"><td width="5%">1</td><td width="10%">7065588</td><td width="30%">DE_LEON T, ERNESTO</td><td width="45%">ESPECIALISTA DE CAPACITACION</td><td width="10%">08:31:55</td></tr><tr><td width="5%">2</td><td width="10%">17631003</td><td width="30%">FUENTES C, MARIA</td><td width="45%">ANALISTA DE ADMINISTRACION DE PERSONAL I</td><td width="10%">06:49:45</td></tr><tr style="background-color:#dadae4;"><td width="5%">3</td><td width="10%">12792200</td><td width="30%">RIVERA A, GELYSMAR</td><td width="45%">ANALISTA DE ADMINISTRACION DE PERSONAL I</td><td width="10%">06:49:12</td></tr><tr><td width="5%">4</td><td width="10%">16894474</td><td width="30%">MARTINEZ G, MARIELVIS</td><td width="45%">COORDINADOR DE NOMINA (E)</td><td width="10%">07:05:12</td></tr><tr style="background-color:#dadae4;"><td width="5%">5</td><td width="10%">15908042</td><td width="30%">GONZALEZ M, BLAS</td><td width="45%">ANALISTA DE CONTROL DE TIEMPO I</td><td width="10%">06:59:20</td></tr><tr><td width="5%">6</td><td width="10%">16393276</td><td width="30%">ZAVALA F, GRISELDA</td><td width="45%">GERENTE DE TALENTO HUMANO</td><td width="10%">06:59:18</td></tr><tr style="background-color:#dadae4;"><td width="5%">7</td><td width="10%">20286524</td><td width="30%">AGELVIS O, MARIELA</td><td width="45%">ANALISTA DE NOMINA I</td><td width="10%">06:56:49</td></tr><tr><td width="5%">8</td><td width="10%">8305641</td><td width="30%">RIVERA F, ELIS</td><td width="45%">MECANICO SOLDADOR I</td><td width="10%">06:56:10</td></tr><tr style="background-color:#dadae4;"><td width="5%">9</td><td width="10%">26332551</td><td width="30%">REQUENA L, ROSAURA</td><td width="45%">ANALISTA SIST AUTOADMINISTRADO SALUD I</td><td width="10%">08:04:49</td></tr><tr><td width="5%">10</td><td width="10%">12650564</td><td width="30%">MAY A, YENNY</td><td width="45%">JEFE DE RELACIONES LABORALES</td><td width="10%">08:04:21</td></tr><tr style="background-color:#dadae4;"><td width="5%">11</td><td width="10%">14778372</td><td width="30%">RODRIGUEZ H, TAMARA</td><td width="45%">ANALISTA DE RELACIONES LABORALES II</td><td width="10%">07:11:24</td></tr><tr><td width="5%">12</td><td width="10%">16615259</td><td width="30%">RODRIGUEZ D, JOSE</td><td width="45%">ANALISTA DE RELACIONES LABORALES I</td><td width="10%">06:59:09</td></tr><tr style="background-color:#dadae4;"><td width="5%">13</td><td width="10%">20934391</td><td width="30%">ABREU M, ADRIANA</td><td width="45%">ANALISTA DE RELACIONES LABORALES I</td><td width="10%">06:57:20</td></tr><tr><td width="5%">14</td><td width="10%">10995781</td><td width="30%">PEREZ P, LEIDIMARY</td><td width="45%">COORD SISTEMA AUTOADMINISTRADO DE SALUD</td><td width="10%">06:49:41</td></tr><tr><td colspan="5"><b>Total por Gerencia de Talento Humano              : 14</b></td></tr> </tbody>
		               		 </table><br><br><table width="100%" border="1" style="font-size:12px"><thead>
        		            <tr style="background-color:#c8190d;color:#ffffff;">
		                        <td colspan="5" align="center"><b>Gerencia General de Administración      </b></td>
                		    </tr>
		                    <tr>                	        	
                                <th width="5%">#</th>
                        		<th width="10%">Cedula</th>
	        	                <th width="30%">Nombre</th>
        		                <th width="45%">Cargo</th>
	                	        <th width="10%">Hora</th>
		                   </tr>
                		</thead>
		                <tbody><tr style="background-color:#dadae4;"><td width="5%">1</td><td width="10%">10554426</td><td width="30%">LOPEZ P, CIPRIANO</td><td width="45%">GERENTE GENERAL DE ADMINISTRACION (E)</td><td width="10%">08:01:51</td></tr><tr><td width="5%">2</td><td width="10%">16395343</td><td width="30%">LUNAR G, ROBERTO</td><td width="45%">COORDINADOR DESARROLLO DE APLICACIONES</td><td width="10%">07:05:21</td></tr><tr style="background-color:#dadae4;"><td width="5%">3</td><td width="10%">22818491</td><td width="30%">GARCIA V, GENESIS</td><td width="45%">ANALISTA DE SOPORTE DE ESCRITORIO I</td><td width="10%">06:59:28</td></tr><tr><td width="5%">4</td><td width="10%">12564688</td><td width="30%">ZERPA B, MERVIN</td><td width="45%">ESPECIALISTA DE APLICACIONES</td><td width="10%">06:57:23</td></tr><tr style="background-color:#dadae4;"><td width="5%">5</td><td width="10%">15354710</td><td width="30%">SUAREZ B, DOMINGO</td><td width="45%">COORD  INFRAESTRUCTURA Y TELECOMUNICAC</td><td width="10%">06:53:49</td></tr><tr><td width="5%">6</td><td width="10%">12893368</td><td width="30%">GONZALEZ M, YOEL</td><td width="45%">ANALISTA DE SOPORTE DE ESCRITORIO I</td><td width="10%">06:50:13</td></tr><tr style="background-color:#dadae4;"><td width="5%">7</td><td width="10%">17337690</td><td width="30%">BRITO G, MARIA</td><td width="45%">JEFE DE TECNOLOGIA DE INFORMACION</td><td width="10%">06:49:59</td></tr><tr><td colspan="5"><b>Total por Gerencia General de Administración      : 7</b></td></tr> </tbody>
		               		 </table><br><br><table width="100%" border="1" style="font-size:12px"><thead>
        		            <tr style="background-color:#c8190d;color:#ffffff;">
		                        <td colspan="5" align="center"><b>Gerencia Proyectos Ing. de Planta       </b></td>
                		    </tr>
		                    <tr>                	        	
                                <th width="5%">#</th>
                        		<th width="10%">Cedula</th>
	        	                <th width="30%">Nombre</th>
        		                <th width="45%">Cargo</th>
	                	        <th width="10%">Hora</th>
		                   </tr>
                		</thead>
		                <tbody><tr style="background-color:#dadae4;"><td width="5%">1</td><td width="10%">16393179</td><td width="30%">PULIDO  G, DANIEL</td><td width="45%">GERENTE GRAL DE PLANIFICACION Y PROYECTO</td><td width="10%">07:48:22</td></tr><tr><td width="5%">2</td><td width="10%">13994521</td><td width="30%">RAMIREZ G, YOEN</td><td width="45%">COORDINADOR DE INGENIERIA DE PROYECTOS</td><td width="10%">06:57:13</td></tr><tr style="background-color:#dadae4;"><td width="5%">3</td><td width="10%">27256905</td><td width="30%">RABAGO G, LAURA</td><td width="45%">ASISTENTE DE INFORMACION TECNICA</td><td width="10%">06:56:31</td></tr><tr><td width="5%">4</td><td width="10%">14611068</td><td width="30%">JIMENEZ A, MARISMER</td><td width="45%">ANALISTA DE INFORMACION TECNICA I</td><td width="10%">06:56:19</td></tr><tr><td colspan="5"><b>Total por Gerencia Proyectos Ing. de Planta       : 4</b></td></tr> </tbody></table><br><br><table width="100%" border="1" style="font-size:12px"><tr style="background-color:#c8190d;color:#ffffff;"><th colspan="6" align="center">
			    Reporte de entrada del personal Por Control de Acceso 05-02-2024</th></tr><tr>
                <th width="5%">#</th>
                <th width="10%">Cedula</th>
                <th width="22%">Nombre</th>
                <th width="30%">Cargo</th>
                <th width="23%">Departamento</th>
                <th width="10%">Hora</th>
            </tr>
            <tbody><tr style="background-color:#dadae4;"><td>1</td><td>15688013</td><td>DIAZ G ELEADYS ADRIANA</td><td>ANALISTA DE IMPUESTOS I</td><td>Gerencia de Administracion y Finanzas</td><td>07:13:25</td></tr><tr><td>2</td><td>18900507</td><td>RODRIGUEZ B NAILETH NACAR</td><td>ANALISTA DE ASEGURAMIENTO DE CALIDAD I</td><td>Gerencia de Calidad y Logistica</td><td>07:04:48</td></tr><tr style="background-color:#dadae4;"><td>3</td><td>17209869</td><td>PATETE B GREGORI JOSE </td><td>SUPERVISOR DE MANTENIMIENTO</td><td>Gerencia de Mantenimiento</td><td>07:04:10</td></tr><tr><td>4</td><td>14487410</td><td>PEREZ M ELIODORO ANDRES</td><td>MECANICO SOLDADOR I</td><td>Gerencia de Mantenimiento</td><td>07:04:30</td></tr><tr style="background-color:#dadae4;"><td>5</td><td>18170065</td><td>CALZADILLA D NORVIS CAROL</td><td>INSTRUMENTISTA I</td><td>Gerencia de Mantenimiento</td><td>07:07:07</td></tr><tr><td>6</td><td>11205974</td><td>QUIJADA R JESUS PAYANI</td><td>MECANICO SOLDADOR I</td><td>Gerencia de Mantenimiento</td><td>07:08:29</td></tr><tr style="background-color:#dadae4;"><td>7</td><td>13156625</td><td>RUIZ B LUIS ALEJANDRO</td><td>INSPECTOR DE ELECTRO MECANICO I</td><td>Gerencia de Mantenimiento</td><td>07:12:05</td></tr><tr><td>8</td><td>11656591</td><td>MARCANO P JESUS ANTONIO</td><td>SUPERVISOR DE MANTENIMIENTO</td><td>Gerencia de Mantenimiento</td><td>07:12:28</td></tr><tr style="background-color:#dadae4;"><td>9</td><td>15907207</td><td>MAESTRE H FRANKLIN RAFAEL</td><td>ELECTRO/INSTRUMENTISTA I</td><td>Gerencia de Mantenimiento</td><td>07:47:22</td></tr><tr><td>10</td><td>5231106</td><td>VERA G HUMBERTO CESAR</td><td>MECANICO I</td><td>Gerencia de Talento Humano</td><td>07:10:55</td></tr><tr style="background-color:#dadae4;"><td>11</td><td>13710728</td><td>LICET  YENNY COROMOTO</td><td>ESPECIALISTA DE CAPACITACION</td><td>Gerencia de Talento Humano</td><td>07:11:40</td></tr><tr><td>12</td><td>14836899</td><td>ESTANGA M KARLA LIZMAR</td><td>TECNICO DE CONTROL DE EMERGENCIAS I</td><td>Gerencia de Talento Humano</td><td>07:24:33</td></tr><tr style="background-color:#dadae4;"><td>13</td><td>18513429</td><td>GUTIERREZ B FRANK JOSE</td><td>TECNICO DE MANEJO DE QUIMICOS I</td><td>Ingenieria de Procesos</td><td>07:05:17</td></tr><tr><td>14</td><td>16389085</td><td>JIMENEZ A JHOLMAN JESUS</td><td>SUPERVISOR REFRIG. Y AISLAMIENTO TERMICO</td><td>Servicios Generales</td><td>07:11:17</td></tr><tr style="background-color:#dadae4;"><td>15</td><td>17695953</td><td>SANCHEZ A JOSE ANGEL</td><td>TECNICO REFRIG. Y AISLAMIENTO TERMICO I</td><td>Servicios Generales</td><td>07:40:20</td></tr></tbody><tr><th align="left" colspan="6">Trabajadores que ingresaron a la empresa por Control de Acceso: 15</th></tr></table><br><br><table width="100%" border="1" style="font-size:12px">
                                    <tr>
                                        <td colspan="5" align="center"><b>Total de trabajadores que ingresaron  a la empresa: 186</b></td>
                                    </tr>
                          </table>