<table width="100%" border="1"><thead>
				    <tr>
					<td colspan="5" align="center">
					    <h2><b>Reporte de entrada del personal del turno: 3, del 10-07-2024 de la Gerencia: Gerencia de Mantenimiento, <br>que ingresaron entre las 13:15:00 y 16:00:00 </b></h2>
					</td>
				    </tr>
					</thead>
						</table>
					<br><br><table width="100%" border="1" style="font-size:12px">
							    		<tr style="background-color:#c8190d;color:#ffffff;">
										<th colspan="5" align="center"><b>Gerencia de Mantenimiento               </b></th>
							    		</tr>
					                    <tr>
					                        <th width="5%">#</th>
					                        <th width="10%">Cedula</th>
					                        <th width="30%">Nombre</th>
					                        <th width="45%">Cargo</th>
					                        <th width="10%">Hora</th>
					                    </tr> 
					        	<tbody><tr style="background-color:#dadae4;"><td>1</td><td>12652658</td><td>RONDON M, WILFREDO</td><td>MECANICO I</td><td>15:14:55</td></tr><tr><td width="5%">2</td><td width="10%">13443646</td><td width="30%">MACHIZ S, LEONER</td><td width="45%">MECANICO I</td><td width="10%">15:14:48</td></tr><tr style="background-color:#dadae4;"><td width="5%">3</td><td width="10%">15002858</td><td width="30%">MU—OZ P, MARIO</td><td width="45%">MECANICO I</td><td width="10%">15:14:45</td></tr><tr><td width="5%">4</td><td width="10%">10929984</td><td width="30%">MILLAN R, ELVIS</td><td width="45%">MECANICO I</td><td width="10%">15:08:54</td></tr><tr style="background-color:#dadae4;"><td width="5%">5</td><td width="10%">13443150</td><td width="30%">SALAZAR M, ISMAEL</td><td width="45%">MAQUINISTA I</td><td width="10%">15:01:34</td></tr><tr><td width="5%">6</td><td width="10%">20806992</td><td width="30%">ARTEAGA A, DOMINGO</td><td width="45%">MECANICO SOLDADOR I</td><td width="10%">15:01:04</td></tr><tr style="background-color:#dadae4;"><td width="5%">7</td><td width="10%">12360812</td><td width="30%">BARCELO A, JULIO</td><td width="45%">MECANICO I</td><td width="10%">14:55:36</td></tr><tr><td width="5%">8</td><td width="10%">22590254</td><td width="30%">TAPIA F, HEMEL</td><td width="45%">MECANICO I</td><td width="10%">14:52:04</td></tr><tr style="background-color:#dadae4;"><td width="5%">9</td><td width="10%">8526427</td><td width="30%">SIFONTES S, NIEVES</td><td width="45%">MECANICO SOLDADOR I</td><td width="10%">14:47:26</td></tr><tr><td width="5%">10</td><td width="10%">18339906</td><td width="30%">MENDOZA M, FRANCISCO</td><td width="45%">ELECTRO/INSTRUMENTISTA I</td><td width="10%">15:01:25</td></tr><tr style="background-color:#dadae4;"><td width="5%">11</td><td width="10%">16162998</td><td width="30%">BAENA A, RENE</td><td width="45%">ELECTRO/INSTRUMENTISTA III</td><td width="10%">14:57:40</td></tr><tr><td width="5%">12</td><td width="10%">18514410</td><td width="30%">LUGO B, RONNY</td><td width="45%">INGENIERO ESPECIALISTA DE CONTROL I</td><td width="10%">14:47:22</td></tr><tr style="background-color:#dadae4;"><td width="5%">13</td><td width="10%">12908416</td><td width="30%">JIMENEZ A, JESUS</td><td width="45%">INSPEC SERVIC COMUNES EQ ROTATIVO III</td><td width="10%">14:55:28</td></tr><tr><td width="5%">14</td><td width="10%">13911621</td><td width="30%">MANZANO R, EDWIN</td><td width="45%">COORDINADOR DE INSTRUMENTACION</td><td width="10%">15:32:34</td></tr><tr><td colspan="5"><b>Total por Gerencia de Mantenimiento               : 14</b></td></tr> </tbody></table><br><br><table width="100%" border="1" style="font-size:12px"><tr style="background-color:#c8190d;color:#ffffff;"><th colspan="6" align="center">
									    Reporte de entrada del personal Por Control de Acceso 10-07-2024</th></tr><tr>
						                <th width="5%">#</th>
						                <th width="10%">Cedula</th>
						                <th width="22%">Nombre</th>
						                <th width="30%">Cargo</th>
						                <th width="23%">Departamento</th>
						                <th width="10%">Hora</th>
						            </tr>
						            <tbody></tbody><tr><th align="left" colspan="6">Trabajadores que ingresaron a la empresa por Control de Acceso: 0</th></tr></table><br><br><table width="100%" border="1" style="font-size:12px">
					                                    <tr>
					                                        <td colspan="5" align="center"><b>Total de trabajadores que ingresaron  a la empresa: 14</b></td>
					                                    </tr>
					                          </table><table width="100%" border="1"><thead>
				    <tr>
					<td colspan="5" align="center">
					    <h2><b>Reporte de entrada del personal del turno: 3, del 10-07-2024 de la Gerencia: Gcia. de Operaciones y Procesos, <br>que ingresaron entre las 13:15:00 y 16:00:00 </b></h2>
					</td>
				    </tr>
					</thead>
						</table>
					<br><br><table width="100%" border="1" style="font-size:12px">
							    		<tr style="background-color:#c8190d;color:#ffffff;">
										<th colspan="5" align="center"><b>Gcia. de Operaciones y Procesos         </b></th>
							    		</tr>
					                    <tr>
					                        <th width="5%">#</th>
					                        <th width="10%">Cedula</th>
					                        <th width="30%">Nombre</th>
					                        <th width="45%">Cargo</th>
					                        <th width="10%">Hora</th>
					                    </tr> 
					        	<tbody><tr style="background-color:#dadae4;"><td>1</td><td>17039006</td><td>NORIEGA D, JONATHAN</td><td>OPERADOR DE MAQUILLADO II</td><td>15:15:05</td></tr><tr><td width="5%">2</td><td width="10%">15782862</td><td width="30%">TORRES R, ROBUAN</td><td width="45%">OPERADOR DE MANEJO DE PRODUCTOS I</td><td width="10%">15:15:02</td></tr><tr style="background-color:#dadae4;"><td width="5%">3</td><td width="10%">19040987</td><td width="30%">URBINA, JULIO</td><td width="45%">OPERADOR DE BRIQUETEADORA II</td><td width="10%">15:09:29</td></tr><tr><td width="5%">4</td><td width="10%">10049307</td><td width="30%">MEDINA G, CARLOS</td><td width="45%">OPERADOR DE REFORMACION II</td><td width="10%">14:57:51</td></tr><tr style="background-color:#dadae4;"><td width="5%">5</td><td width="10%">14986728</td><td width="30%">PEREZ P, JEFFERSON</td><td width="45%">OPERADOR DE REDUCCION III</td><td width="10%">14:57:46</td></tr><tr><td width="5%">6</td><td width="10%">5082499</td><td width="30%">VIVENES R, NELSON</td><td width="45%">JEFE DE PLANTA.</td><td width="10%">14:55:32</td></tr><tr style="background-color:#dadae4;"><td width="5%">7</td><td width="10%">12559870</td><td width="30%">ORTEGA C, RONALD</td><td width="45%">OPERADOR DE BRIQUETEADORA I</td><td width="10%">14:55:20</td></tr><tr><td width="5%">8</td><td width="10%">14941142</td><td width="30%">ROA A, JHON</td><td width="45%">ESPECIALISTA DE  SALA DE CONTROL</td><td width="10%">14:52:06</td></tr><tr style="background-color:#dadae4;"><td width="5%">9</td><td width="10%">14222926</td><td width="30%">LORETO S, JESUS</td><td width="45%">OPERADOR DE SERVICIOS AUXILIARES II</td><td width="10%">14:41:32</td></tr><tr><td colspan="5"><b>Total por Gcia. de Operaciones y Procesos         : 9</b></td></tr> </tbody></table><br><br><table width="100%" border="1" style="font-size:12px"><tr style="background-color:#c8190d;color:#ffffff;"><th colspan="6" align="center">
									    Reporte de entrada del personal Por Control de Acceso 10-07-2024</th></tr><tr>
						                <th width="5%">#</th>
						                <th width="10%">Cedula</th>
						                <th width="22%">Nombre</th>
						                <th width="30%">Cargo</th>
						                <th width="23%">Departamento</th>
						                <th width="10%">Hora</th>
						            </tr>
						            <tbody><tr style="background-color:#dadae4;"><td>1</td><td>19126141</td><td>RAMIREZ R ROGER JUNIOR</td><td>OPERADOR SALA DE CONTROL I</td><td>Gerencia de Operaciones</td><td>02:35:49</td></tr></tbody><tr><th align="left" colspan="6">Trabajadores que ingresaron a la empresa por Control de Acceso: 1</th></tr></table><br><br><table width="100%" border="1" style="font-size:12px">
					                                    <tr>
					                                        <td colspan="5" align="center"><b>Total de trabajadores que ingresaron  a la empresa: 10</b></td>
					                                    </tr>
					                          </table><table width="100%" border="1"><thead>
				    <tr>
					<td colspan="5" align="center">
					    <h2><b>Reporte de entrada del personal del turno: 3, del 10-07-2024 de la Gerencia: Gerencia General Industrial, <br>que ingresaron entre las 13:15:00 y 16:00:00 </b></h2>
					</td>
				    </tr>
					</thead>
						</table>
					<br><br><table width="100%" border="1" style="font-size:12px">
							    		<tr style="background-color:#c8190d;color:#ffffff;">
										<th colspan="5" align="center"><b>Gerencia General Industrial             </b></th>
							    		</tr>
					                    <tr>
					                        <th width="5%">#</th>
					                        <th width="10%">Cedula</th>
					                        <th width="30%">Nombre</th>
					                        <th width="45%">Cargo</th>
					                        <th width="10%">Hora</th>
					                    </tr> 
					        	<tbody><tr style="background-color:#dadae4;"><td>1</td><td>12004850</td><td>JARAMILLO H, ESMELIS</td><td>SUPERVISOR DE LIMPIEZA INDUSTRIAL</td><td>15:09:22</td></tr><tr><td width="5%">2</td><td width="10%">8539547</td><td width="30%">DIAZ, PETRA</td><td width="45%">OBRERO DE LIMPIEZA I</td><td width="10%">15:09:10</td></tr><tr style="background-color:#dadae4;"><td width="5%">3</td><td width="10%">16174514</td><td width="30%">RONDON R, WILMEN</td><td width="45%">TECNICO DE LIMPIEZA INDUSTRIAL II</td><td width="10%">15:09:07</td></tr><tr><td width="5%">4</td><td width="10%">14153508</td><td width="30%">FLORES S, FRANCY</td><td width="45%">SUPERVISOR DE SERVICIOS GENERALES</td><td width="10%">15:01:29</td></tr><tr style="background-color:#dadae4;"><td width="5%">5</td><td width="10%">13091991</td><td width="30%">ABREU R, RENNY</td><td width="45%">MEC DE VEHICULOS Y EQUIPOS MOVILES I</td><td width="10%">14:59:46</td></tr><tr><td colspan="5"><b>Total por Gerencia General Industrial             : 5</b></td></tr> </tbody></table><br><br><table width="100%" border="1" style="font-size:12px"><tr style="background-color:#c8190d;color:#ffffff;"><th colspan="6" align="center">
									    Reporte de entrada del personal Por Control de Acceso 10-07-2024</th></tr><tr>
						                <th width="5%">#</th>
						                <th width="10%">Cedula</th>
						                <th width="22%">Nombre</th>
						                <th width="30%">Cargo</th>
						                <th width="23%">Departamento</th>
						                <th width="10%">Hora</th>
						            </tr>
						            <tbody><tr style="background-color:#dadae4;"><td>1</td><td>28534149</td><td>HERNANDEZ J JOSE ANGEL</td><td>AYUD MEC MANTTO  VEHICULOS Y EQUIP MOVIL</td><td>Servicios Generales</td><td>03:00:55</td></tr><tr><td>2</td><td>17431014</td><td>CISNEROS G KARINET DEL VA</td><td>OBRERO DE LIMPIEZA I</td><td>Servicios Generales</td><td>03:02:07</td></tr></tbody><tr><th align="left" colspan="6">Trabajadores que ingresaron a la empresa por Control de Acceso: 2</th></tr></table><br><br><table width="100%" border="1" style="font-size:12px">
					                                    <tr>
					                                        <td colspan="5" align="center"><b>Total de trabajadores que ingresaron  a la empresa: 7</b></td>
					                                    </tr>
					                          </table><table width="100%" border="1"><thead>
				    <tr>
					<td colspan="5" align="center">
					    <h2><b>Reporte de entrada del personal del turno: 3, del 10-07-2024 de la Gerencia: Gerencia de Seguridad y Salud Laboral, <br>que ingresaron entre las 13:15:00 y 16:00:00 </b></h2>
					</td>
				    </tr>
					</thead>
						</table>
					<br><br><table width="100%" border="1" style="font-size:12px">
							    		<tr style="background-color:#c8190d;color:#ffffff;">
										<th colspan="5" align="center"><b>Gerencia de Seguridad y Salud Laboral   </b></th>
							    		</tr>
					                    <tr>
					                        <th width="5%">#</th>
					                        <th width="10%">Cedula</th>
					                        <th width="30%">Nombre</th>
					                        <th width="45%">Cargo</th>
					                        <th width="10%">Hora</th>
					                    </tr> 
					        	<tbody><tr style="background-color:#dadae4;"><td>1</td><td>17631900</td><td>SAN LUIS A, RODMERY</td><td>TECNICO DE CONTROL DE EMERGENCIAS I</td><td>15:01:18</td></tr><tr><td width="5%">2</td><td width="10%">16163530</td><td width="30%">ESTANGA M, CARLOS</td><td width="45%">OPERADOR  DE CONTROL DE EMERGENCIA I</td><td width="10%">14:52:12</td></tr><tr style="background-color:#dadae4;"><td width="5%">3</td><td width="10%">17430117</td><td width="30%">MEDINA R, DHALEIZA</td><td width="45%">TECNICO DE HIGIENE Y SEGURIDAD I</td><td width="10%">15:09:03</td></tr><tr><td width="5%">4</td><td width="10%">18623503</td><td width="30%">GARCIA F, MARIAN</td><td width="45%">ENFERMERA I</td><td width="10%">14:55:24</td></tr><tr><td colspan="5"><b>Total por Gerencia de Seguridad y Salud Laboral   : 4</b></td></tr> </tbody></table><br><br><table width="100%" border="1" style="font-size:12px"><tr style="background-color:#c8190d;color:#ffffff;"><th colspan="6" align="center">
									    Reporte de entrada del personal Por Control de Acceso 10-07-2024</th></tr><tr>
						                <th width="5%">#</th>
						                <th width="10%">Cedula</th>
						                <th width="22%">Nombre</th>
						                <th width="30%">Cargo</th>
						                <th width="23%">Departamento</th>
						                <th width="10%">Hora</th>
						            </tr>
						            <tbody></tbody><tr><th align="left" colspan="6">Trabajadores que ingresaron a la empresa por Control de Acceso: 0</th></tr></table><br><br><table width="100%" border="1" style="font-size:12px">
					                                    <tr>
					                                        <td colspan="5" align="center"><b>Total de trabajadores que ingresaron  a la empresa: 4</b></td>
					                                    </tr>
					                          </table><table width="100%" border="1"><thead>
				    <tr>
					<td colspan="5" align="center">
					    <h2><b>Reporte de entrada del personal del turno: 3, del 10-07-2024 de la Gerencia: Gerencia de Abastecimiento, <br>que ingresaron entre las 13:15:00 y 16:00:00 </b></h2>
					</td>
				    </tr>
					</thead>
						</table>
					<br><br><table width="100%" border="1" style="font-size:12px">
							    		<tr style="background-color:#c8190d;color:#ffffff;">
										<th colspan="5" align="center"><b>Gerencia de Abastecimiento              </b></th>
							    		</tr>
					                    <tr>
					                        <th width="5%">#</th>
					                        <th width="10%">Cedula</th>
					                        <th width="30%">Nombre</th>
					                        <th width="45%">Cargo</th>
					                        <th width="10%">Hora</th>
					                    </tr> 
					        	<tbody><tr style="background-color:#dadae4;"><td>1</td><td>5212833</td><td>CORONADO, JOSE</td><td>ALMACENISTA I</td><td>15:14:51</td></tr><tr><td colspan="5"><b>Total por Gerencia de Abastecimiento              : 1</b></td></tr> </tbody></table><br><br><table width="100%" border="1" style="font-size:12px"><tr style="background-color:#c8190d;color:#ffffff;"><th colspan="6" align="center">
									    Reporte de entrada del personal Por Control de Acceso 10-07-2024</th></tr><tr>
						                <th width="5%">#</th>
						                <th width="10%">Cedula</th>
						                <th width="22%">Nombre</th>
						                <th width="30%">Cargo</th>
						                <th width="23%">Departamento</th>
						                <th width="10%">Hora</th>
						            </tr>
						            <tbody></tbody><tr><th align="left" colspan="6">Trabajadores que ingresaron a la empresa por Control de Acceso: 0</th></tr></table><br><br><table width="100%" border="1" style="font-size:12px">
					                                    <tr>
					                                        <td colspan="5" align="center"><b>Total de trabajadores que ingresaron  a la empresa: 1</b></td>
					                                    </tr>
					                          </table><table width="100%" border="1"><thead>
				    <tr>
					<td colspan="5" align="center">
					    <h2><b>Reporte de entrada del personal del turno: 3, del 10-07-2024 de la Gerencia: Gerencia de Talento Humano, <br>que ingresaron entre las 13:15:00 y 16:00:00 </b></h2>
					</td>
				    </tr>
					</thead>
						</table>
					<tr><td colspan="5"><b>Total por : 0</b></td></tr> </tbody></table><br><br><table width="100%" border="1" style="font-size:12px"><tr style="background-color:#c8190d;color:#ffffff;"><th colspan="6" align="center">
									    Reporte de entrada del personal Por Control de Acceso 10-07-2024</th></tr><tr>
						                <th width="5%">#</th>
						                <th width="10%">Cedula</th>
						                <th width="22%">Nombre</th>
						                <th width="30%">Cargo</th>
						                <th width="23%">Departamento</th>
						                <th width="10%">Hora</th>
						            </tr>
						            <tbody></tbody><tr><th align="left" colspan="6">Trabajadores que ingresaron a la empresa por Control de Acceso: 0</th></tr></table><br><br><table width="100%" border="1" style="font-size:12px">
					                                    <tr>
					                                        <td colspan="5" align="center"><b>Total de trabajadores que ingresaron  a la empresa: 0</b></td>
					                                    </tr>
					                          </table><table width="100%" border="1"><thead>
				    <tr>
					<td colspan="5" align="center">
					    <h2><b>Reporte de entrada del personal del turno: 3, del 10-07-2024 de la Gerencia: Gcia de Planif Gestion e ing Ind, <br>que ingresaron entre las 13:15:00 y 16:00:00 </b></h2>
					</td>
				    </tr>
					</thead>
						</table>
					<tr><td colspan="5"><b>Total por : 0</b></td></tr> </tbody></table><br><br><table width="100%" border="1" style="font-size:12px"><tr style="background-color:#c8190d;color:#ffffff;"><th colspan="6" align="center">
									    Reporte de entrada del personal Por Control de Acceso 10-07-2024</th></tr><tr>
						                <th width="5%">#</th>
						                <th width="10%">Cedula</th>
						                <th width="22%">Nombre</th>
						                <th width="30%">Cargo</th>
						                <th width="23%">Departamento</th>
						                <th width="10%">Hora</th>
						            </tr>
						            <tbody></tbody><tr><th align="left" colspan="6">Trabajadores que ingresaron a la empresa por Control de Acceso: 0</th></tr></table><br><br><table width="100%" border="1" style="font-size:12px">
					                                    <tr>
					                                        <td colspan="5" align="center"><b>Total de trabajadores que ingresaron  a la empresa: 0</b></td>
					                                    </tr>
					                          </table><table width="100%" border="1"><thead>
				    <tr>
					<td colspan="5" align="center">
					    <h2><b>Reporte de entrada del personal del turno: 3, del 10-07-2024 de la Gerencia: Gerencia Proyectos Ing. de Planta, <br>que ingresaron entre las 13:15:00 y 16:00:00 </b></h2>
					</td>
				    </tr>
					</thead>
						</table>
					<tr><td colspan="5"><b>Total por : 0</b></td></tr> </tbody></table><br><br><table width="100%" border="1" style="font-size:12px"><tr style="background-color:#c8190d;color:#ffffff;"><th colspan="6" align="center">
									    Reporte de entrada del personal Por Control de Acceso 10-07-2024</th></tr><tr>
						                <th width="5%">#</th>
						                <th width="10%">Cedula</th>
						                <th width="22%">Nombre</th>
						                <th width="30%">Cargo</th>
						                <th width="23%">Departamento</th>
						                <th width="10%">Hora</th>
						            </tr>
						            <tbody></tbody><tr><th align="left" colspan="6">Trabajadores que ingresaron a la empresa por Control de Acceso: 0</th></tr></table><br><br><table width="100%" border="1" style="font-size:12px">
					                                    <tr>
					                                        <td colspan="5" align="center"><b>Total de trabajadores que ingresaron  a la empresa: 0</b></td>
					                                    </tr>
					                          </table><table width="100%" border="1"><thead>
				    <tr>
					<td colspan="5" align="center">
					    <h2><b>Reporte de entrada del personal del turno: 3, del 10-07-2024 de la Gerencia: Gcia Relaciones Instit y Desarrollo Endo, <br>que ingresaron entre las 13:15:00 y 16:00:00 </b></h2>
					</td>
				    </tr>
					</thead>
						</table>
					<tr><td colspan="5"><b>Total por : 0</b></td></tr> </tbody></table><br><br><table width="100%" border="1" style="font-size:12px"><tr style="background-color:#c8190d;color:#ffffff;"><th colspan="6" align="center">
									    Reporte de entrada del personal Por Control de Acceso 10-07-2024</th></tr><tr>
						                <th width="5%">#</th>
						                <th width="10%">Cedula</th>
						                <th width="22%">Nombre</th>
						                <th width="30%">Cargo</th>
						                <th width="23%">Departamento</th>
						                <th width="10%">Hora</th>
						            </tr>
						            <tbody></tbody><tr><th align="left" colspan="6">Trabajadores que ingresaron a la empresa por Control de Acceso: 0</th></tr></table><br><br><table width="100%" border="1" style="font-size:12px">
					                                    <tr>
					                                        <td colspan="5" align="center"><b>Total de trabajadores que ingresaron  a la empresa: 0</b></td>
					                                    </tr>
					                          </table><table width="100%" border="1"><thead>
				    <tr>
					<td colspan="5" align="center">
					    <h2><b>Reporte de entrada del personal del turno: 3, del 10-07-2024 de la Gerencia: Gerencia de Calidad y Log√≠stica, <br>que ingresaron entre las 13:15:00 y 16:00:00 </b></h2>
					</td>
				    </tr>
					</thead>
						</table>
					<br><br><table width="100%" border="1" style="font-size:12px">
							    		<tr style="background-color:#c8190d;color:#ffffff;">
										<th colspan="5" align="center"><b>Gerencia de Calidad y LogÌstica         </b></th>
							    		</tr>
					                    <tr>
					                        <th width="5%">#</th>
					                        <th width="10%">Cedula</th>
					                        <th width="30%">Nombre</th>
					                        <th width="45%">Cargo</th>
					                        <th width="10%">Hora</th>
					                    </tr> 
					        	<tbody><tr style="background-color:#dadae4;"><td>1</td><td>17432619</td><td>MAURERA V, FELIPE</td><td>TECNICO DE LABORATORIO FISICO III</td><td>15:01:21</td></tr><tr><td width="5%">2</td><td width="10%">9950980</td><td width="30%">MORENO A, EDGAR</td><td width="45%">OPERADOR DE BALANZA I</td><td width="10%">15:14:58</td></tr><tr style="background-color:#dadae4;"><td width="5%">3</td><td width="10%">5902312</td><td width="30%">CARRION R, BASILIO</td><td width="45%">OPERADOR DE DESPACHO DE MATERIALES I</td><td width="10%">15:09:19</td></tr><tr><td colspan="5"><b>Total por Gerencia de Calidad y LogÌstica         : 3</b></td></tr> </tbody></table><br><br><table width="100%" border="1" style="font-size:12px"><tr style="background-color:#c8190d;color:#ffffff;"><th colspan="6" align="center">
									    Reporte de entrada del personal Por Control de Acceso 10-07-2024</th></tr><tr>
						                <th width="5%">#</th>
						                <th width="10%">Cedula</th>
						                <th width="22%">Nombre</th>
						                <th width="30%">Cargo</th>
						                <th width="23%">Departamento</th>
						                <th width="10%">Hora</th>
						            </tr>
						            <tbody></tbody><tr><th align="left" colspan="6">Trabajadores que ingresaron a la empresa por Control de Acceso: 0</th></tr></table><br><br><table width="100%" border="1" style="font-size:12px">
					                                    <tr>
					                                        <td colspan="5" align="center"><b>Total de trabajadores que ingresaron  a la empresa: 3</b></td>
					                                    </tr>
					                          </table><table width="100%" border="1"><thead>
				    <tr>
					<td colspan="5" align="center">
					    <h2><b>Reporte de entrada del personal del turno: 3, del 10-07-2024 de la Gerencia: Gerencia General de Administraci√≥n, <br>que ingresaron entre las 13:15:00 y 16:00:00 </b></h2>
					</td>
				    </tr>
					</thead>
						</table>
					<tr><td colspan="5"><b>Total por : 0</b></td></tr> </tbody></table><br><br><table width="100%" border="1" style="font-size:12px"><tr style="background-color:#c8190d;color:#ffffff;"><th colspan="6" align="center">
									    Reporte de entrada del personal Por Control de Acceso 10-07-2024</th></tr><tr>
						                <th width="5%">#</th>
						                <th width="10%">Cedula</th>
						                <th width="22%">Nombre</th>
						                <th width="30%">Cargo</th>
						                <th width="23%">Departamento</th>
						                <th width="10%">Hora</th>
						            </tr>
						            <tbody></tbody><tr><th align="left" colspan="6">Trabajadores que ingresaron a la empresa por Control de Acceso: 0</th></tr></table><br><br><table width="100%" border="1" style="font-size:12px">
					                                    <tr>
					                                        <td colspan="5" align="center"><b>Total de trabajadores que ingresaron  a la empresa: 0</b></td>
					                                    </tr>
					                          </table><table width="100%" border="1"><thead>
				    <tr>
					<td colspan="5" align="center">
					    <h2><b>Reporte de entrada del personal del turno: 3, del 10-07-2024 de la Gerencia: Gerencia de Administraci√≥n y Finanzas   , <br>que ingresaron entre las 13:15:00 y 16:00:00 </b></h2>
					</td>
				    </tr>
					</thead>
						</table>
					<tr><td colspan="5"><b>Total por : 0</b></td></tr> </tbody></table><br><br><table width="100%" border="1" style="font-size:12px"><tr style="background-color:#c8190d;color:#ffffff;"><th colspan="6" align="center">
									    Reporte de entrada del personal Por Control de Acceso 10-07-2024</th></tr><tr>
						                <th width="5%">#</th>
						                <th width="10%">Cedula</th>
						                <th width="22%">Nombre</th>
						                <th width="30%">Cargo</th>
						                <th width="23%">Departamento</th>
						                <th width="10%">Hora</th>
						            </tr>
						            <tbody></tbody><tr><th align="left" colspan="6">Trabajadores que ingresaron a la empresa por Control de Acceso: 0</th></tr></table><br><br><table width="100%" border="1" style="font-size:12px">
					                                    <tr>
					                                        <td colspan="5" align="center"><b>Total de trabajadores que ingresaron  a la empresa: 0</b></td>
					                                    </tr>
					                          </table>